Building DAG of jobs...
Using shell: /usr/bin/bash
Provided cluster nodes: 6
Job counts:
	count	jobs
	1	all
	6	filter_uncorrected
	6	htseq
	6	rcorrector
	6	star
	6	trimming
	31

[Sat Jul 25 21:01:28 2020]
rule rcorrector:
    input: /30days/uqakaraw/FASTQDIR_never_DELETE/swan/swaninfected03_1.fastq.gz, /30days/uqakaraw/FASTQDIR_never_DELETE/swan/swaninfected03_2.fastq.gz
    output: results/rcorrector/swaninfected03/swaninfected03_1.cor.fq.gz, results/rcorrector/swaninfected03/swaninfected03_2.cor.fq.gz
    jobid: 27
    wildcards: smp=swaninfected03
    threads: 20

 run_rcorrector.pl -od results/rcorrector/swaninfected03 -t 20 -1 /30days/uqakaraw/FASTQDIR_never_DELETE/swan/swaninfected03_1.fastq.gz -2 /30days/uqakaraw/FASTQDIR_never_DELETE/swan/swaninfected03_2.fastq.gz 
Submitted job 27 with external jobid '322117.tinmgr2'.

[Sat Jul 25 21:01:28 2020]
rule rcorrector:
    input: /30days/uqakaraw/FASTQDIR_never_DELETE/swan/swancontrol03_1.fastq.gz, /30days/uqakaraw/FASTQDIR_never_DELETE/swan/swancontrol03_2.fastq.gz
    output: results/rcorrector/swancontrol03/swancontrol03_1.cor.fq.gz, results/rcorrector/swancontrol03/swancontrol03_2.cor.fq.gz
    jobid: 29
    wildcards: smp=swancontrol03
    threads: 20

 run_rcorrector.pl -od results/rcorrector/swancontrol03 -t 20 -1 /30days/uqakaraw/FASTQDIR_never_DELETE/swan/swancontrol03_1.fastq.gz -2 /30days/uqakaraw/FASTQDIR_never_DELETE/swan/swancontrol03_2.fastq.gz 
Submitted job 29 with external jobid '322118.tinmgr2'.

[Sat Jul 25 21:01:29 2020]
rule rcorrector:
    input: /30days/uqakaraw/FASTQDIR_never_DELETE/swan/swaninfected01_1.fastq.gz, /30days/uqakaraw/FASTQDIR_never_DELETE/swan/swaninfected01_2.fastq.gz
    output: results/rcorrector/swaninfected01/swaninfected01_1.cor.fq.gz, results/rcorrector/swaninfected01/swaninfected01_2.cor.fq.gz
    jobid: 26
    wildcards: smp=swaninfected01
    threads: 20

 run_rcorrector.pl -od results/rcorrector/swaninfected01 -t 20 -1 /30days/uqakaraw/FASTQDIR_never_DELETE/swan/swaninfected01_1.fastq.gz -2 /30days/uqakaraw/FASTQDIR_never_DELETE/swan/swaninfected01_2.fastq.gz 
Submitted job 26 with external jobid '322119.tinmgr2'.

[Sat Jul 25 21:01:29 2020]
rule rcorrector:
    input: /30days/uqakaraw/FASTQDIR_never_DELETE/swan/swancontrol02_1.fastq.gz, /30days/uqakaraw/FASTQDIR_never_DELETE/swan/swancontrol02_2.fastq.gz
    output: results/rcorrector/swancontrol02/swancontrol02_1.cor.fq.gz, results/rcorrector/swancontrol02/swancontrol02_2.cor.fq.gz
    jobid: 28
    wildcards: smp=swancontrol02
    threads: 20

 run_rcorrector.pl -od results/rcorrector/swancontrol02 -t 20 -1 /30days/uqakaraw/FASTQDIR_never_DELETE/swan/swancontrol02_1.fastq.gz -2 /30days/uqakaraw/FASTQDIR_never_DELETE/swan/swancontrol02_2.fastq.gz 
Submitted job 28 with external jobid '322120.tinmgr2'.

[Sat Jul 25 21:01:30 2020]
rule rcorrector:
    input: /30days/uqakaraw/FASTQDIR_never_DELETE/swan/swaninfected02_1.fastq.gz, /30days/uqakaraw/FASTQDIR_never_DELETE/swan/swaninfected02_2.fastq.gz
    output: results/rcorrector/swaninfected02/swaninfected02_1.cor.fq.gz, results/rcorrector/swaninfected02/swaninfected02_2.cor.fq.gz
    jobid: 30
    wildcards: smp=swaninfected02
    threads: 20

 run_rcorrector.pl -od results/rcorrector/swaninfected02 -t 20 -1 /30days/uqakaraw/FASTQDIR_never_DELETE/swan/swaninfected02_1.fastq.gz -2 /30days/uqakaraw/FASTQDIR_never_DELETE/swan/swaninfected02_2.fastq.gz 
Submitted job 30 with external jobid '322121.tinmgr2'.

[Sat Jul 25 21:01:30 2020]
rule rcorrector:
    input: /30days/uqakaraw/FASTQDIR_never_DELETE/swan/swancontrol01_1.fastq.gz, /30days/uqakaraw/FASTQDIR_never_DELETE/swan/swancontrol01_2.fastq.gz
    output: results/rcorrector/swancontrol01/swancontrol01_1.cor.fq.gz, results/rcorrector/swancontrol01/swancontrol01_2.cor.fq.gz
    jobid: 25
    wildcards: smp=swancontrol01
    threads: 20

 run_rcorrector.pl -od results/rcorrector/swancontrol01 -t 20 -1 /30days/uqakaraw/FASTQDIR_never_DELETE/swan/swancontrol01_1.fastq.gz -2 /30days/uqakaraw/FASTQDIR_never_DELETE/swan/swancontrol01_2.fastq.gz 
Submitted job 25 with external jobid '322122.tinmgr2'.
[Sun Jul 26 00:13:28 2020]
Finished job 30.
1 of 31 steps (3%) done

[Sun Jul 26 00:13:28 2020]
rule filter_uncorrected:
    input: results/rcorrector/swaninfected02/swaninfected02_1.cor.fq.gz, results/rcorrector/swaninfected02/swaninfected02_2.cor.fq.gz
    output: results/swaninfected02_filter/unfixrm_swaninfected02_1.cor.fq, results/swaninfected02_filter/unfixrm_swaninfected02_2.cor.fq
    jobid: 24
    wildcards: smp=swaninfected02

 mkdir -p results/swaninfected02_filter && FilterUncorrectabledPEfastq.py -1 results/rcorrector/swaninfected02/swaninfected02_1.cor.fq.gz -2 results/rcorrector/swaninfected02/swaninfected02_2.cor.fq.gz && mv unfixrm_swaninfected02_1.cor.fq unfixrm_swaninfected02_2.cor.fq results/swaninfected02_filter
Submitted job 24 with external jobid '322144.tinmgr2'.
[Sun Jul 26 00:21:59 2020]
Finished job 28.
2 of 31 steps (6%) done

[Sun Jul 26 00:21:59 2020]
rule filter_uncorrected:
    input: results/rcorrector/swancontrol02/swancontrol02_1.cor.fq.gz, results/rcorrector/swancontrol02/swancontrol02_2.cor.fq.gz
    output: results/swancontrol02_filter/unfixrm_swancontrol02_1.cor.fq, results/swancontrol02_filter/unfixrm_swancontrol02_2.cor.fq
    jobid: 22
    wildcards: smp=swancontrol02

 mkdir -p results/swancontrol02_filter && FilterUncorrectabledPEfastq.py -1 results/rcorrector/swancontrol02/swancontrol02_1.cor.fq.gz -2 results/rcorrector/swancontrol02/swancontrol02_2.cor.fq.gz && mv unfixrm_swancontrol02_1.cor.fq unfixrm_swancontrol02_2.cor.fq results/swancontrol02_filter
Submitted job 22 with external jobid '322145.tinmgr2'.
Removing temporary output file results/rcorrector/swaninfected02/swaninfected02_1.cor.fq.gz.
Removing temporary output file results/rcorrector/swaninfected02/swaninfected02_2.cor.fq.gz.
[Sun Jul 26 00:48:30 2020]
Finished job 24.
3 of 31 steps (10%) done

[Sun Jul 26 00:48:30 2020]
Job 18: --- Trimming.

trim_galore --paired --retain_unpaired --phred33 --basename swaninfected02 -j 20 --output_dir results/trimmed/swaninfected02 --length 36 -q 5 --stringency 1 -e 0.1 results/swaninfected02_filter/unfixrm_swaninfected02_1.cor.fq results/swaninfected02_filter/unfixrm_swaninfected02_2.cor.fq > output.out 2>&1
Submitted job 18 with external jobid '322146.tinmgr2'.
[Sun Jul 26 00:50:41 2020]
Finished job 27.
4 of 31 steps (13%) done

[Sun Jul 26 00:50:41 2020]
rule filter_uncorrected:
    input: results/rcorrector/swaninfected03/swaninfected03_1.cor.fq.gz, results/rcorrector/swaninfected03/swaninfected03_2.cor.fq.gz
    output: results/swaninfected03_filter/unfixrm_swaninfected03_1.cor.fq, results/swaninfected03_filter/unfixrm_swaninfected03_2.cor.fq
    jobid: 21
    wildcards: smp=swaninfected03

 mkdir -p results/swaninfected03_filter && FilterUncorrectabledPEfastq.py -1 results/rcorrector/swaninfected03/swaninfected03_1.cor.fq.gz -2 results/rcorrector/swaninfected03/swaninfected03_2.cor.fq.gz && mv unfixrm_swaninfected03_1.cor.fq unfixrm_swaninfected03_2.cor.fq results/swaninfected03_filter
Submitted job 21 with external jobid '322147.tinmgr2'.
Removing temporary output file results/rcorrector/swancontrol02/swancontrol02_2.cor.fq.gz.
Removing temporary output file results/rcorrector/swancontrol02/swancontrol02_1.cor.fq.gz.
[Sun Jul 26 00:53:51 2020]
Finished job 22.
5 of 31 steps (16%) done

[Sun Jul 26 00:53:51 2020]
Job 16: --- Trimming.

trim_galore --paired --retain_unpaired --phred33 --basename swancontrol02 -j 20 --output_dir results/trimmed/swancontrol02 --length 36 -q 5 --stringency 1 -e 0.1 results/swancontrol02_filter/unfixrm_swancontrol02_1.cor.fq results/swancontrol02_filter/unfixrm_swancontrol02_2.cor.fq > output.out 2>&1
Removing temporary output file results/swaninfected02_filter/unfixrm_swaninfected02_1.cor.fq.
Removing temporary output file results/swaninfected02_filter/unfixrm_swaninfected02_2.cor.fq.
[Sun Jul 26 00:53:52 2020]
Finished job 18.
6 of 31 steps (19%) done
Submitted job 16 with external jobid '322148.tinmgr2'.

[Sun Jul 26 00:53:57 2020]
rule star:
    input: results/trimmed/swaninfected02/swaninfected02_val_1.fq, results/trimmed/swaninfected02/swaninfected02_val_2.fq
    output: results/STAR_bam/swaninfected02Aligned.sortedByCoord.out.bam
    jobid: 12
    wildcards: smp=swaninfected02
    threads: 20

STAR --runMode alignReads --runThreadN 20 --genomeDir /30days/uqakaraw/swan/swan --readFilesIn results/trimmed/swaninfected02/swaninfected02_val_1.fq results/trimmed/swaninfected02/swaninfected02_val_2.fq --outSAMtype BAM SortedByCoordinate --outFileNamePrefix results/STAR_bam/swaninfected02
Submitted job 12 with external jobid '322149.tinmgr2'.
[Sun Jul 26 00:58:52 2020]
Finished job 26.
7 of 31 steps (23%) done

[Sun Jul 26 00:58:52 2020]
rule filter_uncorrected:
    input: results/rcorrector/swaninfected01/swaninfected01_1.cor.fq.gz, results/rcorrector/swaninfected01/swaninfected01_2.cor.fq.gz
    output: results/swaninfected01_filter/unfixrm_swaninfected01_1.cor.fq, results/swaninfected01_filter/unfixrm_swaninfected01_2.cor.fq
    jobid: 20
    wildcards: smp=swaninfected01

 mkdir -p results/swaninfected01_filter && FilterUncorrectabledPEfastq.py -1 results/rcorrector/swaninfected01/swaninfected01_1.cor.fq.gz -2 results/rcorrector/swaninfected01/swaninfected01_2.cor.fq.gz && mv unfixrm_swaninfected01_1.cor.fq unfixrm_swaninfected01_2.cor.fq results/swaninfected01_filter
Removing temporary output file results/swancontrol02_filter/unfixrm_swancontrol02_2.cor.fq.
Removing temporary output file results/swancontrol02_filter/unfixrm_swancontrol02_1.cor.fq.
[Sun Jul 26 00:58:52 2020]
Finished job 16.
8 of 31 steps (26%) done
Submitted job 20 with external jobid '322150.tinmgr2'.

[Sun Jul 26 00:58:52 2020]
rule star:
    input: results/trimmed/swancontrol02/swancontrol02_val_1.fq, results/trimmed/swancontrol02/swancontrol02_val_2.fq
    output: results/STAR_bam/swancontrol02Aligned.sortedByCoord.out.bam
    jobid: 10
    wildcards: smp=swancontrol02
    threads: 20

STAR --runMode alignReads --runThreadN 20 --genomeDir /30days/uqakaraw/swan/swan --readFilesIn results/trimmed/swancontrol02/swancontrol02_val_1.fq results/trimmed/swancontrol02/swancontrol02_val_2.fq --outSAMtype BAM SortedByCoordinate --outFileNamePrefix results/STAR_bam/swancontrol02
Submitted job 10 with external jobid '322151.tinmgr2'.
Removing temporary output file results/rcorrector/swaninfected03/swaninfected03_1.cor.fq.gz.
Removing temporary output file results/rcorrector/swaninfected03/swaninfected03_2.cor.fq.gz.
[Sun Jul 26 01:09:13 2020]
Finished job 21.
9 of 31 steps (29%) done

[Sun Jul 26 01:09:13 2020]
Job 15: --- Trimming.

trim_galore --paired --retain_unpaired --phred33 --basename swaninfected03 -j 20 --output_dir results/trimmed/swaninfected03 --length 36 -q 5 --stringency 1 -e 0.1 results/swaninfected03_filter/unfixrm_swaninfected03_1.cor.fq results/swaninfected03_filter/unfixrm_swaninfected03_2.cor.fq > output.out 2>&1
Submitted job 15 with external jobid '322176.tinmgr2'.
Removing temporary output file results/rcorrector/swaninfected01/swaninfected01_2.cor.fq.gz.
Removing temporary output file results/rcorrector/swaninfected01/swaninfected01_1.cor.fq.gz.
[Sun Jul 26 01:14:33 2020]
Finished job 20.
10 of 31 steps (32%) done

[Sun Jul 26 01:14:33 2020]
Job 14: --- Trimming.

trim_galore --paired --retain_unpaired --phred33 --basename swaninfected01 -j 20 --output_dir results/trimmed/swaninfected01 --length 36 -q 5 --stringency 1 -e 0.1 results/swaninfected01_filter/unfixrm_swaninfected01_1.cor.fq results/swaninfected01_filter/unfixrm_swaninfected01_2.cor.fq > output.out 2>&1
Submitted job 14 with external jobid '322177.tinmgr2'.
[Sun Jul 26 01:15:13 2020]
Finished job 12.
11 of 31 steps (35%) done

[Sun Jul 26 01:15:13 2020]
rule htseq:
    input: results/STAR_bam/swaninfected02Aligned.sortedByCoord.out.bam, /30days/uqakaraw/swan/blackswan_isoseq.gtf
    output: htseq/swaninfected02.tsv, htseq/log/swaninfected02.err
    jobid: 6
    wildcards: smp=swaninfected02

htseq-count -f bam --order=name --nonunique=all -s yes -a 20 -t CDS -i gene_id -m intersection-strict results/STAR_bam/swaninfected02Aligned.sortedByCoord.out.bam /30days/uqakaraw/swan/blackswan_isoseq.gtf > htseq/swaninfected02.tsv 2> htseq/log/swaninfected02.err
Submitted job 6 with external jobid '322178.tinmgr2'.
Removing temporary output file results/swaninfected03_filter/unfixrm_swaninfected03_2.cor.fq.
Removing temporary output file results/swaninfected03_filter/unfixrm_swaninfected03_1.cor.fq.
[Sun Jul 26 01:20:33 2020]
Finished job 15.
12 of 31 steps (39%) done

[Sun Jul 26 01:20:33 2020]
rule star:
    input: results/trimmed/swaninfected03/swaninfected03_val_1.fq, results/trimmed/swaninfected03/swaninfected03_val_2.fq
    output: results/STAR_bam/swaninfected03Aligned.sortedByCoord.out.bam
    jobid: 9
    wildcards: smp=swaninfected03
    threads: 20

STAR --runMode alignReads --runThreadN 20 --genomeDir /30days/uqakaraw/swan/swan --readFilesIn results/trimmed/swaninfected03/swaninfected03_val_1.fq results/trimmed/swaninfected03/swaninfected03_val_2.fq --outSAMtype BAM SortedByCoordinate --outFileNamePrefix results/STAR_bam/swaninfected03
Submitted job 9 with external jobid '322179.tinmgr2'.
Removing temporary output file results/swaninfected01_filter/unfixrm_swaninfected01_2.cor.fq.
Removing temporary output file results/swaninfected01_filter/unfixrm_swaninfected01_1.cor.fq.
[Sun Jul 26 01:20:43 2020]
Finished job 14.
13 of 31 steps (42%) done

[Sun Jul 26 01:20:43 2020]
rule star:
    input: results/trimmed/swaninfected01/swaninfected01_val_1.fq, results/trimmed/swaninfected01/swaninfected01_val_2.fq
    output: results/STAR_bam/swaninfected01Aligned.sortedByCoord.out.bam
    jobid: 8
    wildcards: smp=swaninfected01
    threads: 20

STAR --runMode alignReads --runThreadN 20 --genomeDir /30days/uqakaraw/swan/swan --readFilesIn results/trimmed/swaninfected01/swaninfected01_val_1.fq results/trimmed/swaninfected01/swaninfected01_val_2.fq --outSAMtype BAM SortedByCoordinate --outFileNamePrefix results/STAR_bam/swaninfected01
Submitted job 8 with external jobid '322180.tinmgr2'.
[Sun Jul 26 01:27:54 2020]
Finished job 10.
14 of 31 steps (45%) done

[Sun Jul 26 01:27:54 2020]
rule htseq:
    input: results/STAR_bam/swancontrol02Aligned.sortedByCoord.out.bam, /30days/uqakaraw/swan/blackswan_isoseq.gtf
    output: htseq/swancontrol02.tsv, htseq/log/swancontrol02.err
    jobid: 4
    wildcards: smp=swancontrol02

htseq-count -f bam --order=name --nonunique=all -s yes -a 20 -t CDS -i gene_id -m intersection-strict results/STAR_bam/swancontrol02Aligned.sortedByCoord.out.bam /30days/uqakaraw/swan/blackswan_isoseq.gtf > htseq/swancontrol02.tsv 2> htseq/log/swancontrol02.err
Submitted job 4 with external jobid '322190.tinmgr2'.
[Sun Jul 26 01:28:24 2020]
Finished job 25.
15 of 31 steps (48%) done

[Sun Jul 26 01:28:24 2020]
rule filter_uncorrected:
    input: results/rcorrector/swancontrol01/swancontrol01_1.cor.fq.gz, results/rcorrector/swancontrol01/swancontrol01_2.cor.fq.gz
    output: results/swancontrol01_filter/unfixrm_swancontrol01_1.cor.fq, results/swancontrol01_filter/unfixrm_swancontrol01_2.cor.fq
    jobid: 19
    wildcards: smp=swancontrol01

 mkdir -p results/swancontrol01_filter && FilterUncorrectabledPEfastq.py -1 results/rcorrector/swancontrol01/swancontrol01_1.cor.fq.gz -2 results/rcorrector/swancontrol01/swancontrol01_2.cor.fq.gz && mv unfixrm_swancontrol01_1.cor.fq unfixrm_swancontrol01_2.cor.fq results/swancontrol01_filter
Submitted job 19 with external jobid '322191.tinmgr2'.
[Sun Jul 26 01:42:45 2020]
Finished job 9.
16 of 31 steps (52%) done

[Sun Jul 26 01:42:45 2020]
rule htseq:
    input: results/STAR_bam/swaninfected03Aligned.sortedByCoord.out.bam, /30days/uqakaraw/swan/blackswan_isoseq.gtf
    output: htseq/swaninfected03.tsv, htseq/log/swaninfected03.err
    jobid: 3
    wildcards: smp=swaninfected03

htseq-count -f bam --order=name --nonunique=all -s yes -a 20 -t CDS -i gene_id -m intersection-strict results/STAR_bam/swaninfected03Aligned.sortedByCoord.out.bam /30days/uqakaraw/swan/blackswan_isoseq.gtf > htseq/swaninfected03.tsv 2> htseq/log/swaninfected03.err
Submitted job 3 with external jobid '322192.tinmgr2'.
[Sun Jul 26 01:43:45 2020]
Finished job 8.
17 of 31 steps (55%) done

[Sun Jul 26 01:43:45 2020]
rule htseq:
    input: results/STAR_bam/swaninfected01Aligned.sortedByCoord.out.bam, /30days/uqakaraw/swan/blackswan_isoseq.gtf
    output: htseq/swaninfected01.tsv, htseq/log/swaninfected01.err
    jobid: 2
    wildcards: smp=swaninfected01

htseq-count -f bam --order=name --nonunique=all -s yes -a 20 -t CDS -i gene_id -m intersection-strict results/STAR_bam/swaninfected01Aligned.sortedByCoord.out.bam /30days/uqakaraw/swan/blackswan_isoseq.gtf > htseq/swaninfected01.tsv 2> htseq/log/swaninfected01.err
Submitted job 2 with external jobid '322193.tinmgr2'.
Removing temporary output file results/rcorrector/swancontrol01/swancontrol01_1.cor.fq.gz.
Removing temporary output file results/rcorrector/swancontrol01/swancontrol01_2.cor.fq.gz.
[Sun Jul 26 02:03:16 2020]
Finished job 19.
18 of 31 steps (58%) done

[Sun Jul 26 02:03:16 2020]
Job 13: --- Trimming.

trim_galore --paired --retain_unpaired --phred33 --basename swancontrol01 -j 20 --output_dir results/trimmed/swancontrol01 --length 36 -q 5 --stringency 1 -e 0.1 results/swancontrol01_filter/unfixrm_swancontrol01_1.cor.fq results/swancontrol01_filter/unfixrm_swancontrol01_2.cor.fq > output.out 2>&1
Submitted job 13 with external jobid '322194.tinmgr2'.
[Sun Jul 26 02:11:37 2020]
Finished job 29.
19 of 31 steps (61%) done

[Sun Jul 26 02:11:37 2020]
rule filter_uncorrected:
    input: results/rcorrector/swancontrol03/swancontrol03_1.cor.fq.gz, results/rcorrector/swancontrol03/swancontrol03_2.cor.fq.gz
    output: results/swancontrol03_filter/unfixrm_swancontrol03_1.cor.fq, results/swancontrol03_filter/unfixrm_swancontrol03_2.cor.fq
    jobid: 23
    wildcards: smp=swancontrol03

 mkdir -p results/swancontrol03_filter && FilterUncorrectabledPEfastq.py -1 results/rcorrector/swancontrol03/swancontrol03_1.cor.fq.gz -2 results/rcorrector/swancontrol03/swancontrol03_2.cor.fq.gz && mv unfixrm_swancontrol03_1.cor.fq unfixrm_swancontrol03_2.cor.fq results/swancontrol03_filter
Submitted job 23 with external jobid '322195.tinmgr2'.
Removing temporary output file results/swancontrol01_filter/unfixrm_swancontrol01_2.cor.fq.
Removing temporary output file results/swancontrol01_filter/unfixrm_swancontrol01_1.cor.fq.
[Sun Jul 26 02:17:07 2020]
Finished job 13.
20 of 31 steps (65%) done

[Sun Jul 26 02:17:07 2020]
rule star:
    input: results/trimmed/swancontrol01/swancontrol01_val_1.fq, results/trimmed/swancontrol01/swancontrol01_val_2.fq
    output: results/STAR_bam/swancontrol01Aligned.sortedByCoord.out.bam
    jobid: 7
    wildcards: smp=swancontrol01
    threads: 20

STAR --runMode alignReads --runThreadN 20 --genomeDir /30days/uqakaraw/swan/swan --readFilesIn results/trimmed/swancontrol01/swancontrol01_val_1.fq results/trimmed/swancontrol01/swancontrol01_val_2.fq --outSAMtype BAM SortedByCoordinate --outFileNamePrefix results/STAR_bam/swancontrol01
Submitted job 7 with external jobid '322196.tinmgr2'.
[Sun Jul 26 02:20:58 2020]
Finished job 6.
21 of 31 steps (68%) done
Removing temporary output file results/rcorrector/swancontrol03/swancontrol03_1.cor.fq.gz.
Removing temporary output file results/rcorrector/swancontrol03/swancontrol03_2.cor.fq.gz.
[Sun Jul 26 02:37:29 2020]
Finished job 23.
22 of 31 steps (71%) done

[Sun Jul 26 02:37:29 2020]
Job 17: --- Trimming.

trim_galore --paired --retain_unpaired --phred33 --basename swancontrol03 -j 20 --output_dir results/trimmed/swancontrol03 --length 36 -q 5 --stringency 1 -e 0.1 results/swancontrol03_filter/unfixrm_swancontrol03_1.cor.fq results/swancontrol03_filter/unfixrm_swancontrol03_2.cor.fq > output.out 2>&1
[Sun Jul 26 02:37:29 2020]
Finished job 7.
23 of 31 steps (74%) done
Submitted job 17 with external jobid '322197.tinmgr2'.

[Sun Jul 26 02:37:30 2020]
rule htseq:
    input: results/STAR_bam/swancontrol01Aligned.sortedByCoord.out.bam, /30days/uqakaraw/swan/blackswan_isoseq.gtf
    output: htseq/swancontrol01.tsv, htseq/log/swancontrol01.err
    jobid: 1
    wildcards: smp=swancontrol01

htseq-count -f bam --order=name --nonunique=all -s yes -a 20 -t CDS -i gene_id -m intersection-strict results/STAR_bam/swancontrol01Aligned.sortedByCoord.out.bam /30days/uqakaraw/swan/blackswan_isoseq.gtf > htseq/swancontrol01.tsv 2> htseq/log/swancontrol01.err
Submitted job 1 with external jobid '322198.tinmgr2'.
Removing temporary output file results/swancontrol03_filter/unfixrm_swancontrol03_1.cor.fq.
Removing temporary output file results/swancontrol03_filter/unfixrm_swancontrol03_2.cor.fq.
[Sun Jul 26 02:43:49 2020]
Finished job 17.
24 of 31 steps (77%) done

[Sun Jul 26 02:43:49 2020]
rule star:
    input: results/trimmed/swancontrol03/swancontrol03_val_1.fq, results/trimmed/swancontrol03/swancontrol03_val_2.fq
    output: results/STAR_bam/swancontrol03Aligned.sortedByCoord.out.bam
    jobid: 11
    wildcards: smp=swancontrol03
    threads: 20

STAR --runMode alignReads --runThreadN 20 --genomeDir /30days/uqakaraw/swan/swan --readFilesIn results/trimmed/swancontrol03/swancontrol03_val_1.fq results/trimmed/swancontrol03/swancontrol03_val_2.fq --outSAMtype BAM SortedByCoordinate --outFileNamePrefix results/STAR_bam/swancontrol03
Submitted job 11 with external jobid '322199.tinmgr2'.
[Sun Jul 26 02:45:39 2020]
Finished job 3.
25 of 31 steps (81%) done
[Sun Jul 26 02:56:00 2020]
Finished job 4.
26 of 31 steps (84%) done
[Sun Jul 26 02:56:30 2020]
Finished job 2.
27 of 31 steps (87%) done
[Sun Jul 26 03:00:41 2020]
Finished job 11.
28 of 31 steps (90%) done

[Sun Jul 26 03:00:41 2020]
rule htseq:
    input: results/STAR_bam/swancontrol03Aligned.sortedByCoord.out.bam, /30days/uqakaraw/swan/blackswan_isoseq.gtf
    output: htseq/swancontrol03.tsv, htseq/log/swancontrol03.err
    jobid: 5
    wildcards: smp=swancontrol03

htseq-count -f bam --order=name --nonunique=all -s yes -a 20 -t CDS -i gene_id -m intersection-strict results/STAR_bam/swancontrol03Aligned.sortedByCoord.out.bam /30days/uqakaraw/swan/blackswan_isoseq.gtf > htseq/swancontrol03.tsv 2> htseq/log/swancontrol03.err
Submitted job 5 with external jobid '322200.tinmgr2'.
[Sun Jul 26 04:24:06 2020]
Finished job 1.
29 of 31 steps (94%) done
[Sun Jul 26 05:00:28 2020]
Finished job 5.
30 of 31 steps (97%) done

[Sun Jul 26 05:00:28 2020]
localrule all:
    input: htseq/swancontrol01.tsv, htseq/swaninfected01.tsv, htseq/swaninfected03.tsv, htseq/swancontrol02.tsv, htseq/swancontrol03.tsv, htseq/swaninfected02.tsv
    jobid: 0

[Sun Jul 26 05:00:28 2020]
Finished job 0.
31 of 31 steps (100%) done
Complete log: /gpfs1/scratch/30days/uqakaraw/76.RNAseq_Infection/swan/.snakemake/log/2020-07-25T210128.361727.snakemake.log
