Building DAG of jobs...
Using shell: /usr/bin/bash
Provided cluster nodes: 6
Job counts:
	count	jobs
	1	all
	6	filter_uncorrected
	6	htseq
	6	rcorrector
	6	star
	6	trimming
	31

[Sun May 24 23:42:21 2020]
rule rcorrector:
    input: /30days/uqakaraw/FASTQDIR_never_DELETE/swan/swaninfected01_1.fastq.gz, /30days/uqakaraw/FASTQDIR_never_DELETE/swan/swaninfected01_2.fastq.gz
    output: results/rcorrector/swaninfected01/swaninfected01_1.cor.fq.gz, results/rcorrector/swaninfected01/swaninfected01_2.cor.fq.gz
    jobid: 26
    wildcards: smp=swaninfected01
    threads: 20

Submitted job 26 with external jobid '217163.tinmgr2'.

[Sun May 24 23:42:21 2020]
rule rcorrector:
    input: /30days/uqakaraw/FASTQDIR_never_DELETE/swan/swancontrol01_1.fastq.gz, /30days/uqakaraw/FASTQDIR_never_DELETE/swan/swancontrol01_2.fastq.gz
    output: results/rcorrector/swancontrol01/swancontrol01_1.cor.fq.gz, results/rcorrector/swancontrol01/swancontrol01_2.cor.fq.gz
    jobid: 25
    wildcards: smp=swancontrol01
    threads: 20

Submitted job 25 with external jobid '217164.tinmgr2'.

[Sun May 24 23:42:21 2020]
rule rcorrector:
    input: /30days/uqakaraw/FASTQDIR_never_DELETE/swan/swancontrol03_1.fastq.gz, /30days/uqakaraw/FASTQDIR_never_DELETE/swan/swancontrol03_2.fastq.gz
    output: results/rcorrector/swancontrol03/swancontrol03_1.cor.fq.gz, results/rcorrector/swancontrol03/swancontrol03_2.cor.fq.gz
    jobid: 29
    wildcards: smp=swancontrol03
    threads: 20

Submitted job 29 with external jobid '217165.tinmgr2'.

[Sun May 24 23:42:21 2020]
rule rcorrector:
    input: /30days/uqakaraw/FASTQDIR_never_DELETE/swan/swaninfected02_1.fastq.gz, /30days/uqakaraw/FASTQDIR_never_DELETE/swan/swaninfected02_2.fastq.gz
    output: results/rcorrector/swaninfected02/swaninfected02_1.cor.fq.gz, results/rcorrector/swaninfected02/swaninfected02_2.cor.fq.gz
    jobid: 30
    wildcards: smp=swaninfected02
    threads: 20

Submitted job 30 with external jobid '217166.tinmgr2'.

[Sun May 24 23:42:21 2020]
rule rcorrector:
    input: /30days/uqakaraw/FASTQDIR_never_DELETE/swan/swancontrol02_1.fastq.gz, /30days/uqakaraw/FASTQDIR_never_DELETE/swan/swancontrol02_2.fastq.gz
    output: results/rcorrector/swancontrol02/swancontrol02_1.cor.fq.gz, results/rcorrector/swancontrol02/swancontrol02_2.cor.fq.gz
    jobid: 28
    wildcards: smp=swancontrol02
    threads: 20

Submitted job 28 with external jobid '217167.tinmgr2'.

[Sun May 24 23:42:21 2020]
rule rcorrector:
    input: /30days/uqakaraw/FASTQDIR_never_DELETE/swan/swaninfected03_1.fastq.gz, /30days/uqakaraw/FASTQDIR_never_DELETE/swan/swaninfected03_2.fastq.gz
    output: results/rcorrector/swaninfected03/swaninfected03_1.cor.fq.gz, results/rcorrector/swaninfected03/swaninfected03_2.cor.fq.gz
    jobid: 27
    wildcards: smp=swaninfected03
    threads: 20

Submitted job 27 with external jobid '217168.tinmgr2'.
[Mon May 25 02:57:32 2020]
Finished job 30.
1 of 31 steps (3%) done

[Mon May 25 02:57:32 2020]
rule filter_uncorrected:
    input: results/rcorrector/swaninfected02/swaninfected02_1.cor.fq.gz, results/rcorrector/swaninfected02/swaninfected02_2.cor.fq.gz
    output: results/swaninfected02_filter/unfixrm_swaninfected02_1.cor.fq, results/swaninfected02_filter/unfixrm_swaninfected02_2.cor.fq
    jobid: 24
    wildcards: smp=swaninfected02

Submitted job 24 with external jobid '217282.tinmgr2'.
[Mon May 25 03:02:12 2020]
Finished job 28.
2 of 31 steps (6%) done

[Mon May 25 03:02:12 2020]
rule filter_uncorrected:
    input: results/rcorrector/swancontrol02/swancontrol02_1.cor.fq.gz, results/rcorrector/swancontrol02/swancontrol02_2.cor.fq.gz
    output: results/swancontrol02_filter/unfixrm_swancontrol02_1.cor.fq, results/swancontrol02_filter/unfixrm_swancontrol02_2.cor.fq
    jobid: 22
    wildcards: smp=swancontrol02

Submitted job 22 with external jobid '217283.tinmgr2'.
[Mon May 25 03:13:13 2020]
Finished job 27.
3 of 31 steps (10%) done

[Mon May 25 03:13:13 2020]
rule filter_uncorrected:
    input: results/rcorrector/swaninfected03/swaninfected03_1.cor.fq.gz, results/rcorrector/swaninfected03/swaninfected03_2.cor.fq.gz
    output: results/swaninfected03_filter/unfixrm_swaninfected03_1.cor.fq, results/swaninfected03_filter/unfixrm_swaninfected03_2.cor.fq
    jobid: 21
    wildcards: smp=swaninfected03

Submitted job 21 with external jobid '217284.tinmgr2'.
[Mon May 25 03:15:43 2020]
Finished job 24.
4 of 31 steps (13%) done

[Mon May 25 03:15:43 2020]
Job 18: --- Trimming.

Submitted job 18 with external jobid '217285.tinmgr2'.
[Mon May 25 03:19:40 2020]
Finished job 22.
5 of 31 steps (16%) done

[Mon May 25 03:19:40 2020]
Job 16: --- Trimming.

Submitted job 16 with external jobid '217286.tinmgr2'.
Removing temporary output file results/swaninfected02_filter/unfixrm_swaninfected02_1.cor.fq.
Removing temporary output file results/swaninfected02_filter/unfixrm_swaninfected02_2.cor.fq.
[Mon May 25 03:21:50 2020]
Finished job 18.
6 of 31 steps (19%) done

[Mon May 25 03:21:50 2020]
rule star:
    input: results/trimmed/swaninfected02/swaninfected02_val_1.fq, results/trimmed/swaninfected02/swaninfected02_val_2.fq
    output: results/STAR_bam/swaninfected02Aligned.sortedByCoord.out.bam
    jobid: 12
    wildcards: smp=swaninfected02
    threads: 20

Submitted job 12 with external jobid '217287.tinmgr2'.
Removing temporary output file results/swancontrol02_filter/unfixrm_swancontrol02_2.cor.fq.
Removing temporary output file results/swancontrol02_filter/unfixrm_swancontrol02_1.cor.fq.
[Mon May 25 03:25:21 2020]
Finished job 16.
7 of 31 steps (23%) done

[Mon May 25 03:25:21 2020]
rule star:
    input: results/trimmed/swancontrol02/swancontrol02_val_1.fq, results/trimmed/swancontrol02/swancontrol02_val_2.fq
    output: results/STAR_bam/swancontrol02Aligned.sortedByCoord.out.bam
    jobid: 10
    wildcards: smp=swancontrol02
    threads: 20

Submitted job 10 with external jobid '217289.tinmgr2'.
[Mon May 25 03:34:01 2020]
Finished job 21.
8 of 31 steps (26%) done

[Mon May 25 03:34:01 2020]
Job 15: --- Trimming.

Submitted job 15 with external jobid '217290.tinmgr2'.
[Mon May 25 03:38:31 2020]
Finished job 26.
9 of 31 steps (29%) done

[Mon May 25 03:38:31 2020]
rule filter_uncorrected:
    input: results/rcorrector/swaninfected01/swaninfected01_1.cor.fq.gz, results/rcorrector/swaninfected01/swaninfected01_2.cor.fq.gz
    output: results/swaninfected01_filter/unfixrm_swaninfected01_1.cor.fq, results/swaninfected01_filter/unfixrm_swaninfected01_2.cor.fq
    jobid: 20
    wildcards: smp=swaninfected01

Submitted job 20 with external jobid '217291.tinmgr2'.
Removing temporary output file results/swaninfected03_filter/unfixrm_swaninfected03_1.cor.fq.
Removing temporary output file results/swaninfected03_filter/unfixrm_swaninfected03_2.cor.fq.
[Mon May 25 03:39:51 2020]
Finished job 15.
10 of 31 steps (32%) done

[Mon May 25 03:39:51 2020]
rule star:
    input: results/trimmed/swaninfected03/swaninfected03_val_1.fq, results/trimmed/swaninfected03/swaninfected03_val_2.fq
    output: results/STAR_bam/swaninfected03Aligned.sortedByCoord.out.bam
    jobid: 9
    wildcards: smp=swaninfected03
    threads: 20

Submitted job 9 with external jobid '217292.tinmgr2'.
[Mon May 25 03:44:12 2020]
Finished job 10.
11 of 31 steps (35%) done

[Mon May 25 03:44:12 2020]
rule htseq:
    input: results/STAR_bam/swancontrol02Aligned.sortedByCoord.out.bam, /30days/uqakaraw/swan/blackswan_isoseq.gtf
    output: htseq/swancontrol02.tsv, htseq/log/swancontrol02.err
    jobid: 4
    wildcards: smp=swancontrol02

Submitted job 4 with external jobid '217294.tinmgr2'.
[Mon May 25 03:46:52 2020]
Finished job 12.
12 of 31 steps (39%) done

[Mon May 25 03:46:52 2020]
rule htseq:
    input: results/STAR_bam/swaninfected02Aligned.sortedByCoord.out.bam, /30days/uqakaraw/swan/blackswan_isoseq.gtf
    output: htseq/swaninfected02.tsv, htseq/log/swaninfected02.err
    jobid: 6
    wildcards: smp=swaninfected02

Submitted job 6 with external jobid '217296.tinmgr2'.
[Mon May 25 03:55:13 2020]
Finished job 20.
13 of 31 steps (42%) done

[Mon May 25 03:55:13 2020]
Job 14: --- Trimming.

Submitted job 14 with external jobid '217297.tinmgr2'.
Removing temporary output file results/swaninfected01_filter/unfixrm_swaninfected01_2.cor.fq.
Removing temporary output file results/swaninfected01_filter/unfixrm_swaninfected01_1.cor.fq.
[Mon May 25 04:00:23 2020]
Finished job 14.
14 of 31 steps (45%) done

[Mon May 25 04:00:23 2020]
rule star:
    input: results/trimmed/swaninfected01/swaninfected01_val_1.fq, results/trimmed/swaninfected01/swaninfected01_val_2.fq
    output: results/STAR_bam/swaninfected01Aligned.sortedByCoord.out.bam
    jobid: 8
    wildcards: smp=swaninfected01
    threads: 20

Submitted job 8 with external jobid '217298.tinmgr2'.
[Mon May 25 04:04:13 2020]
Finished job 9.
15 of 31 steps (48%) done

[Mon May 25 04:04:13 2020]
rule htseq:
    input: results/STAR_bam/swaninfected03Aligned.sortedByCoord.out.bam, /30days/uqakaraw/swan/blackswan_isoseq.gtf
    output: htseq/swaninfected03.tsv, htseq/log/swaninfected03.err
    jobid: 3
    wildcards: smp=swaninfected03

Submitted job 3 with external jobid '217299.tinmgr2'.
[Mon May 25 04:10:34 2020]
Finished job 25.
16 of 31 steps (52%) done

[Mon May 25 04:10:34 2020]
rule filter_uncorrected:
    input: results/rcorrector/swancontrol01/swancontrol01_1.cor.fq.gz, results/rcorrector/swancontrol01/swancontrol01_2.cor.fq.gz
    output: results/swancontrol01_filter/unfixrm_swancontrol01_1.cor.fq, results/swancontrol01_filter/unfixrm_swancontrol01_2.cor.fq
    jobid: 19
    wildcards: smp=swancontrol01

Submitted job 19 with external jobid '217301.tinmgr2'.
[Mon May 25 04:20:54 2020]
Finished job 8.
17 of 31 steps (55%) done

[Mon May 25 04:20:54 2020]
rule htseq:
    input: results/STAR_bam/swaninfected01Aligned.sortedByCoord.out.bam, /30days/uqakaraw/swan/blackswan_isoseq.gtf
    output: htseq/swaninfected01.tsv, htseq/log/swaninfected01.err
    jobid: 2
    wildcards: smp=swaninfected01

Submitted job 2 with external jobid '217302.tinmgr2'.
[Mon May 25 04:30:45 2020]
Finished job 19.
18 of 31 steps (58%) done

[Mon May 25 04:30:45 2020]
Job 13: --- Trimming.

Submitted job 13 with external jobid '217303.tinmgr2'.
Removing temporary output file results/swancontrol01_filter/unfixrm_swancontrol01_2.cor.fq.
Removing temporary output file results/swancontrol01_filter/unfixrm_swancontrol01_1.cor.fq.
[Mon May 25 04:36:15 2020]
Finished job 13.
19 of 31 steps (61%) done

[Mon May 25 04:36:15 2020]
rule star:
    input: results/trimmed/swancontrol01/swancontrol01_val_1.fq, results/trimmed/swancontrol01/swancontrol01_val_2.fq
    output: results/STAR_bam/swancontrol01Aligned.sortedByCoord.out.bam
    jobid: 7
    wildcards: smp=swancontrol01
    threads: 20

Submitted job 7 with external jobid '217304.tinmgr2'.
[Mon May 25 04:53:57 2020]
Finished job 6.
20 of 31 steps (65%) done
[Mon May 25 04:55:27 2020]
Finished job 7.
21 of 31 steps (68%) done

[Mon May 25 04:55:27 2020]
rule htseq:
    input: results/STAR_bam/swancontrol01Aligned.sortedByCoord.out.bam, /30days/uqakaraw/swan/blackswan_isoseq.gtf
    output: htseq/swancontrol01.tsv, htseq/log/swancontrol01.err
    jobid: 1
    wildcards: smp=swancontrol01

Submitted job 1 with external jobid '217305.tinmgr2'.
[Mon May 25 05:02:37 2020]
Finished job 29.
22 of 31 steps (71%) done

[Mon May 25 05:02:37 2020]
rule filter_uncorrected:
    input: results/rcorrector/swancontrol03/swancontrol03_1.cor.fq.gz, results/rcorrector/swancontrol03/swancontrol03_2.cor.fq.gz
    output: results/swancontrol03_filter/unfixrm_swancontrol03_1.cor.fq, results/swancontrol03_filter/unfixrm_swancontrol03_2.cor.fq
    jobid: 23
    wildcards: smp=swancontrol03

Submitted job 23 with external jobid '217306.tinmgr2'.
[Mon May 25 05:10:08 2020]
Finished job 3.
23 of 31 steps (74%) done
[Mon May 25 05:15:28 2020]
Finished job 4.
24 of 31 steps (77%) done
[Mon May 25 05:18:18 2020]
Finished job 2.
25 of 31 steps (81%) done
[Mon May 25 05:23:29 2020]
Finished job 23.
26 of 31 steps (84%) done

[Mon May 25 05:23:29 2020]
Job 17: --- Trimming.

Submitted job 17 with external jobid '217308.tinmgr2'.
Removing temporary output file results/swancontrol03_filter/unfixrm_swancontrol03_1.cor.fq.
Removing temporary output file results/swancontrol03_filter/unfixrm_swancontrol03_2.cor.fq.
[Mon May 25 05:29:19 2020]
Finished job 17.
27 of 31 steps (87%) done

[Mon May 25 05:29:19 2020]
rule star:
    input: results/trimmed/swancontrol03/swancontrol03_val_1.fq, results/trimmed/swancontrol03/swancontrol03_val_2.fq
    output: results/STAR_bam/swancontrol03Aligned.sortedByCoord.out.bam
    jobid: 11
    wildcards: smp=swancontrol03
    threads: 20

Submitted job 11 with external jobid '217309.tinmgr2'.
[Mon May 25 05:50:31 2020]
Finished job 11.
28 of 31 steps (90%) done

[Mon May 25 05:50:31 2020]
rule htseq:
    input: results/STAR_bam/swancontrol03Aligned.sortedByCoord.out.bam, /30days/uqakaraw/swan/blackswan_isoseq.gtf
    output: htseq/swancontrol03.tsv, htseq/log/swancontrol03.err
    jobid: 5
    wildcards: smp=swancontrol03

Submitted job 5 with external jobid '217310.tinmgr2'.
[Mon May 25 06:42:04 2020]
Finished job 1.
29 of 31 steps (94%) done
[Mon May 25 07:45:27 2020]
Finished job 5.
30 of 31 steps (97%) done

[Mon May 25 07:45:27 2020]
localrule all:
    input: htseq/swancontrol01.tsv, htseq/swaninfected01.tsv, htseq/swaninfected03.tsv, htseq/swancontrol02.tsv, htseq/swancontrol03.tsv, htseq/swaninfected02.tsv
    jobid: 0

[Mon May 25 07:45:27 2020]
Finished job 0.
31 of 31 steps (100%) done
Complete log: /gpfs1/scratch/30days/uqakaraw/76.RNAseq_Infection/swan/.snakemake/log/2020-05-24T234221.098326.snakemake.log
