Building DAG of jobs...
Using shell: /usr/bin/bash
Provided cluster nodes: 6
Job counts:
	count	jobs
	1	all
	5	fastqc2
	6	htseq
	5	rmbadreads
	5	star
	6	stringtie01
	6	stringtie02
	6	stringtie_merge
	3	trimming
	43

[Mon Apr 13 17:47:05 2020]
Job 37: --- Quality check of raw data with Fastqc

Submitted job 37 with external jobid '186620.tinmgr2'.

[Mon Apr 13 17:47:05 2020]
Job 44: --- Trimming.

Submitted job 44 with external jobid '186621.tinmgr2'.

[Mon Apr 13 17:47:05 2020]
Job 35: --- Trimming.

Submitted job 35 with external jobid '186622.tinmgr2'.

[Mon Apr 13 17:47:05 2020]
rule htseq:
    input: results/STAR_bam/swancontrol02Aligned.sortedByCoord.out.bam, /30days/uqakaraw/swan/blackswan.gtf
    output: htseq/swancontrol02.tsv, htseq/log/swancontrol02.err
    jobid: 42
    wildcards: smp=swancontrol02

Submitted job 42 with external jobid '186623.tinmgr2'.

[Mon Apr 13 17:47:05 2020]
Job 46: --- Quality check of raw data with Fastqc

Submitted job 46 with external jobid '186624.tinmgr2'.

[Mon Apr 13 17:47:05 2020]
Job 32: --- Trimming.

Submitted job 32 with external jobid '186625.tinmgr2'.
[Mon Apr 13 18:19:38 2020]
Finished job 46.
1 of 43 steps (2%) done

[Mon Apr 13 18:19:38 2020]
rule rmbadreads:
    input: fastqc2/swaninfected02/swaninfected02_val_1_fastqc/fastqc_data.txt, fastqc2/swaninfected02/swaninfected02_val_2_fastqc/fastqc_data.txt, results/trimmed/swaninfected02/swaninfected02_val_1.fq, results/trimmed/swaninfected02/swaninfected02_val_2.fq
    output: star_input/rmoverrep_swaninfected02_val_1.fq, star_input/rmoverrep_swaninfected02_val_2.fq
    jobid: 29
    wildcards: smp=swaninfected02

Submitted job 29 with external jobid '186627.tinmgr2'.
[Mon Apr 13 18:19:48 2020]
Finished job 37.
2 of 43 steps (5%) done

[Mon Apr 13 18:19:48 2020]
rule rmbadreads:
    input: fastqc2/swaninfected03/swaninfected03_val_1_fastqc/fastqc_data.txt, fastqc2/swaninfected03/swaninfected03_val_2_fastqc/fastqc_data.txt, results/trimmed/swaninfected03/swaninfected03_val_1.fq, results/trimmed/swaninfected03/swaninfected03_val_2.fq
    output: star_input/rmoverrep_swaninfected03_val_1.fq, star_input/rmoverrep_swaninfected03_val_2.fq
    jobid: 23
    wildcards: smp=swaninfected03

Submitted job 23 with external jobid '186628.tinmgr2'.
Removing temporary output file results/swaninfected01_filter/unfixrm_swaninfected01_1.cor.fq.
Removing temporary output file results/swaninfected01_filter/unfixrm_swaninfected01_2.cor.fq.
[Mon Apr 13 18:21:19 2020]
Finished job 35.
3 of 43 steps (7%) done

[Mon Apr 13 18:21:19 2020]
Job 34: --- Quality check of raw data with Fastqc

Submitted job 34 with external jobid '186629.tinmgr2'.
Removing temporary output file results/swancontrol01_filter/unfixrm_swancontrol01_2.cor.fq.
Removing temporary output file results/swancontrol01_filter/unfixrm_swancontrol01_1.cor.fq.
[Mon Apr 13 18:23:59 2020]
Finished job 32.
4 of 43 steps (9%) done

[Mon Apr 13 18:23:59 2020]
Job 31: --- Quality check of raw data with Fastqc

Submitted job 31 with external jobid '186630.tinmgr2'.
Removing temporary output file results/swancontrol03_filter/unfixrm_swancontrol03_1.cor.fq.
Removing temporary output file results/swancontrol03_filter/unfixrm_swancontrol03_2.cor.fq.
[Mon Apr 13 18:24:59 2020]
Finished job 44.
5 of 43 steps (12%) done

[Mon Apr 13 18:24:59 2020]
Job 43: --- Quality check of raw data with Fastqc

Submitted job 43 with external jobid '186631.tinmgr2'.
Removing temporary output file fastqc2/swaninfected02/swaninfected02_val_1_fastqc/fastqc_data.txt.
Removing temporary output file fastqc2/swaninfected02/swaninfected02_val_2_fastqc/fastqc_data.txt.
[Mon Apr 13 18:42:20 2020]
Finished job 29.
6 of 43 steps (14%) done

[Mon Apr 13 18:42:20 2020]
rule star:
    input: star_input/rmoverrep_swaninfected02_val_1.fq, star_input/rmoverrep_swaninfected02_val_2.fq
    output: results/STAR_bam/swaninfected02Aligned.sortedByCoord.out.bam
    jobid: 17
    wildcards: smp=swaninfected02
    threads: 20

Submitted job 17 with external jobid '186634.tinmgr2'.
Removing temporary output file fastqc2/swaninfected03/swaninfected03_val_2_fastqc/fastqc_data.txt.
Removing temporary output file fastqc2/swaninfected03/swaninfected03_val_1_fastqc/fastqc_data.txt.
[Mon Apr 13 18:48:41 2020]
Finished job 23.
7 of 43 steps (16%) done

[Mon Apr 13 18:48:41 2020]
rule star:
    input: star_input/rmoverrep_swaninfected03_val_1.fq, star_input/rmoverrep_swaninfected03_val_2.fq
    output: results/STAR_bam/swaninfected03Aligned.sortedByCoord.out.bam
    jobid: 11
    wildcards: smp=swaninfected03
    threads: 20

Submitted job 11 with external jobid '186635.tinmgr2'.
[Mon Apr 13 18:57:31 2020]
Finished job 34.
8 of 43 steps (19%) done

[Mon Apr 13 18:57:31 2020]
rule rmbadreads:
    input: fastqc2/swaninfected01/swaninfected01_val_1_fastqc/fastqc_data.txt, fastqc2/swaninfected01/swaninfected01_val_2_fastqc/fastqc_data.txt, results/trimmed/swaninfected01/swaninfected01_val_1.fq, results/trimmed/swaninfected01/swaninfected01_val_2.fq
    output: star_input/rmoverrep_swaninfected01_val_1.fq, star_input/rmoverrep_swaninfected01_val_2.fq
    jobid: 21
    wildcards: smp=swaninfected01

Submitted job 21 with external jobid '186639.tinmgr2'.
[Mon Apr 13 19:08:02 2020]
Finished job 31.
9 of 43 steps (21%) done

[Mon Apr 13 19:08:02 2020]
rule rmbadreads:
    input: fastqc2/swancontrol01/swancontrol01_val_1_fastqc/fastqc_data.txt, fastqc2/swancontrol01/swancontrol01_val_2_fastqc/fastqc_data.txt, results/trimmed/swancontrol01/swancontrol01_val_1.fq, results/trimmed/swancontrol01/swancontrol01_val_2.fq
    output: star_input/rmoverrep_swancontrol01_val_1.fq, star_input/rmoverrep_swancontrol01_val_2.fq
    jobid: 19
    wildcards: smp=swancontrol01

Submitted job 19 with external jobid '186647.tinmgr2'.
[Mon Apr 13 19:18:23 2020]
Finished job 43.
10 of 43 steps (23%) done

[Mon Apr 13 19:18:23 2020]
rule rmbadreads:
    input: fastqc2/swancontrol03/swancontrol03_val_1_fastqc/fastqc_data.txt, fastqc2/swancontrol03/swancontrol03_val_2_fastqc/fastqc_data.txt, results/trimmed/swancontrol03/swancontrol03_val_1.fq, results/trimmed/swancontrol03/swancontrol03_val_2.fq
    output: star_input/rmoverrep_swancontrol03_val_1.fq, star_input/rmoverrep_swancontrol03_val_2.fq
    jobid: 27
    wildcards: smp=swancontrol03

Submitted job 27 with external jobid '186649.tinmgr2'.
[Mon Apr 13 19:35:24 2020]
Finished job 42.
11 of 43 steps (26%) done

[Mon Apr 13 19:35:24 2020]
Job 26: --- Diffrential Gene Expression Analysis with Stringtie step 01

Submitted job 26 with external jobid '186651.tinmgr2'.
[Mon Apr 13 19:38:54 2020]
Finished job 17.
12 of 43 steps (28%) done

[Mon Apr 13 19:38:54 2020]
rule htseq:
    input: results/STAR_bam/swaninfected02Aligned.sortedByCoord.out.bam, /30days/uqakaraw/swan/blackswan.gtf
    output: htseq/swaninfected02.tsv, htseq/log/swaninfected02.err
    jobid: 48
    wildcards: smp=swaninfected02

Submitted job 48 with external jobid '186652.tinmgr2'.
[Mon Apr 13 19:59:36 2020]
Finished job 11.
13 of 43 steps (30%) done

[Mon Apr 13 19:59:36 2020]
rule htseq:
    input: results/STAR_bam/swaninfected03Aligned.sortedByCoord.out.bam, /30days/uqakaraw/swan/blackswan.gtf
    output: htseq/swaninfected03.tsv, htseq/log/swaninfected03.err
    jobid: 39
    wildcards: smp=swaninfected03

Submitted job 39 with external jobid '186653.tinmgr2'.
Removing temporary output file fastqc2/swaninfected01/swaninfected01_val_2_fastqc/fastqc_data.txt.
Removing temporary output file fastqc2/swaninfected01/swaninfected01_val_1_fastqc/fastqc_data.txt.
[Mon Apr 13 20:05:16 2020]
Finished job 21.
14 of 43 steps (33%) done

[Mon Apr 13 20:05:16 2020]
rule star:
    input: star_input/rmoverrep_swaninfected01_val_1.fq, star_input/rmoverrep_swaninfected01_val_2.fq
    output: results/STAR_bam/swaninfected01Aligned.sortedByCoord.out.bam
    jobid: 9
    wildcards: smp=swaninfected01
    threads: 20

Submitted job 9 with external jobid '186654.tinmgr2'.
Removing temporary output file fastqc2/swancontrol01/swancontrol01_val_1_fastqc/fastqc_data.txt.
Removing temporary output file fastqc2/swancontrol01/swancontrol01_val_2_fastqc/fastqc_data.txt.
[Mon Apr 13 21:33:42 2020]
Finished job 19.
15 of 43 steps (35%) done

[Mon Apr 13 21:33:42 2020]
rule star:
    input: star_input/rmoverrep_swancontrol01_val_1.fq, star_input/rmoverrep_swancontrol01_val_2.fq
    output: results/STAR_bam/swancontrol01Aligned.sortedByCoord.out.bam
    jobid: 7
    wildcards: smp=swancontrol01
    threads: 20

Submitted job 7 with external jobid '186666.tinmgr2'.
Removing temporary output file fastqc2/swancontrol03/swancontrol03_val_2_fastqc/fastqc_data.txt.
Removing temporary output file fastqc2/swancontrol03/swancontrol03_val_1_fastqc/fastqc_data.txt.
[Mon Apr 13 21:37:22 2020]
Finished job 27.
16 of 43 steps (37%) done

[Mon Apr 13 21:37:22 2020]
rule star:
    input: star_input/rmoverrep_swancontrol03_val_1.fq, star_input/rmoverrep_swancontrol03_val_2.fq
    output: results/STAR_bam/swancontrol03Aligned.sortedByCoord.out.bam
    jobid: 15
    wildcards: smp=swancontrol03
    threads: 20

Submitted job 15 with external jobid '186669.tinmgr2'.
Removing temporary output file star_input/rmoverrep_swancontrol02_val_2.fq.
Removing temporary output file star_input/rmoverrep_swancontrol02_val_1.fq.
[Mon Apr 13 21:38:42 2020]
Finished job 26.
17 of 43 steps (40%) done

[Mon Apr 13 21:38:42 2020]
rule stringtie_merge:
    input: stringtie_tab/swancontrol02.list, /30days/uqakaraw/swan/blackswan.gtf
    output: stringtie_gtf/swancontrol02_merged.gtf
    jobid: 14
    wildcards: smp=swancontrol02

Submitted job 14 with external jobid '186670.tinmgr2'.
[Mon Apr 13 22:41:56 2020]
Finished job 48.
18 of 43 steps (42%) done

[Mon Apr 13 22:41:56 2020]
Job 30: --- Diffrential Gene Expression Analysis with Stringtie step 01

Submitted job 30 with external jobid '186675.tinmgr2'.
[Tue Apr 14 00:12:01 2020]
Finished job 39.
19 of 43 steps (44%) done

[Tue Apr 14 00:12:01 2020]
Job 24: --- Diffrential Gene Expression Analysis with Stringtie step 01

Submitted job 24 with external jobid '186678.tinmgr2'.
[Tue Apr 14 00:42:03 2020]
Finished job 9.
20 of 43 steps (47%) done

[Tue Apr 14 00:42:03 2020]
rule htseq:
    input: results/STAR_bam/swaninfected01Aligned.sortedByCoord.out.bam, /30days/uqakaraw/swan/blackswan.gtf
    output: htseq/swaninfected01.tsv, htseq/log/swaninfected01.err
    jobid: 36
    wildcards: smp=swaninfected01

Submitted job 36 with external jobid '186679.tinmgr2'.
[Tue Apr 14 03:51:34 2020]
Finished job 7.
21 of 43 steps (49%) done

[Tue Apr 14 03:51:34 2020]
rule htseq:
    input: results/STAR_bam/swancontrol01Aligned.sortedByCoord.out.bam, /30days/uqakaraw/swan/blackswan.gtf
    output: htseq/swancontrol01.tsv, htseq/log/swancontrol01.err
    jobid: 33
    wildcards: smp=swancontrol01

Submitted job 33 with external jobid '186682.tinmgr2'.
Removing temporary output file stringtie_tab/swancontrol02.list.
[Tue Apr 14 04:36:37 2020]
Finished job 14.
22 of 43 steps (51%) done

[Tue Apr 14 04:36:37 2020]
Job 4: --- Diffrential Gene Expression Analysis with Stringtie step 02

Submitted job 4 with external jobid '186683.tinmgr2'.
[Tue Apr 14 04:53:28 2020]
Finished job 15.
23 of 43 steps (53%) done

[Tue Apr 14 04:53:28 2020]
rule htseq:
    input: results/STAR_bam/swancontrol03Aligned.sortedByCoord.out.bam, /30days/uqakaraw/swan/blackswan.gtf
    output: htseq/swancontrol03.tsv, htseq/log/swancontrol03.err
    jobid: 45
    wildcards: smp=swancontrol03

Submitted job 45 with external jobid '186684.tinmgr2'.
Removing temporary output file star_input/rmoverrep_swaninfected02_val_2.fq.
Removing temporary output file star_input/rmoverrep_swaninfected02_val_1.fq.
[Tue Apr 14 05:50:31 2020]
Finished job 30.
24 of 43 steps (56%) done

[Tue Apr 14 05:50:31 2020]
rule stringtie_merge:
    input: stringtie_tab/swaninfected02.list, /30days/uqakaraw/swan/blackswan.gtf
    output: stringtie_gtf/swaninfected02_merged.gtf
    jobid: 18
    wildcards: smp=swaninfected02

Submitted job 18 with external jobid '186688.tinmgr2'.
Removing temporary output file star_input/rmoverrep_swaninfected03_val_2.fq.
Removing temporary output file star_input/rmoverrep_swaninfected03_val_1.fq.
[Tue Apr 14 05:55:29 2020]
Finished job 24.
25 of 43 steps (58%) done

[Tue Apr 14 05:55:29 2020]
rule stringtie_merge:
    input: stringtie_tab/swaninfected03.list, /30days/uqakaraw/swan/blackswan.gtf
    output: stringtie_gtf/swaninfected03_merged.gtf
    jobid: 12
    wildcards: smp=swaninfected03

Submitted job 12 with external jobid '186689.tinmgr2'.
Removing temporary output file results/STAR_bam/swancontrol02Aligned.sortedByCoord.out.bam.
[Tue Apr 14 06:37:22 2020]
Finished job 4.
26 of 43 steps (60%) done
[Tue Apr 14 06:53:43 2020]
Finished job 36.
27 of 43 steps (63%) done

[Tue Apr 14 06:53:43 2020]
Job 22: --- Diffrential Gene Expression Analysis with Stringtie step 01

Submitted job 22 with external jobid '186693.tinmgr2'.
Removing temporary output file stringtie_tab/swaninfected02.list.
[Tue Apr 14 07:28:15 2020]
Finished job 18.
28 of 43 steps (65%) done

[Tue Apr 14 07:28:15 2020]
Job 6: --- Diffrential Gene Expression Analysis with Stringtie step 02

Submitted job 6 with external jobid '186696.tinmgr2'.
Removing temporary output file stringtie_tab/swaninfected03.list.
[Tue Apr 14 07:37:16 2020]
Finished job 12.
29 of 43 steps (67%) done

[Tue Apr 14 07:37:16 2020]
Job 3: --- Diffrential Gene Expression Analysis with Stringtie step 02

Submitted job 3 with external jobid '186699.tinmgr2'.
Removing temporary output file star_input/rmoverrep_swaninfected01_val_2.fq.
Removing temporary output file star_input/rmoverrep_swaninfected01_val_1.fq.
[Tue Apr 14 07:46:46 2020]
Finished job 22.
30 of 43 steps (70%) done

[Tue Apr 14 07:46:46 2020]
rule stringtie_merge:
    input: stringtie_tab/swaninfected01.list, /30days/uqakaraw/swan/blackswan.gtf
    output: stringtie_gtf/swaninfected01_merged.gtf
    jobid: 10
    wildcards: smp=swaninfected01

Submitted job 10 with external jobid '186702.tinmgr2'.
Removing temporary output file results/STAR_bam/swaninfected02Aligned.sortedByCoord.out.bam.
[Tue Apr 14 07:51:37 2020]
Finished job 6.
31 of 43 steps (72%) done
[Tue Apr 14 08:07:08 2020]
Finished job 33.
32 of 43 steps (74%) done

[Tue Apr 14 08:07:08 2020]
Job 20: --- Diffrential Gene Expression Analysis with Stringtie step 01

Submitted job 20 with external jobid '186711.tinmgr2'.
Removing temporary output file results/STAR_bam/swaninfected03Aligned.sortedByCoord.out.bam.
[Tue Apr 14 08:16:38 2020]
Finished job 3.
33 of 43 steps (77%) done
[Tue Apr 14 08:26:19 2020]
Finished job 45.
34 of 43 steps (79%) done

[Tue Apr 14 08:26:19 2020]
Job 28: --- Diffrential Gene Expression Analysis with Stringtie step 01

Submitted job 28 with external jobid '186714.tinmgr2'.
Removing temporary output file stringtie_tab/swaninfected01.list.
[Tue Apr 14 08:27:19 2020]
Finished job 10.
35 of 43 steps (81%) done

[Tue Apr 14 08:27:19 2020]
Job 2: --- Diffrential Gene Expression Analysis with Stringtie step 02

Submitted job 2 with external jobid '186716.tinmgr2'.
Removing temporary output file results/STAR_bam/swaninfected01Aligned.sortedByCoord.out.bam.
[Tue Apr 14 08:43:50 2020]
Finished job 2.
36 of 43 steps (84%) done
Removing temporary output file star_input/rmoverrep_swancontrol01_val_1.fq.
Removing temporary output file star_input/rmoverrep_swancontrol01_val_2.fq.
[Tue Apr 14 08:47:30 2020]
Finished job 20.
37 of 43 steps (86%) done

[Tue Apr 14 08:47:30 2020]
rule stringtie_merge:
    input: stringtie_tab/swancontrol01.list, /30days/uqakaraw/swan/blackswan.gtf
    output: stringtie_gtf/swancontrol01_merged.gtf
    jobid: 8
    wildcards: smp=swancontrol01

Submitted job 8 with external jobid '186743.tinmgr2'.
Removing temporary output file star_input/rmoverrep_swancontrol03_val_1.fq.
Removing temporary output file star_input/rmoverrep_swancontrol03_val_2.fq.
[Tue Apr 14 08:53:31 2020]
Finished job 28.
38 of 43 steps (88%) done

[Tue Apr 14 08:53:31 2020]
rule stringtie_merge:
    input: stringtie_tab/swancontrol03.list, /30days/uqakaraw/swan/blackswan.gtf
    output: stringtie_gtf/swancontrol03_merged.gtf
    jobid: 16
    wildcards: smp=swancontrol03

Submitted job 16 with external jobid '186745.tinmgr2'.
Removing temporary output file stringtie_tab/swancontrol01.list.
[Tue Apr 14 14:34:09 2020]
Finished job 8.
39 of 43 steps (91%) done

[Tue Apr 14 14:34:09 2020]
Job 1: --- Diffrential Gene Expression Analysis with Stringtie step 02

Submitted job 1 with external jobid '186895.tinmgr2'.
Removing temporary output file stringtie_tab/swancontrol03.list.
[Tue Apr 14 14:34:20 2020]
Finished job 16.
40 of 43 steps (93%) done

[Tue Apr 14 14:34:20 2020]
Job 5: --- Diffrential Gene Expression Analysis with Stringtie step 02

Submitted job 5 with external jobid '186896.tinmgr2'.
Removing temporary output file results/STAR_bam/swancontrol01Aligned.sortedByCoord.out.bam.
[Tue Apr 14 23:03:37 2020]
Finished job 1.
41 of 43 steps (95%) done
Removing temporary output file results/STAR_bam/swancontrol03Aligned.sortedByCoord.out.bam.
[Tue Apr 14 23:06:27 2020]
Finished job 5.
42 of 43 steps (98%) done

[Tue Apr 14 23:06:27 2020]
localrule all:
    input: stringtie_gtf/swancontrol01.gtf, stringtie_gtf/swaninfected01.gtf, stringtie_gtf/swaninfected03.gtf, stringtie_gtf/swancontrol02.gtf, stringtie_gtf/swancontrol03.gtf, stringtie_gtf/swaninfected02.gtf
    jobid: 0

[Tue Apr 14 23:06:27 2020]
Finished job 0.
43 of 43 steps (100%) done
Complete log: /gpfs1/scratch/30days/uqakaraw/76.RNAseq_Infection/swan/.snakemake/log/2020-04-13T174703.967052.snakemake.log
