Building DAG of jobs...
Using shell: /bin/bash
Provided cores: 2
Rules claiming more threads will be scaled down.
Job counts:
	count	jobs
	1	all
	6	filter_uncorrected
	6	htseq
	6	rcorrector
	6	star
	6	trimming
	31

[Thu Jun  4 05:03:12 2020]
rule rcorrector:
    input: /30days/uqakaraw/FASTQDIR_never_DELETE/swan/swancontrol03_1.fastq.gz, /30days/uqakaraw/FASTQDIR_never_DELETE/swan/swancontrol03_2.fastq.gz
    output: results/rcorrector/swancontrol03/swancontrol03_1.cor.fq.gz, results/rcorrector/swancontrol03/swancontrol03_2.cor.fq.gz
    jobid: 29
    wildcards: smp=swancontrol03
    threads: 2

 run_rcorrector.pl -od results/rcorrector/swancontrol03 -t 2 -1 /30days/uqakaraw/FASTQDIR_never_DELETE/swan/swancontrol03_1.fastq.gz -2 /30days/uqakaraw/FASTQDIR_never_DELETE/swan/swancontrol03_2.fastq.gz 
Terminating processes on user request, this might take some time.
[Thu Jun  4 19:22:31 2020]
Error in rule rcorrector:
    jobid: 29
    output: results/rcorrector/swancontrol03/swancontrol03_1.cor.fq.gz, results/rcorrector/swancontrol03/swancontrol03_2.cor.fq.gz
    shell:
         run_rcorrector.pl -od results/rcorrector/swancontrol03 -t 2 -1 /30days/uqakaraw/FASTQDIR_never_DELETE/swan/swancontrol03_1.fastq.gz -2 /30days/uqakaraw/FASTQDIR_never_DELETE/swan/swancontrol03_2.fastq.gz 
        (one of the commands exited with non-zero exit code; note that snakemake uses bash strict mode!)

Removing output files of failed job rcorrector since they might be corrupted:
results/rcorrector/swancontrol03/swancontrol03_1.cor.fq.gz, results/rcorrector/swancontrol03/swancontrol03_2.cor.fq.gz
Complete log: /gpfs1/scratch/30days/uqakaraw/76.RNAseq_Infection/swan/.snakemake/log/2020-06-04T050312.125829.snakemake.log
