Building DAG of jobs...
Using shell: /usr/bin/bash
Provided cluster nodes: 6
Job counts:
	count	jobs
	1	all
	6	filter_uncorrected
	6	htseq
	6	rcorrector
	6	star
	6	trimming
	31

[Sat Apr 25 00:20:04 2020]
rule rcorrector:
    input: /30days/uqakaraw/FASTQDIR_never_DELETE/swan/swaninfected03_1.fastq.gz, /30days/uqakaraw/FASTQDIR_never_DELETE/swan/swaninfected03_2.fastq.gz
    output: results/rcorrector/swaninfected03/swaninfected03_1.cor.fq.gz, results/rcorrector/swaninfected03/swaninfected03_2.cor.fq.gz
    jobid: 27
    wildcards: smp=swaninfected03
    threads: 20

Submitted job 27 with external jobid '193429.tinmgr2'.

[Sat Apr 25 00:20:04 2020]
rule rcorrector:
    input: /30days/uqakaraw/FASTQDIR_never_DELETE/swan/swancontrol01_1.fastq.gz, /30days/uqakaraw/FASTQDIR_never_DELETE/swan/swancontrol01_2.fastq.gz
    output: results/rcorrector/swancontrol01/swancontrol01_1.cor.fq.gz, results/rcorrector/swancontrol01/swancontrol01_2.cor.fq.gz
    jobid: 25
    wildcards: smp=swancontrol01
    threads: 20

Submitted job 25 with external jobid '193430.tinmgr2'.

[Sat Apr 25 00:20:04 2020]
rule rcorrector:
    input: /30days/uqakaraw/FASTQDIR_never_DELETE/swan/swaninfected02_1.fastq.gz, /30days/uqakaraw/FASTQDIR_never_DELETE/swan/swaninfected02_2.fastq.gz
    output: results/rcorrector/swaninfected02/swaninfected02_1.cor.fq.gz, results/rcorrector/swaninfected02/swaninfected02_2.cor.fq.gz
    jobid: 30
    wildcards: smp=swaninfected02
    threads: 20

Submitted job 30 with external jobid '193431.tinmgr2'.

[Sat Apr 25 00:20:05 2020]
rule rcorrector:
    input: /30days/uqakaraw/FASTQDIR_never_DELETE/swan/swancontrol02_1.fastq.gz, /30days/uqakaraw/FASTQDIR_never_DELETE/swan/swancontrol02_2.fastq.gz
    output: results/rcorrector/swancontrol02/swancontrol02_1.cor.fq.gz, results/rcorrector/swancontrol02/swancontrol02_2.cor.fq.gz
    jobid: 28
    wildcards: smp=swancontrol02
    threads: 20

Submitted job 28 with external jobid '193432.tinmgr2'.

[Sat Apr 25 00:20:05 2020]
rule rcorrector:
    input: /30days/uqakaraw/FASTQDIR_never_DELETE/swan/swancontrol03_1.fastq.gz, /30days/uqakaraw/FASTQDIR_never_DELETE/swan/swancontrol03_2.fastq.gz
    output: results/rcorrector/swancontrol03/swancontrol03_1.cor.fq.gz, results/rcorrector/swancontrol03/swancontrol03_2.cor.fq.gz
    jobid: 29
    wildcards: smp=swancontrol03
    threads: 20

Submitted job 29 with external jobid '193433.tinmgr2'.

[Sat Apr 25 00:20:05 2020]
rule rcorrector:
    input: /30days/uqakaraw/FASTQDIR_never_DELETE/swan/swaninfected01_1.fastq.gz, /30days/uqakaraw/FASTQDIR_never_DELETE/swan/swaninfected01_2.fastq.gz
    output: results/rcorrector/swaninfected01/swaninfected01_1.cor.fq.gz, results/rcorrector/swaninfected01/swaninfected01_2.cor.fq.gz
    jobid: 26
    wildcards: smp=swaninfected01
    threads: 20

Submitted job 26 with external jobid '193434.tinmgr2'.
[Sat Apr 25 05:35:52 2020]
Finished job 27.
1 of 31 steps (3%) done

[Sat Apr 25 05:35:52 2020]
rule filter_uncorrected:
    input: results/rcorrector/swaninfected03/swaninfected03_1.cor.fq.gz, results/rcorrector/swaninfected03/swaninfected03_2.cor.fq.gz
    output: results/swaninfected03_filter/unfixrm_swaninfected03_1.cor.fq, results/swaninfected03_filter/unfixrm_swaninfected03_2.cor.fq
    jobid: 21
    wildcards: smp=swaninfected03

Submitted job 21 with external jobid '193448.tinmgr2'.
[Sat Apr 25 07:39:49 2020]
Finished job 21.
2 of 31 steps (6%) done

[Sat Apr 25 07:39:49 2020]
Job 15: --- Trimming.

Submitted job 15 with external jobid '193456.tinmgr2'.
Removing temporary output file results/swaninfected03_filter/unfixrm_swaninfected03_1.cor.fq.
Removing temporary output file results/swaninfected03_filter/unfixrm_swaninfected03_2.cor.fq.
[Sat Apr 25 08:04:41 2020]
Finished job 15.
3 of 31 steps (10%) done

[Sat Apr 25 08:04:41 2020]
rule star:
    input: results/trimmed/swaninfected03/swaninfected03_val_1.fq, results/trimmed/swaninfected03/swaninfected03_val_2.fq
    output: results/STAR_bam/swaninfected03Aligned.sortedByCoord.out.bam
    jobid: 9
    wildcards: smp=swaninfected03
    threads: 20

Submitted job 9 with external jobid '193457.tinmgr2'.
[Sat Apr 25 09:10:54 2020]
Finished job 30.
4 of 31 steps (13%) done

[Sat Apr 25 09:10:54 2020]
rule filter_uncorrected:
    input: results/rcorrector/swaninfected02/swaninfected02_1.cor.fq.gz, results/rcorrector/swaninfected02/swaninfected02_2.cor.fq.gz
    output: results/swaninfected02_filter/unfixrm_swaninfected02_1.cor.fq, results/swaninfected02_filter/unfixrm_swaninfected02_2.cor.fq
    jobid: 24
    wildcards: smp=swaninfected02

Submitted job 24 with external jobid '193469.tinmgr2'.
[Sat Apr 25 09:19:55 2020]
Finished job 28.
5 of 31 steps (16%) done

[Sat Apr 25 09:19:55 2020]
rule filter_uncorrected:
    input: results/rcorrector/swancontrol02/swancontrol02_1.cor.fq.gz, results/rcorrector/swancontrol02/swancontrol02_2.cor.fq.gz
    output: results/swancontrol02_filter/unfixrm_swancontrol02_1.cor.fq, results/swancontrol02_filter/unfixrm_swancontrol02_2.cor.fq
    jobid: 22
    wildcards: smp=swancontrol02

Submitted job 22 with external jobid '193477.tinmgr2'.
[Sat Apr 25 10:00:47 2020]
Finished job 25.
6 of 31 steps (19%) done

[Sat Apr 25 10:00:47 2020]
rule filter_uncorrected:
    input: results/rcorrector/swancontrol01/swancontrol01_1.cor.fq.gz, results/rcorrector/swancontrol01/swancontrol01_2.cor.fq.gz
    output: results/swancontrol01_filter/unfixrm_swancontrol01_1.cor.fq, results/swancontrol01_filter/unfixrm_swancontrol01_2.cor.fq
    jobid: 19
    wildcards: smp=swancontrol01

Submitted job 19 with external jobid '193480.tinmgr2'.
[Sat Apr 25 10:22:59 2020]
Finished job 26.
7 of 31 steps (23%) done

[Sat Apr 25 10:22:59 2020]
rule filter_uncorrected:
    input: results/rcorrector/swaninfected01/swaninfected01_1.cor.fq.gz, results/rcorrector/swaninfected01/swaninfected01_2.cor.fq.gz
    output: results/swaninfected01_filter/unfixrm_swaninfected01_1.cor.fq, results/swaninfected01_filter/unfixrm_swaninfected01_2.cor.fq
    jobid: 20
    wildcards: smp=swaninfected01

Submitted job 20 with external jobid '193481.tinmgr2'.
[Sat Apr 25 10:42:20 2020]
Finished job 24.
8 of 31 steps (26%) done

[Sat Apr 25 10:42:20 2020]
Job 18: --- Trimming.

Submitted job 18 with external jobid '193495.tinmgr2'.
[Sat Apr 25 11:08:31 2020]
Finished job 22.
9 of 31 steps (29%) done

[Sat Apr 25 11:08:31 2020]
Job 16: --- Trimming.

Submitted job 16 with external jobid '193831.tinmgr2'.
[Sat Apr 25 11:25:43 2020]
Finished job 9.
10 of 31 steps (32%) done

[Sat Apr 25 11:25:43 2020]
rule htseq:
    input: results/STAR_bam/swaninfected03Aligned.sortedByCoord.out.bam, /30days/uqakaraw/swan/blackswan.gtf
    output: htseq/swaninfected03.tsv, htseq/log/swaninfected03.err
    jobid: 3
    wildcards: smp=swaninfected03

Submitted job 3 with external jobid '193833.tinmgr2'.
[Sat Apr 25 12:25:26 2020]
Finished job 19.
11 of 31 steps (35%) done

[Sat Apr 25 12:25:26 2020]
Job 13: --- Trimming.

Submitted job 13 with external jobid '193841.tinmgr2'.
[Sat Apr 25 12:36:46 2020]
Finished job 29.
12 of 31 steps (39%) done

[Sat Apr 25 12:36:46 2020]
rule filter_uncorrected:
    input: results/rcorrector/swancontrol03/swancontrol03_1.cor.fq.gz, results/rcorrector/swancontrol03/swancontrol03_2.cor.fq.gz
    output: results/swancontrol03_filter/unfixrm_swancontrol03_1.cor.fq, results/swancontrol03_filter/unfixrm_swancontrol03_2.cor.fq
    jobid: 23
    wildcards: smp=swancontrol03

Submitted job 23 with external jobid '193843.tinmgr2'.
[Sat Apr 25 16:07:57 2020]
Finished job 20.
13 of 31 steps (42%) done

[Sat Apr 25 16:07:57 2020]
Job 14: --- Trimming.

Submitted job 14 with external jobid '193938.tinmgr2'.
Removing temporary output file results/swaninfected02_filter/unfixrm_swaninfected02_1.cor.fq.
Removing temporary output file results/swaninfected02_filter/unfixrm_swaninfected02_2.cor.fq.
[Sat Apr 25 17:10:41 2020]
Finished job 18.
14 of 31 steps (45%) done

[Sat Apr 25 17:10:41 2020]
rule star:
    input: results/trimmed/swaninfected02/swaninfected02_val_1.fq, results/trimmed/swaninfected02/swaninfected02_val_2.fq
    output: results/STAR_bam/swaninfected02Aligned.sortedByCoord.out.bam
    jobid: 12
    wildcards: smp=swaninfected02
    threads: 20

Submitted job 12 with external jobid '193949.tinmgr2'.
Removing temporary output file results/swancontrol02_filter/unfixrm_swancontrol02_2.cor.fq.
Removing temporary output file results/swancontrol02_filter/unfixrm_swancontrol02_1.cor.fq.
[Sat Apr 25 18:00:53 2020]
Finished job 16.
15 of 31 steps (48%) done

[Sat Apr 25 18:00:53 2020]
rule star:
    input: results/trimmed/swancontrol02/swancontrol02_val_1.fq, results/trimmed/swancontrol02/swancontrol02_val_2.fq
    output: results/STAR_bam/swancontrol02Aligned.sortedByCoord.out.bam
    jobid: 10
    wildcards: smp=swancontrol02
    threads: 20

Submitted job 10 with external jobid '193952.tinmgr2'.
Removing temporary output file results/STAR_bam/swaninfected03Aligned.sortedByCoord.out.bam.
[Sat Apr 25 18:37:55 2020]
Finished job 3.
16 of 31 steps (52%) done
Removing temporary output file results/swancontrol01_filter/unfixrm_swancontrol01_2.cor.fq.
Removing temporary output file results/swancontrol01_filter/unfixrm_swancontrol01_1.cor.fq.
[Sat Apr 25 21:14:12 2020]
Finished job 13.
17 of 31 steps (55%) done

[Sat Apr 25 21:14:12 2020]
rule star:
    input: results/trimmed/swancontrol01/swancontrol01_val_1.fq, results/trimmed/swancontrol01/swancontrol01_val_2.fq
    output: results/STAR_bam/swancontrol01Aligned.sortedByCoord.out.bam
    jobid: 7
    wildcards: smp=swancontrol01
    threads: 20

Submitted job 7 with external jobid '193970.tinmgr2'.
[Sat Apr 25 21:24:43 2020]
Finished job 23.
18 of 31 steps (58%) done

[Sat Apr 25 21:24:43 2020]
Job 17: --- Trimming.

Submitted job 17 with external jobid '193971.tinmgr2'.
Removing temporary output file results/swaninfected01_filter/unfixrm_swaninfected01_1.cor.fq.
Removing temporary output file results/swaninfected01_filter/unfixrm_swaninfected01_2.cor.fq.
[Sat Apr 25 22:15:35 2020]
Finished job 14.
19 of 31 steps (61%) done

[Sat Apr 25 22:15:35 2020]
rule star:
    input: results/trimmed/swaninfected01/swaninfected01_val_1.fq, results/trimmed/swaninfected01/swaninfected01_val_2.fq
    output: results/STAR_bam/swaninfected01Aligned.sortedByCoord.out.bam
    jobid: 8
    wildcards: smp=swaninfected01
    threads: 20

Submitted job 8 with external jobid '193994.tinmgr2'.
[Sat Apr 25 23:29:09 2020]
Finished job 12.
20 of 31 steps (65%) done

[Sat Apr 25 23:29:10 2020]
rule htseq:
    input: results/STAR_bam/swaninfected02Aligned.sortedByCoord.out.bam, /30days/uqakaraw/swan/blackswan.gtf
    output: htseq/swaninfected02.tsv, htseq/log/swaninfected02.err
    jobid: 6
    wildcards: smp=swaninfected02

Submitted job 6 with external jobid '194012.tinmgr2'.
[Sun Apr 26 02:45:11 2020]
Finished job 10.
21 of 31 steps (68%) done

[Sun Apr 26 02:45:11 2020]
rule htseq:
    input: results/STAR_bam/swancontrol02Aligned.sortedByCoord.out.bam, /30days/uqakaraw/swan/blackswan.gtf
    output: htseq/swancontrol02.tsv, htseq/log/swancontrol02.err
    jobid: 4
    wildcards: smp=swancontrol02

Submitted job 4 with external jobid '194026.tinmgr2'.
[Sun Apr 26 02:58:22 2020]
Finished job 7.
22 of 31 steps (71%) done

[Sun Apr 26 02:58:22 2020]
rule htseq:
    input: results/STAR_bam/swancontrol01Aligned.sortedByCoord.out.bam, /30days/uqakaraw/swan/blackswan.gtf
    output: htseq/swancontrol01.tsv, htseq/log/swancontrol01.err
    jobid: 1
    wildcards: smp=swancontrol01

Submitted job 1 with external jobid '194027.tinmgr2'.
Removing temporary output file results/swancontrol03_filter/unfixrm_swancontrol03_1.cor.fq.
Removing temporary output file results/swancontrol03_filter/unfixrm_swancontrol03_2.cor.fq.
[Sun Apr 26 03:42:34 2020]
Finished job 17.
23 of 31 steps (74%) done

[Sun Apr 26 03:42:34 2020]
rule star:
    input: results/trimmed/swancontrol03/swancontrol03_val_1.fq, results/trimmed/swancontrol03/swancontrol03_val_2.fq
    output: results/STAR_bam/swancontrol03Aligned.sortedByCoord.out.bam
    jobid: 11
    wildcards: smp=swancontrol03
    threads: 20

Submitted job 11 with external jobid '194028.tinmgr2'.
Removing temporary output file results/STAR_bam/swaninfected02Aligned.sortedByCoord.out.bam.
[Sun Apr 26 04:13:55 2020]
Finished job 6.
24 of 31 steps (77%) done
[Sun Apr 26 04:41:47 2020]
Finished job 8.
25 of 31 steps (81%) done

[Sun Apr 26 04:41:47 2020]
rule htseq:
    input: results/STAR_bam/swaninfected01Aligned.sortedByCoord.out.bam, /30days/uqakaraw/swan/blackswan.gtf
    output: htseq/swaninfected01.tsv, htseq/log/swaninfected01.err
    jobid: 2
    wildcards: smp=swaninfected01

Submitted job 2 with external jobid '194032.tinmgr2'.
Removing temporary output file results/STAR_bam/swancontrol02Aligned.sortedByCoord.out.bam.
[Sun Apr 26 07:17:16 2020]
Finished job 4.
26 of 31 steps (84%) done
[Sun Apr 26 07:28:37 2020]
Finished job 11.
27 of 31 steps (87%) done

[Sun Apr 26 07:28:37 2020]
rule htseq:
    input: results/STAR_bam/swancontrol03Aligned.sortedByCoord.out.bam, /30days/uqakaraw/swan/blackswan.gtf
    output: htseq/swancontrol03.tsv, htseq/log/swancontrol03.err
    jobid: 5
    wildcards: smp=swancontrol03

Submitted job 5 with external jobid '194041.tinmgr2'.
Removing temporary output file results/STAR_bam/swancontrol01Aligned.sortedByCoord.out.bam.
[Sun Apr 26 07:37:38 2020]
Finished job 1.
28 of 31 steps (90%) done
Removing temporary output file results/STAR_bam/swaninfected01Aligned.sortedByCoord.out.bam.
[Sun Apr 26 08:25:12 2020]
Finished job 2.
29 of 31 steps (94%) done
Removing temporary output file results/STAR_bam/swancontrol03Aligned.sortedByCoord.out.bam.
[Sun Apr 26 10:30:51 2020]
Finished job 5.
30 of 31 steps (97%) done

[Sun Apr 26 10:30:51 2020]
localrule all:
    input: htseq/swancontrol01.tsv, htseq/swaninfected01.tsv, htseq/swaninfected03.tsv, htseq/swancontrol02.tsv, htseq/swancontrol03.tsv, htseq/swaninfected02.tsv
    jobid: 0

[Sun Apr 26 10:30:51 2020]
Finished job 0.
31 of 31 steps (100%) done
Complete log: /gpfs1/scratch/30days/uqakaraw/76.RNAseq_Infection/swan/.snakemake/log/2020-04-25T002004.751948.snakemake.log
