Building DAG of jobs...
Using shell: /usr/bin/bash
Provided cluster nodes: 6
Job counts:
	count	jobs
	1	all
	6	fastqc2
	6	filter_uncorrected
	6	htseq
	6	rcorrector
	6	rmbadreads
	6	star
	6	trimming
	43

[Tue Aug 11 14:43:35 2020]
rule rcorrector:
    input: /30days/uqakaraw/FASTQDIR_never_DELETE/swan/swancontrol01_1.fastq.gz, /30days/uqakaraw/FASTQDIR_never_DELETE/swan/swancontrol01_2.fastq.gz
    output: results/rcorrector/swancontrol01/swancontrol01_1.cor.fq.gz, results/rcorrector/swancontrol01/swancontrol01_2.cor.fq.gz
    jobid: 37
    wildcards: smp=swancontrol01
    threads: 20

 run_rcorrector.pl -od results/rcorrector/swancontrol01 -t 20 -1 /30days/uqakaraw/FASTQDIR_never_DELETE/swan/swancontrol01_1.fastq.gz -2 /30days/uqakaraw/FASTQDIR_never_DELETE/swan/swancontrol01_2.fastq.gz 
Submitted job 37 with external jobid '339198.tinmgr2'.

[Tue Aug 11 14:43:35 2020]
rule rcorrector:
    input: /30days/uqakaraw/FASTQDIR_never_DELETE/swan/swancontrol03_1.fastq.gz, /30days/uqakaraw/FASTQDIR_never_DELETE/swan/swancontrol03_2.fastq.gz
    output: results/rcorrector/swancontrol03/swancontrol03_1.cor.fq.gz, results/rcorrector/swancontrol03/swancontrol03_2.cor.fq.gz
    jobid: 41
    wildcards: smp=swancontrol03
    threads: 20

 run_rcorrector.pl -od results/rcorrector/swancontrol03 -t 20 -1 /30days/uqakaraw/FASTQDIR_never_DELETE/swan/swancontrol03_1.fastq.gz -2 /30days/uqakaraw/FASTQDIR_never_DELETE/swan/swancontrol03_2.fastq.gz 
Submitted job 41 with external jobid '339199.tinmgr2'.

[Tue Aug 11 14:43:35 2020]
rule rcorrector:
    input: /30days/uqakaraw/FASTQDIR_never_DELETE/swan/swaninfected02_1.fastq.gz, /30days/uqakaraw/FASTQDIR_never_DELETE/swan/swaninfected02_2.fastq.gz
    output: results/rcorrector/swaninfected02/swaninfected02_1.cor.fq.gz, results/rcorrector/swaninfected02/swaninfected02_2.cor.fq.gz
    jobid: 42
    wildcards: smp=swaninfected02
    threads: 20

 run_rcorrector.pl -od results/rcorrector/swaninfected02 -t 20 -1 /30days/uqakaraw/FASTQDIR_never_DELETE/swan/swaninfected02_1.fastq.gz -2 /30days/uqakaraw/FASTQDIR_never_DELETE/swan/swaninfected02_2.fastq.gz 
Submitted job 42 with external jobid '339200.tinmgr2'.

[Tue Aug 11 14:43:35 2020]
rule rcorrector:
    input: /30days/uqakaraw/FASTQDIR_never_DELETE/swan/swancontrol02_1.fastq.gz, /30days/uqakaraw/FASTQDIR_never_DELETE/swan/swancontrol02_2.fastq.gz
    output: results/rcorrector/swancontrol02/swancontrol02_1.cor.fq.gz, results/rcorrector/swancontrol02/swancontrol02_2.cor.fq.gz
    jobid: 40
    wildcards: smp=swancontrol02
    threads: 20

 run_rcorrector.pl -od results/rcorrector/swancontrol02 -t 20 -1 /30days/uqakaraw/FASTQDIR_never_DELETE/swan/swancontrol02_1.fastq.gz -2 /30days/uqakaraw/FASTQDIR_never_DELETE/swan/swancontrol02_2.fastq.gz 
Submitted job 40 with external jobid '339201.tinmgr2'.

[Tue Aug 11 14:43:36 2020]
rule rcorrector:
    input: /30days/uqakaraw/FASTQDIR_never_DELETE/swan/swaninfected03_1.fastq.gz, /30days/uqakaraw/FASTQDIR_never_DELETE/swan/swaninfected03_2.fastq.gz
    output: results/rcorrector/swaninfected03/swaninfected03_1.cor.fq.gz, results/rcorrector/swaninfected03/swaninfected03_2.cor.fq.gz
    jobid: 39
    wildcards: smp=swaninfected03
    threads: 20

 run_rcorrector.pl -od results/rcorrector/swaninfected03 -t 20 -1 /30days/uqakaraw/FASTQDIR_never_DELETE/swan/swaninfected03_1.fastq.gz -2 /30days/uqakaraw/FASTQDIR_never_DELETE/swan/swaninfected03_2.fastq.gz 
Submitted job 39 with external jobid '339202.tinmgr2'.

[Tue Aug 11 14:43:36 2020]
rule rcorrector:
    input: /30days/uqakaraw/FASTQDIR_never_DELETE/swan/swaninfected01_1.fastq.gz, /30days/uqakaraw/FASTQDIR_never_DELETE/swan/swaninfected01_2.fastq.gz
    output: results/rcorrector/swaninfected01/swaninfected01_1.cor.fq.gz, results/rcorrector/swaninfected01/swaninfected01_2.cor.fq.gz
    jobid: 38
    wildcards: smp=swaninfected01
    threads: 20

 run_rcorrector.pl -od results/rcorrector/swaninfected01 -t 20 -1 /30days/uqakaraw/FASTQDIR_never_DELETE/swan/swaninfected01_1.fastq.gz -2 /30days/uqakaraw/FASTQDIR_never_DELETE/swan/swaninfected01_2.fastq.gz 
Submitted job 38 with external jobid '339203.tinmgr2'.
[Tue Aug 11 20:33:05 2020]
Finished job 42.
1 of 43 steps (2%) done

[Tue Aug 11 20:33:05 2020]
rule filter_uncorrected:
    input: results/rcorrector/swaninfected02/swaninfected02_1.cor.fq.gz, results/rcorrector/swaninfected02/swaninfected02_2.cor.fq.gz
    output: results/swaninfected02_filter/unfixrm_swaninfected02_1.cor.fq, results/swaninfected02_filter/unfixrm_swaninfected02_2.cor.fq
    jobid: 36
    wildcards: smp=swaninfected02

 mkdir -p results/swaninfected02_filter && FilterUncorrectabledPEfastq.py -1 results/rcorrector/swaninfected02/swaninfected02_1.cor.fq.gz -2 results/rcorrector/swaninfected02/swaninfected02_2.cor.fq.gz && mv unfixrm_swaninfected02_1.cor.fq unfixrm_swaninfected02_2.cor.fq results/swaninfected02_filter
Submitted job 36 with external jobid '339599.tinmgr2'.
Removing temporary output file results/rcorrector/swaninfected02/swaninfected02_1.cor.fq.gz.
Removing temporary output file results/rcorrector/swaninfected02/swaninfected02_2.cor.fq.gz.
[Tue Aug 11 20:56:56 2020]
Finished job 36.
2 of 43 steps (5%) done

[Tue Aug 11 20:56:56 2020]
Job 30: --- Trimming.

trim_galore --paired --retain_unpaired --phred33 --basename swaninfected02 -j 20 --output_dir results/trimmed/swaninfected02 --length 36 -q 5 --stringency 1 -e 0.1 results/swaninfected02_filter/unfixrm_swaninfected02_1.cor.fq results/swaninfected02_filter/unfixrm_swaninfected02_2.cor.fq > output.out 2>&1
Submitted job 30 with external jobid '339601.tinmgr2'.
Removing temporary output file results/swaninfected02_filter/unfixrm_swaninfected02_2.cor.fq.
Removing temporary output file results/swaninfected02_filter/unfixrm_swaninfected02_1.cor.fq.
[Tue Aug 11 21:05:17 2020]
Finished job 30.
3 of 43 steps (7%) done

[Tue Aug 11 21:05:17 2020]
Job 29: --- Quality check of raw data with Fastqc

fastqc --outdir fastqc2/swaninfected02 --extract -f fastq results/trimmed/swaninfected02/swaninfected02_val_1.fq results/trimmed/swaninfected02/swaninfected02_val_2.fq
Submitted job 29 with external jobid '339604.tinmgr2'.
[Tue Aug 11 21:15:57 2020]
Finished job 29.
4 of 43 steps (9%) done

[Tue Aug 11 21:15:57 2020]
rule rmbadreads:
    input: fastqc2/swaninfected02/swaninfected02_val_1_fastqc/fastqc_data.txt, fastqc2/swaninfected02/swaninfected02_val_2_fastqc/fastqc_data.txt, results/trimmed/swaninfected02/swaninfected02_val_1.fq, results/trimmed/swaninfected02/swaninfected02_val_2.fq
    output: star_input/rmoverrep_swaninfected02_val_1.fq, star_input/rmoverrep_swaninfected02_val_2.fq
    jobid: 18
    wildcards: smp=swaninfected02

RemoveFastqcOverrepSequenceReads.py -1 results/trimmed/swaninfected02/swaninfected02_val_1.fq -2 results/trimmed/swaninfected02/swaninfected02_val_2.fq -fql fastqc2/swaninfected02/swaninfected02_val_1_fastqc/fastqc_data.txt -fqr fastqc2/swaninfected02/swaninfected02_val_2_fastqc/fastqc_data.txt && mv rmoverrep_swaninfected02_val_?.fq star_input/
Submitted job 18 with external jobid '339605.tinmgr2'.
Removing temporary output file fastqc2/swaninfected02/swaninfected02_val_2_fastqc/fastqc_data.txt.
Removing temporary output file fastqc2/swaninfected02/swaninfected02_val_1_fastqc/fastqc_data.txt.
[Tue Aug 11 21:22:58 2020]
Finished job 18.
5 of 43 steps (12%) done

[Tue Aug 11 21:22:58 2020]
rule star:
    input: star_input/rmoverrep_swaninfected02_val_1.fq, star_input/rmoverrep_swaninfected02_val_2.fq
    output: results/STAR_bam/swaninfected02Aligned.sortedByCoord.out.bam
    jobid: 12
    wildcards: smp=swaninfected02
    threads: 20

STAR --runMode alignReads --runThreadN 20 --genomeDir /30days/uqakaraw/swan/swan --readFilesIn star_input/rmoverrep_swaninfected02_val_1.fq star_input/rmoverrep_swaninfected02_val_2.fq --outSAMtype BAM SortedByCoordinate --outFileNamePrefix results/STAR_bam/swaninfected02
Submitted job 12 with external jobid '339607.tinmgr2'.
[Tue Aug 11 21:37:59 2020]
Finished job 37.
6 of 43 steps (14%) done

[Tue Aug 11 21:37:59 2020]
rule filter_uncorrected:
    input: results/rcorrector/swancontrol01/swancontrol01_1.cor.fq.gz, results/rcorrector/swancontrol01/swancontrol01_2.cor.fq.gz
    output: results/swancontrol01_filter/unfixrm_swancontrol01_1.cor.fq, results/swancontrol01_filter/unfixrm_swancontrol01_2.cor.fq
    jobid: 31
    wildcards: smp=swancontrol01

 mkdir -p results/swancontrol01_filter && FilterUncorrectabledPEfastq.py -1 results/rcorrector/swancontrol01/swancontrol01_1.cor.fq.gz -2 results/rcorrector/swancontrol01/swancontrol01_2.cor.fq.gz && mv unfixrm_swancontrol01_1.cor.fq unfixrm_swancontrol01_2.cor.fq results/swancontrol01_filter
Submitted job 31 with external jobid '339610.tinmgr2'.
Removing temporary output file star_input/rmoverrep_swaninfected02_val_2.fq.
Removing temporary output file star_input/rmoverrep_swaninfected02_val_1.fq.
[Tue Aug 11 21:43:39 2020]
Finished job 12.
7 of 43 steps (16%) done

[Tue Aug 11 21:43:39 2020]
rule htseq:
    input: results/STAR_bam/swaninfected02Aligned.sortedByCoord.out.bam, /30days/uqakaraw/swan/bs_NCBI.gtf
    output: htseq/swaninfected02.tsv, htseq/log/swaninfected02.err
    jobid: 6
    wildcards: smp=swaninfected02

htseq-count -f bam --order=name --nonunique=all -s yes -a 20 -t CDS -i gene_id -m intersection-strict results/STAR_bam/swaninfected02Aligned.sortedByCoord.out.bam /30days/uqakaraw/swan/bs_NCBI.gtf > htseq/swaninfected02.tsv 2> htseq/log/swaninfected02.err
Submitted job 6 with external jobid '339611.tinmgr2'.
[Tue Aug 11 21:45:49 2020]
Finished job 39.
8 of 43 steps (19%) done

[Tue Aug 11 21:45:49 2020]
rule filter_uncorrected:
    input: results/rcorrector/swaninfected03/swaninfected03_1.cor.fq.gz, results/rcorrector/swaninfected03/swaninfected03_2.cor.fq.gz
    output: results/swaninfected03_filter/unfixrm_swaninfected03_1.cor.fq, results/swaninfected03_filter/unfixrm_swaninfected03_2.cor.fq
    jobid: 33
    wildcards: smp=swaninfected03

 mkdir -p results/swaninfected03_filter && FilterUncorrectabledPEfastq.py -1 results/rcorrector/swaninfected03/swaninfected03_1.cor.fq.gz -2 results/rcorrector/swaninfected03/swaninfected03_2.cor.fq.gz && mv unfixrm_swaninfected03_1.cor.fq unfixrm_swaninfected03_2.cor.fq results/swaninfected03_filter
Submitted job 33 with external jobid '339612.tinmgr2'.
[Tue Aug 11 21:54:30 2020]
Finished job 40.
9 of 43 steps (21%) done

[Tue Aug 11 21:54:30 2020]
rule filter_uncorrected:
    input: results/rcorrector/swancontrol02/swancontrol02_1.cor.fq.gz, results/rcorrector/swancontrol02/swancontrol02_2.cor.fq.gz
    output: results/swancontrol02_filter/unfixrm_swancontrol02_1.cor.fq, results/swancontrol02_filter/unfixrm_swancontrol02_2.cor.fq
    jobid: 34
    wildcards: smp=swancontrol02

 mkdir -p results/swancontrol02_filter && FilterUncorrectabledPEfastq.py -1 results/rcorrector/swancontrol02/swancontrol02_1.cor.fq.gz -2 results/rcorrector/swancontrol02/swancontrol02_2.cor.fq.gz && mv unfixrm_swancontrol02_1.cor.fq unfixrm_swancontrol02_2.cor.fq results/swancontrol02_filter
Submitted job 34 with external jobid '339613.tinmgr2'.
Removing temporary output file results/rcorrector/swancontrol01/swancontrol01_1.cor.fq.gz.
Removing temporary output file results/rcorrector/swancontrol01/swancontrol01_2.cor.fq.gz.
[Tue Aug 11 22:00:41 2020]
Finished job 31.
10 of 43 steps (23%) done

[Tue Aug 11 22:00:41 2020]
Job 20: --- Trimming.

trim_galore --paired --retain_unpaired --phred33 --basename swancontrol01 -j 20 --output_dir results/trimmed/swancontrol01 --length 36 -q 5 --stringency 1 -e 0.1 results/swancontrol01_filter/unfixrm_swancontrol01_1.cor.fq results/swancontrol01_filter/unfixrm_swancontrol01_2.cor.fq > output.out 2>&1
Submitted job 20 with external jobid '339614.tinmgr2'.
Removing temporary output file results/rcorrector/swaninfected03/swaninfected03_2.cor.fq.gz.
Removing temporary output file results/rcorrector/swaninfected03/swaninfected03_1.cor.fq.gz.
[Tue Aug 11 22:04:41 2020]
Finished job 33.
11 of 43 steps (26%) done

[Tue Aug 11 22:04:41 2020]
Job 24: --- Trimming.

trim_galore --paired --retain_unpaired --phred33 --basename swaninfected03 -j 20 --output_dir results/trimmed/swaninfected03 --length 36 -q 5 --stringency 1 -e 0.1 results/swaninfected03_filter/unfixrm_swaninfected03_1.cor.fq results/swaninfected03_filter/unfixrm_swaninfected03_2.cor.fq > output.out 2>&1
Submitted job 24 with external jobid '339615.tinmgr2'.
Removing temporary output file results/swancontrol01_filter/unfixrm_swancontrol01_2.cor.fq.
Removing temporary output file results/swancontrol01_filter/unfixrm_swancontrol01_1.cor.fq.
[Tue Aug 11 22:07:11 2020]
Finished job 20.
12 of 43 steps (28%) done

[Tue Aug 11 22:07:11 2020]
Job 19: --- Quality check of raw data with Fastqc

fastqc --outdir fastqc2/swancontrol01 --extract -f fastq results/trimmed/swancontrol01/swancontrol01_val_1.fq results/trimmed/swancontrol01/swancontrol01_val_2.fq
Submitted job 19 with external jobid '339616.tinmgr2'.
Removing temporary output file results/swaninfected03_filter/unfixrm_swaninfected03_2.cor.fq.
Removing temporary output file results/swaninfected03_filter/unfixrm_swaninfected03_1.cor.fq.
[Tue Aug 11 22:10:21 2020]
Finished job 24.
13 of 43 steps (30%) done

[Tue Aug 11 22:10:21 2020]
Job 23: --- Quality check of raw data with Fastqc

fastqc --outdir fastqc2/swaninfected03 --extract -f fastq results/trimmed/swaninfected03/swaninfected03_val_1.fq results/trimmed/swaninfected03/swaninfected03_val_2.fq
Submitted job 23 with external jobid '339617.tinmgr2'.
[Tue Aug 11 22:10:41 2020]
Finished job 38.
14 of 43 steps (33%) done

[Tue Aug 11 22:10:41 2020]
rule filter_uncorrected:
    input: results/rcorrector/swaninfected01/swaninfected01_1.cor.fq.gz, results/rcorrector/swaninfected01/swaninfected01_2.cor.fq.gz
    output: results/swaninfected01_filter/unfixrm_swaninfected01_1.cor.fq, results/swaninfected01_filter/unfixrm_swaninfected01_2.cor.fq
    jobid: 32
    wildcards: smp=swaninfected01

 mkdir -p results/swaninfected01_filter && FilterUncorrectabledPEfastq.py -1 results/rcorrector/swaninfected01/swaninfected01_1.cor.fq.gz -2 results/rcorrector/swaninfected01/swaninfected01_2.cor.fq.gz && mv unfixrm_swaninfected01_1.cor.fq unfixrm_swaninfected01_2.cor.fq results/swaninfected01_filter
Submitted job 32 with external jobid '339618.tinmgr2'.
Removing temporary output file results/rcorrector/swancontrol02/swancontrol02_1.cor.fq.gz.
Removing temporary output file results/rcorrector/swancontrol02/swancontrol02_2.cor.fq.gz.
[Tue Aug 11 22:10:52 2020]
Finished job 34.
15 of 43 steps (35%) done

[Tue Aug 11 22:10:52 2020]
Job 26: --- Trimming.

trim_galore --paired --retain_unpaired --phred33 --basename swancontrol02 -j 20 --output_dir results/trimmed/swancontrol02 --length 36 -q 5 --stringency 1 -e 0.1 results/swancontrol02_filter/unfixrm_swancontrol02_1.cor.fq results/swancontrol02_filter/unfixrm_swancontrol02_2.cor.fq > output.out 2>&1
Submitted job 26 with external jobid '339619.tinmgr2'.
Removing temporary output file results/swancontrol02_filter/unfixrm_swancontrol02_2.cor.fq.
Removing temporary output file results/swancontrol02_filter/unfixrm_swancontrol02_1.cor.fq.
[Tue Aug 11 22:15:52 2020]
Finished job 26.
16 of 43 steps (37%) done

[Tue Aug 11 22:15:52 2020]
Job 25: --- Quality check of raw data with Fastqc

fastqc --outdir fastqc2/swancontrol02 --extract -f fastq results/trimmed/swancontrol02/swancontrol02_val_1.fq results/trimmed/swancontrol02/swancontrol02_val_2.fq
Submitted job 25 with external jobid '339620.tinmgr2'.
[Tue Aug 11 22:17:52 2020]
Finished job 19.
17 of 43 steps (40%) done

[Tue Aug 11 22:17:52 2020]
rule rmbadreads:
    input: fastqc2/swancontrol01/swancontrol01_val_1_fastqc/fastqc_data.txt, fastqc2/swancontrol01/swancontrol01_val_2_fastqc/fastqc_data.txt, results/trimmed/swancontrol01/swancontrol01_val_1.fq, results/trimmed/swancontrol01/swancontrol01_val_2.fq
    output: star_input/rmoverrep_swancontrol01_val_1.fq, star_input/rmoverrep_swancontrol01_val_2.fq
    jobid: 13
    wildcards: smp=swancontrol01

RemoveFastqcOverrepSequenceReads.py -1 results/trimmed/swancontrol01/swancontrol01_val_1.fq -2 results/trimmed/swancontrol01/swancontrol01_val_2.fq -fql fastqc2/swancontrol01/swancontrol01_val_1_fastqc/fastqc_data.txt -fqr fastqc2/swancontrol01/swancontrol01_val_2_fastqc/fastqc_data.txt && mv rmoverrep_swancontrol01_val_?.fq star_input/
Submitted job 13 with external jobid '339622.tinmgr2'.
[Tue Aug 11 22:21:22 2020]
Finished job 23.
18 of 43 steps (42%) done

[Tue Aug 11 22:21:22 2020]
rule rmbadreads:
    input: fastqc2/swaninfected03/swaninfected03_val_1_fastqc/fastqc_data.txt, fastqc2/swaninfected03/swaninfected03_val_2_fastqc/fastqc_data.txt, results/trimmed/swaninfected03/swaninfected03_val_1.fq, results/trimmed/swaninfected03/swaninfected03_val_2.fq
    output: star_input/rmoverrep_swaninfected03_val_1.fq, star_input/rmoverrep_swaninfected03_val_2.fq
    jobid: 15
    wildcards: smp=swaninfected03

RemoveFastqcOverrepSequenceReads.py -1 results/trimmed/swaninfected03/swaninfected03_val_1.fq -2 results/trimmed/swaninfected03/swaninfected03_val_2.fq -fql fastqc2/swaninfected03/swaninfected03_val_1_fastqc/fastqc_data.txt -fqr fastqc2/swaninfected03/swaninfected03_val_2_fastqc/fastqc_data.txt && mv rmoverrep_swaninfected03_val_?.fq star_input/
Submitted job 15 with external jobid '339624.tinmgr2'.
[Tue Aug 11 22:25:13 2020]
Finished job 25.
19 of 43 steps (44%) done

[Tue Aug 11 22:25:13 2020]
rule rmbadreads:
    input: fastqc2/swancontrol02/swancontrol02_val_1_fastqc/fastqc_data.txt, fastqc2/swancontrol02/swancontrol02_val_2_fastqc/fastqc_data.txt, results/trimmed/swancontrol02/swancontrol02_val_1.fq, results/trimmed/swancontrol02/swancontrol02_val_2.fq
    output: star_input/rmoverrep_swancontrol02_val_1.fq, star_input/rmoverrep_swancontrol02_val_2.fq
    jobid: 16
    wildcards: smp=swancontrol02

RemoveFastqcOverrepSequenceReads.py -1 results/trimmed/swancontrol02/swancontrol02_val_1.fq -2 results/trimmed/swancontrol02/swancontrol02_val_2.fq -fql fastqc2/swancontrol02/swancontrol02_val_1_fastqc/fastqc_data.txt -fqr fastqc2/swancontrol02/swancontrol02_val_2_fastqc/fastqc_data.txt && mv rmoverrep_swancontrol02_val_?.fq star_input/
Submitted job 16 with external jobid '339625.tinmgr2'.
Removing temporary output file results/rcorrector/swaninfected01/swaninfected01_2.cor.fq.gz.
Removing temporary output file results/rcorrector/swaninfected01/swaninfected01_1.cor.fq.gz.
[Tue Aug 11 22:26:33 2020]
Finished job 32.
20 of 43 steps (47%) done

[Tue Aug 11 22:26:33 2020]
Job 22: --- Trimming.

trim_galore --paired --retain_unpaired --phred33 --basename swaninfected01 -j 20 --output_dir results/trimmed/swaninfected01 --length 36 -q 5 --stringency 1 -e 0.1 results/swaninfected01_filter/unfixrm_swaninfected01_1.cor.fq results/swaninfected01_filter/unfixrm_swaninfected01_2.cor.fq > output.out 2>&1
Submitted job 22 with external jobid '339626.tinmgr2'.
Removing temporary output file fastqc2/swancontrol01/swancontrol01_val_2_fastqc/fastqc_data.txt.
Removing temporary output file fastqc2/swancontrol01/swancontrol01_val_1_fastqc/fastqc_data.txt.
[Tue Aug 11 22:26:53 2020]
Finished job 13.
21 of 43 steps (49%) done

[Tue Aug 11 22:26:53 2020]
rule star:
    input: star_input/rmoverrep_swancontrol01_val_1.fq, star_input/rmoverrep_swancontrol01_val_2.fq
    output: results/STAR_bam/swancontrol01Aligned.sortedByCoord.out.bam
    jobid: 7
    wildcards: smp=swancontrol01
    threads: 20

STAR --runMode alignReads --runThreadN 20 --genomeDir /30days/uqakaraw/swan/swan --readFilesIn star_input/rmoverrep_swancontrol01_val_1.fq star_input/rmoverrep_swancontrol01_val_2.fq --outSAMtype BAM SortedByCoordinate --outFileNamePrefix results/STAR_bam/swancontrol01
Submitted job 7 with external jobid '339627.tinmgr2'.
Removing temporary output file fastqc2/swaninfected03/swaninfected03_val_2_fastqc/fastqc_data.txt.
Removing temporary output file fastqc2/swaninfected03/swaninfected03_val_1_fastqc/fastqc_data.txt.
[Tue Aug 11 22:28:33 2020]
Finished job 15.
22 of 43 steps (51%) done

[Tue Aug 11 22:28:33 2020]
rule star:
    input: star_input/rmoverrep_swaninfected03_val_1.fq, star_input/rmoverrep_swaninfected03_val_2.fq
    output: results/STAR_bam/swaninfected03Aligned.sortedByCoord.out.bam
    jobid: 9
    wildcards: smp=swaninfected03
    threads: 20

STAR --runMode alignReads --runThreadN 20 --genomeDir /30days/uqakaraw/swan/swan --readFilesIn star_input/rmoverrep_swaninfected03_val_1.fq star_input/rmoverrep_swaninfected03_val_2.fq --outSAMtype BAM SortedByCoordinate --outFileNamePrefix results/STAR_bam/swaninfected03
Submitted job 9 with external jobid '339628.tinmgr2'.
Removing temporary output file fastqc2/swancontrol02/swancontrol02_val_1_fastqc/fastqc_data.txt.
Removing temporary output file fastqc2/swancontrol02/swancontrol02_val_2_fastqc/fastqc_data.txt.
[Tue Aug 11 22:30:23 2020]
Finished job 16.
23 of 43 steps (53%) done

[Tue Aug 11 22:30:23 2020]
rule star:
    input: star_input/rmoverrep_swancontrol02_val_1.fq, star_input/rmoverrep_swancontrol02_val_2.fq
    output: results/STAR_bam/swancontrol02Aligned.sortedByCoord.out.bam
    jobid: 10
    wildcards: smp=swancontrol02
    threads: 20

STAR --runMode alignReads --runThreadN 20 --genomeDir /30days/uqakaraw/swan/swan --readFilesIn star_input/rmoverrep_swancontrol02_val_1.fq star_input/rmoverrep_swancontrol02_val_2.fq --outSAMtype BAM SortedByCoordinate --outFileNamePrefix results/STAR_bam/swancontrol02
Submitted job 10 with external jobid '339629.tinmgr2'.
Removing temporary output file results/swaninfected01_filter/unfixrm_swaninfected01_2.cor.fq.
Removing temporary output file results/swaninfected01_filter/unfixrm_swaninfected01_1.cor.fq.
[Tue Aug 11 22:31:14 2020]
Finished job 22.
24 of 43 steps (56%) done

[Tue Aug 11 22:31:14 2020]
Job 21: --- Quality check of raw data with Fastqc

fastqc --outdir fastqc2/swaninfected01 --extract -f fastq results/trimmed/swaninfected01/swaninfected01_val_1.fq results/trimmed/swaninfected01/swaninfected01_val_2.fq
Submitted job 21 with external jobid '339630.tinmgr2'.
[Tue Aug 11 22:40:25 2020]
Finished job 21.
25 of 43 steps (58%) done

[Tue Aug 11 22:40:25 2020]
rule rmbadreads:
    input: fastqc2/swaninfected01/swaninfected01_val_1_fastqc/fastqc_data.txt, fastqc2/swaninfected01/swaninfected01_val_2_fastqc/fastqc_data.txt, results/trimmed/swaninfected01/swaninfected01_val_1.fq, results/trimmed/swaninfected01/swaninfected01_val_2.fq
    output: star_input/rmoverrep_swaninfected01_val_1.fq, star_input/rmoverrep_swaninfected01_val_2.fq
    jobid: 14
    wildcards: smp=swaninfected01

RemoveFastqcOverrepSequenceReads.py -1 results/trimmed/swaninfected01/swaninfected01_val_1.fq -2 results/trimmed/swaninfected01/swaninfected01_val_2.fq -fql fastqc2/swaninfected01/swaninfected01_val_1_fastqc/fastqc_data.txt -fqr fastqc2/swaninfected01/swaninfected01_val_2_fastqc/fastqc_data.txt && mv rmoverrep_swaninfected01_val_?.fq star_input/
Submitted job 14 with external jobid '339633.tinmgr2'.
[Tue Aug 11 22:41:45 2020]
Finished job 41.
26 of 43 steps (60%) done

[Tue Aug 11 22:41:45 2020]
rule filter_uncorrected:
    input: results/rcorrector/swancontrol03/swancontrol03_1.cor.fq.gz, results/rcorrector/swancontrol03/swancontrol03_2.cor.fq.gz
    output: results/swancontrol03_filter/unfixrm_swancontrol03_1.cor.fq, results/swancontrol03_filter/unfixrm_swancontrol03_2.cor.fq
    jobid: 35
    wildcards: smp=swancontrol03

 mkdir -p results/swancontrol03_filter && FilterUncorrectabledPEfastq.py -1 results/rcorrector/swancontrol03/swancontrol03_1.cor.fq.gz -2 results/rcorrector/swancontrol03/swancontrol03_2.cor.fq.gz && mv unfixrm_swancontrol03_1.cor.fq unfixrm_swancontrol03_2.cor.fq results/swancontrol03_filter
Submitted job 35 with external jobid '339634.tinmgr2'.
Removing temporary output file star_input/rmoverrep_swancontrol01_val_2.fq.
Removing temporary output file star_input/rmoverrep_swancontrol01_val_1.fq.
[Tue Aug 11 22:44:05 2020]
Finished job 7.
27 of 43 steps (63%) done

[Tue Aug 11 22:44:05 2020]
rule htseq:
    input: results/STAR_bam/swancontrol01Aligned.sortedByCoord.out.bam, /30days/uqakaraw/swan/bs_NCBI.gtf
    output: htseq/swancontrol01.tsv, htseq/log/swancontrol01.err
    jobid: 1
    wildcards: smp=swancontrol01

htseq-count -f bam --order=name --nonunique=all -s yes -a 20 -t CDS -i gene_id -m intersection-strict results/STAR_bam/swancontrol01Aligned.sortedByCoord.out.bam /30days/uqakaraw/swan/bs_NCBI.gtf > htseq/swancontrol01.tsv 2> htseq/log/swancontrol01.err
Submitted job 1 with external jobid '339635.tinmgr2'.
Removing temporary output file star_input/rmoverrep_swancontrol02_val_2.fq.
Removing temporary output file star_input/rmoverrep_swancontrol02_val_1.fq.
[Tue Aug 11 22:44:25 2020]
Finished job 10.
28 of 43 steps (65%) done

[Tue Aug 11 22:44:25 2020]
rule htseq:
    input: results/STAR_bam/swancontrol02Aligned.sortedByCoord.out.bam, /30days/uqakaraw/swan/bs_NCBI.gtf
    output: htseq/swancontrol02.tsv, htseq/log/swancontrol02.err
    jobid: 4
    wildcards: smp=swancontrol02

htseq-count -f bam --order=name --nonunique=all -s yes -a 20 -t CDS -i gene_id -m intersection-strict results/STAR_bam/swancontrol02Aligned.sortedByCoord.out.bam /30days/uqakaraw/swan/bs_NCBI.gtf > htseq/swancontrol02.tsv 2> htseq/log/swancontrol02.err
Submitted job 4 with external jobid '339636.tinmgr2'.
[Tue Aug 11 22:45:05 2020]
Finished job 6.
29 of 43 steps (67%) done
Removing temporary output file star_input/rmoverrep_swaninfected03_val_2.fq.
Removing temporary output file star_input/rmoverrep_swaninfected03_val_1.fq.
[Tue Aug 11 22:49:56 2020]
Finished job 9.
30 of 43 steps (70%) done

[Tue Aug 11 22:49:56 2020]
rule htseq:
    input: results/STAR_bam/swaninfected03Aligned.sortedByCoord.out.bam, /30days/uqakaraw/swan/bs_NCBI.gtf
    output: htseq/swaninfected03.tsv, htseq/log/swaninfected03.err
    jobid: 3
    wildcards: smp=swaninfected03

htseq-count -f bam --order=name --nonunique=all -s yes -a 20 -t CDS -i gene_id -m intersection-strict results/STAR_bam/swaninfected03Aligned.sortedByCoord.out.bam /30days/uqakaraw/swan/bs_NCBI.gtf > htseq/swaninfected03.tsv 2> htseq/log/swaninfected03.err
Submitted job 3 with external jobid '339638.tinmgr2'.
Removing temporary output file fastqc2/swaninfected01/swaninfected01_val_2_fastqc/fastqc_data.txt.
Removing temporary output file fastqc2/swaninfected01/swaninfected01_val_1_fastqc/fastqc_data.txt.
[Wed Aug 12 03:57:03 2020]
Finished job 14.
31 of 43 steps (72%) done

[Wed Aug 12 03:57:03 2020]
rule star:
    input: star_input/rmoverrep_swaninfected01_val_1.fq, star_input/rmoverrep_swaninfected01_val_2.fq
    output: results/STAR_bam/swaninfected01Aligned.sortedByCoord.out.bam
    jobid: 8
    wildcards: smp=swaninfected01
    threads: 20

STAR --runMode alignReads --runThreadN 20 --genomeDir /30days/uqakaraw/swan/swan --readFilesIn star_input/rmoverrep_swaninfected01_val_1.fq star_input/rmoverrep_swaninfected01_val_2.fq --outSAMtype BAM SortedByCoordinate --outFileNamePrefix results/STAR_bam/swaninfected01
Submitted job 8 with external jobid '339930.tinmgr2'.
Removing temporary output file results/rcorrector/swancontrol03/swancontrol03_1.cor.fq.gz.
Removing temporary output file results/rcorrector/swancontrol03/swancontrol03_2.cor.fq.gz.
[Wed Aug 12 04:12:44 2020]
Finished job 35.
32 of 43 steps (74%) done

[Wed Aug 12 04:12:44 2020]
Job 28: --- Trimming.

trim_galore --paired --retain_unpaired --phred33 --basename swancontrol03 -j 20 --output_dir results/trimmed/swancontrol03 --length 36 -q 5 --stringency 1 -e 0.1 results/swancontrol03_filter/unfixrm_swancontrol03_1.cor.fq results/swancontrol03_filter/unfixrm_swancontrol03_2.cor.fq > output.out 2>&1
Submitted job 28 with external jobid '339931.tinmgr2'.
Removing temporary output file star_input/rmoverrep_swaninfected01_val_2.fq.
Removing temporary output file star_input/rmoverrep_swaninfected01_val_1.fq.
[Wed Aug 12 05:00:07 2020]
Finished job 8.
33 of 43 steps (77%) done

[Wed Aug 12 05:00:07 2020]
rule htseq:
    input: results/STAR_bam/swaninfected01Aligned.sortedByCoord.out.bam, /30days/uqakaraw/swan/bs_NCBI.gtf
    output: htseq/swaninfected01.tsv, htseq/log/swaninfected01.err
    jobid: 2
    wildcards: smp=swaninfected01

htseq-count -f bam --order=name --nonunique=all -s yes -a 20 -t CDS -i gene_id -m intersection-strict results/STAR_bam/swaninfected01Aligned.sortedByCoord.out.bam /30days/uqakaraw/swan/bs_NCBI.gtf > htseq/swaninfected01.tsv 2> htseq/log/swaninfected01.err
Submitted job 2 with external jobid '339932.tinmgr2'.
Removing temporary output file results/swancontrol03_filter/unfixrm_swancontrol03_1.cor.fq.
Removing temporary output file results/swancontrol03_filter/unfixrm_swancontrol03_2.cor.fq.
[Wed Aug 12 05:06:48 2020]
Finished job 28.
34 of 43 steps (79%) done

[Wed Aug 12 05:06:48 2020]
Job 27: --- Quality check of raw data with Fastqc

fastqc --outdir fastqc2/swancontrol03 --extract -f fastq results/trimmed/swancontrol03/swancontrol03_val_1.fq results/trimmed/swancontrol03/swancontrol03_val_2.fq
Submitted job 27 with external jobid '339933.tinmgr2'.
[Wed Aug 12 05:28:29 2020]
Finished job 3.
35 of 43 steps (81%) done
[Wed Aug 12 05:40:30 2020]
Finished job 4.
36 of 43 steps (84%) done
[Wed Aug 12 05:41:00 2020]
Finished job 1.
37 of 43 steps (86%) done
[Wed Aug 12 05:44:40 2020]
Finished job 27.
38 of 43 steps (88%) done

[Wed Aug 12 05:44:40 2020]
rule rmbadreads:
    input: fastqc2/swancontrol03/swancontrol03_val_1_fastqc/fastqc_data.txt, fastqc2/swancontrol03/swancontrol03_val_2_fastqc/fastqc_data.txt, results/trimmed/swancontrol03/swancontrol03_val_1.fq, results/trimmed/swancontrol03/swancontrol03_val_2.fq
    output: star_input/rmoverrep_swancontrol03_val_1.fq, star_input/rmoverrep_swancontrol03_val_2.fq
    jobid: 17
    wildcards: smp=swancontrol03

RemoveFastqcOverrepSequenceReads.py -1 results/trimmed/swancontrol03/swancontrol03_val_1.fq -2 results/trimmed/swancontrol03/swancontrol03_val_2.fq -fql fastqc2/swancontrol03/swancontrol03_val_1_fastqc/fastqc_data.txt -fqr fastqc2/swancontrol03/swancontrol03_val_2_fastqc/fastqc_data.txt && mv rmoverrep_swancontrol03_val_?.fq star_input/
Submitted job 17 with external jobid '339934.tinmgr2'.
[Wed Aug 12 06:03:01 2020]
Finished job 2.
39 of 43 steps (91%) done
Removing temporary output file fastqc2/swancontrol03/swancontrol03_val_1_fastqc/fastqc_data.txt.
Removing temporary output file fastqc2/swancontrol03/swancontrol03_val_2_fastqc/fastqc_data.txt.
[Wed Aug 12 06:10:32 2020]
Finished job 17.
40 of 43 steps (93%) done

[Wed Aug 12 06:10:32 2020]
rule star:
    input: star_input/rmoverrep_swancontrol03_val_1.fq, star_input/rmoverrep_swancontrol03_val_2.fq
    output: results/STAR_bam/swancontrol03Aligned.sortedByCoord.out.bam
    jobid: 11
    wildcards: smp=swancontrol03
    threads: 20

STAR --runMode alignReads --runThreadN 20 --genomeDir /30days/uqakaraw/swan/swan --readFilesIn star_input/rmoverrep_swancontrol03_val_1.fq star_input/rmoverrep_swancontrol03_val_2.fq --outSAMtype BAM SortedByCoordinate --outFileNamePrefix results/STAR_bam/swancontrol03
Submitted job 11 with external jobid '339935.tinmgr2'.
Removing temporary output file star_input/rmoverrep_swancontrol03_val_1.fq.
Removing temporary output file star_input/rmoverrep_swancontrol03_val_2.fq.
[Wed Aug 12 07:13:26 2020]
Finished job 11.
41 of 43 steps (95%) done

[Wed Aug 12 07:13:26 2020]
rule htseq:
    input: results/STAR_bam/swancontrol03Aligned.sortedByCoord.out.bam, /30days/uqakaraw/swan/bs_NCBI.gtf
    output: htseq/swancontrol03.tsv, htseq/log/swancontrol03.err
    jobid: 5
    wildcards: smp=swancontrol03

htseq-count -f bam --order=name --nonunique=all -s yes -a 20 -t CDS -i gene_id -m intersection-strict results/STAR_bam/swancontrol03Aligned.sortedByCoord.out.bam /30days/uqakaraw/swan/bs_NCBI.gtf > htseq/swancontrol03.tsv 2> htseq/log/swancontrol03.err
Submitted job 5 with external jobid '340490.tinmgr2'.
[Thu Aug 13 02:03:37 2020]
Finished job 5.
42 of 43 steps (98%) done

[Thu Aug 13 02:03:38 2020]
localrule all:
    input: htseq/swancontrol01.tsv, htseq/swaninfected01.tsv, htseq/swaninfected03.tsv, htseq/swancontrol02.tsv, htseq/swancontrol03.tsv, htseq/swaninfected02.tsv
    jobid: 0

[Thu Aug 13 02:03:38 2020]
Finished job 0.
43 of 43 steps (100%) done
Complete log: /gpfs1/scratch/30days/uqakaraw/76.RNAseq_Infection/swan/.snakemake/log/2020-08-11T144335.510755.snakemake.log
