Building DAG of jobs...
Using shell: /usr/bin/bash
Provided cluster nodes: 6
Job counts:
	count	jobs
	1	all
	6	fastqc2
	6	filter_uncorrected
	6	htseq
	6	rcorrector
	6	rmbadreads
	6	star
	6	stringtie01
	6	stringtie02
	6	stringtie_merge
	6	trimming
	61

[Sat Apr 11 22:03:22 2020]
rule rcorrector:
    input: /30days/uqakaraw/FASTQDIR_never_DELETE/duck/Duckcontrol02_1.fastq.gz, /30days/uqakaraw/FASTQDIR_never_DELETE/duck/Duckcontrol02_2.fastq.gz, fastqc/Duckcontrol02/Duckcontrol02_1_fastqc.zip, fastqc/Duckcontrol02/Duckcontrol02_2_fastqc.zip
    output: results/rcorrector/Duckcontrol02/Duckcontrol02_1.cor.fq.gz, results/rcorrector/Duckcontrol02/Duckcontrol02_2.cor.fq.gz
    jobid: 60
    wildcards: smp=Duckcontrol02
    threads: 20

Submitted job 60 with external jobid '186240.tinmgr2'.

[Sat Apr 11 22:03:23 2020]
rule rcorrector:
    input: /30days/uqakaraw/FASTQDIR_never_DELETE/duck/duckinfected03_1.fastq.gz, /30days/uqakaraw/FASTQDIR_never_DELETE/duck/duckinfected03_2.fastq.gz, fastqc/duckinfected03/duckinfected03_1_fastqc.zip, fastqc/duckinfected03/duckinfected03_2_fastqc.zip
    output: results/rcorrector/duckinfected03/duckinfected03_1.cor.fq.gz, results/rcorrector/duckinfected03/duckinfected03_2.cor.fq.gz
    jobid: 55
    wildcards: smp=duckinfected03
    threads: 20

Submitted job 55 with external jobid '186241.tinmgr2'.

[Sat Apr 11 22:03:23 2020]
rule rcorrector:
    input: /30days/uqakaraw/FASTQDIR_never_DELETE/duck/DuckControl01_1.fastq.gz, /30days/uqakaraw/FASTQDIR_never_DELETE/duck/DuckControl01_2.fastq.gz, fastqc/DuckControl01/DuckControl01_1_fastqc.zip, fastqc/DuckControl01/DuckControl01_2_fastqc.zip
    output: results/rcorrector/DuckControl01/DuckControl01_1.cor.fq.gz, results/rcorrector/DuckControl01/DuckControl01_2.cor.fq.gz
    jobid: 58
    wildcards: smp=DuckControl01
    threads: 20

Submitted job 58 with external jobid '186242.tinmgr2'.

[Sat Apr 11 22:03:23 2020]
rule rcorrector:
    input: /30days/uqakaraw/FASTQDIR_never_DELETE/duck/duckinfected02_1.fastq.gz, /30days/uqakaraw/FASTQDIR_never_DELETE/duck/duckinfected02_2.fastq.gz, fastqc/duckinfected02/duckinfected02_1_fastqc.zip, fastqc/duckinfected02/duckinfected02_2_fastqc.zip
    output: results/rcorrector/duckinfected02/duckinfected02_1.cor.fq.gz, results/rcorrector/duckinfected02/duckinfected02_2.cor.fq.gz
    jobid: 56
    wildcards: smp=duckinfected02
    threads: 20

Submitted job 56 with external jobid '186243.tinmgr2'.

[Sat Apr 11 22:03:23 2020]
rule rcorrector:
    input: /30days/uqakaraw/FASTQDIR_never_DELETE/duck/Duckcontrol03_1.fastq.gz, /30days/uqakaraw/FASTQDIR_never_DELETE/duck/Duckcontrol03_2.fastq.gz, fastqc/Duckcontrol03/Duckcontrol03_1_fastqc.zip, fastqc/Duckcontrol03/Duckcontrol03_2_fastqc.zip
    output: results/rcorrector/Duckcontrol03/Duckcontrol03_1.cor.fq.gz, results/rcorrector/Duckcontrol03/Duckcontrol03_2.cor.fq.gz
    jobid: 57
    wildcards: smp=Duckcontrol03
    threads: 20

Submitted job 57 with external jobid '186244.tinmgr2'.

[Sat Apr 11 22:03:23 2020]
rule rcorrector:
    input: /30days/uqakaraw/FASTQDIR_never_DELETE/duck/Duckinfected01_1.fastq.gz, /30days/uqakaraw/FASTQDIR_never_DELETE/duck/Duckinfected01_2.fastq.gz, fastqc/Duckinfected01/Duckinfected01_1_fastqc.zip, fastqc/Duckinfected01/Duckinfected01_2_fastqc.zip
    output: results/rcorrector/Duckinfected01/Duckinfected01_1.cor.fq.gz, results/rcorrector/Duckinfected01/Duckinfected01_2.cor.fq.gz
    jobid: 59
    wildcards: smp=Duckinfected01
    threads: 20

Submitted job 59 with external jobid '186245.tinmgr2'.
[Sun Apr 12 02:01:36 2020]
Finished job 57.
1 of 61 steps (2%) done

[Sun Apr 12 02:01:36 2020]
rule filter_uncorrected:
    input: results/rcorrector/Duckcontrol03/Duckcontrol03_1.cor.fq.gz, results/rcorrector/Duckcontrol03/Duckcontrol03_2.cor.fq.gz
    output: results/Duckcontrol03_filter/unfixrm_Duckcontrol03_1.cor.fq, results/Duckcontrol03_filter/unfixrm_Duckcontrol03_2.cor.fq
    jobid: 51
    wildcards: smp=Duckcontrol03

Submitted job 51 with external jobid '186277.tinmgr2'.
[Sun Apr 12 02:19:47 2020]
Finished job 51.
2 of 61 steps (3%) done

[Sun Apr 12 02:19:47 2020]
Job 38: --- Trimming.

Submitted job 38 with external jobid '186278.tinmgr2'.
[Sun Apr 12 02:21:08 2020]
Finished job 56.
3 of 61 steps (5%) done

[Sun Apr 12 02:21:08 2020]
rule filter_uncorrected:
    input: results/rcorrector/duckinfected02/duckinfected02_1.cor.fq.gz, results/rcorrector/duckinfected02/duckinfected02_2.cor.fq.gz
    output: results/duckinfected02_filter/unfixrm_duckinfected02_1.cor.fq, results/duckinfected02_filter/unfixrm_duckinfected02_2.cor.fq
    jobid: 50
    wildcards: smp=duckinfected02

Submitted job 50 with external jobid '186279.tinmgr2'.
Removing temporary output file results/Duckcontrol03_filter/unfixrm_Duckcontrol03_2.cor.fq.
Removing temporary output file results/Duckcontrol03_filter/unfixrm_Duckcontrol03_1.cor.fq.
[Sun Apr 12 02:25:58 2020]
Finished job 38.
4 of 61 steps (7%) done

[Sun Apr 12 02:25:58 2020]
Job 37: --- Quality check of raw data with Fastqc

Submitted job 37 with external jobid '186280.tinmgr2'.
[Sun Apr 12 02:30:18 2020]
Finished job 59.
5 of 61 steps (8%) done

[Sun Apr 12 02:30:18 2020]
rule filter_uncorrected:
    input: results/rcorrector/Duckinfected01/Duckinfected01_1.cor.fq.gz, results/rcorrector/Duckinfected01/Duckinfected01_2.cor.fq.gz
    output: results/Duckinfected01_filter/unfixrm_Duckinfected01_1.cor.fq, results/Duckinfected01_filter/unfixrm_Duckinfected01_2.cor.fq
    jobid: 53
    wildcards: smp=Duckinfected01

Submitted job 53 with external jobid '186281.tinmgr2'.
[Sun Apr 12 02:35:39 2020]
Finished job 37.
6 of 61 steps (10%) done

[Sun Apr 12 02:35:39 2020]
rule rmbadreads:
    input: results/fastqc/Duckcontrol03/Duckcontrol03_val_1_fastqc/fastqc_data.txt, results/fastqc/Duckcontrol03/Duckcontrol03_val_2_fastqc/fastqc_data.txt, fastq_files/trimmed/Duckcontrol03/Duckcontrol03_val_1.fq, fastq_files/trimmed/Duckcontrol03/Duckcontrol03_val_2.fq
    output: rmoverrep_Duckcontrol03_val_1.fq, rmoverrep_Duckcontrol03_val_2.fq
    jobid: 23
    wildcards: smp=Duckcontrol03

Submitted job 23 with external jobid '186282.tinmgr2'.
[Sun Apr 12 02:41:49 2020]
Finished job 50.
7 of 61 steps (11%) done

[Sun Apr 12 02:41:49 2020]
Job 35: --- Trimming.

Submitted job 35 with external jobid '186283.tinmgr2'.
Removing temporary output file results/fastqc/Duckcontrol03/Duckcontrol03_val_2_fastqc/fastqc_data.txt.
Removing temporary output file results/fastqc/Duckcontrol03/Duckcontrol03_val_1_fastqc/fastqc_data.txt.
[Sun Apr 12 02:42:00 2020]
Finished job 23.
8 of 61 steps (13%) done

[Sun Apr 12 02:42:00 2020]
rule star:
    input: rmoverrep_Duckcontrol03_val_1.fq, rmoverrep_Duckcontrol03_val_2.fq
    output: results/STAR_bam/Duckcontrol03Aligned.sortedByCoord.out.bam
    jobid: 11
    wildcards: smp=Duckcontrol03
    threads: 20

Submitted job 11 with external jobid '186284.tinmgr2'.
[Sun Apr 12 02:44:30 2020]
Finished job 60.
9 of 61 steps (15%) done

[Sun Apr 12 02:44:30 2020]
rule filter_uncorrected:
    input: results/rcorrector/Duckcontrol02/Duckcontrol02_1.cor.fq.gz, results/rcorrector/Duckcontrol02/Duckcontrol02_2.cor.fq.gz
    output: results/Duckcontrol02_filter/unfixrm_Duckcontrol02_1.cor.fq, results/Duckcontrol02_filter/unfixrm_Duckcontrol02_2.cor.fq
    jobid: 54
    wildcards: smp=Duckcontrol02

Submitted job 54 with external jobid '186285.tinmgr2'.
[Sun Apr 12 02:46:20 2020]
Finished job 53.
10 of 61 steps (16%) done

[Sun Apr 12 02:46:20 2020]
Job 44: --- Trimming.

Submitted job 44 with external jobid '186286.tinmgr2'.
Removing temporary output file results/duckinfected02_filter/unfixrm_duckinfected02_1.cor.fq.
Removing temporary output file results/duckinfected02_filter/unfixrm_duckinfected02_2.cor.fq.
[Sun Apr 12 02:48:20 2020]
Finished job 35.
11 of 61 steps (18%) done

[Sun Apr 12 02:48:20 2020]
Job 34: --- Quality check of raw data with Fastqc

Submitted job 34 with external jobid '186287.tinmgr2'.
Removing temporary output file results/Duckinfected01_filter/unfixrm_Duckinfected01_1.cor.fq.
Removing temporary output file results/Duckinfected01_filter/unfixrm_Duckinfected01_2.cor.fq.
[Sun Apr 12 02:51:51 2020]
Finished job 44.
12 of 61 steps (20%) done

[Sun Apr 12 02:51:51 2020]
Job 43: --- Quality check of raw data with Fastqc

Submitted job 43 with external jobid '186288.tinmgr2'.
[Sun Apr 12 02:56:31 2020]
Finished job 55.
13 of 61 steps (21%) done

[Sun Apr 12 02:56:31 2020]
rule filter_uncorrected:
    input: results/rcorrector/duckinfected03/duckinfected03_1.cor.fq.gz, results/rcorrector/duckinfected03/duckinfected03_2.cor.fq.gz
    output: results/duckinfected03_filter/unfixrm_duckinfected03_1.cor.fq, results/duckinfected03_filter/unfixrm_duckinfected03_2.cor.fq
    jobid: 49
    wildcards: smp=duckinfected03

Submitted job 49 with external jobid '186289.tinmgr2'.
[Sun Apr 12 03:00:41 2020]
Finished job 34.
14 of 61 steps (23%) done

[Sun Apr 12 03:00:41 2020]
rule rmbadreads:
    input: results/fastqc/duckinfected02/duckinfected02_val_1_fastqc/fastqc_data.txt, results/fastqc/duckinfected02/duckinfected02_val_2_fastqc/fastqc_data.txt, fastq_files/trimmed/duckinfected02/duckinfected02_val_1.fq, fastq_files/trimmed/duckinfected02/duckinfected02_val_2.fq
    output: rmoverrep_duckinfected02_val_1.fq, rmoverrep_duckinfected02_val_2.fq
    jobid: 21
    wildcards: smp=duckinfected02

[Sun Apr 12 03:00:42 2020]
Finished job 43.
15 of 61 steps (25%) done
Submitted job 21 with external jobid '186290.tinmgr2'.

[Sun Apr 12 03:00:42 2020]
rule rmbadreads:
    input: results/fastqc/Duckinfected01/Duckinfected01_val_1_fastqc/fastqc_data.txt, results/fastqc/Duckinfected01/Duckinfected01_val_2_fastqc/fastqc_data.txt, fastq_files/trimmed/Duckinfected01/Duckinfected01_val_1.fq, fastq_files/trimmed/Duckinfected01/Duckinfected01_val_2.fq
    output: rmoverrep_Duckinfected01_val_1.fq, rmoverrep_Duckinfected01_val_2.fq
    jobid: 27
    wildcards: smp=Duckinfected01

Submitted job 27 with external jobid '186291.tinmgr2'.
[Sun Apr 12 03:03:12 2020]
Finished job 54.
16 of 61 steps (26%) done

[Sun Apr 12 03:03:12 2020]
Job 47: --- Trimming.

Submitted job 47 with external jobid '186292.tinmgr2'.
Removing temporary output file results/fastqc/Duckinfected01/Duckinfected01_val_1_fastqc/fastqc_data.txt.
Removing temporary output file results/fastqc/Duckinfected01/Duckinfected01_val_2_fastqc/fastqc_data.txt.
[Sun Apr 12 03:06:12 2020]
Finished job 27.
17 of 61 steps (28%) done

[Sun Apr 12 03:06:12 2020]
rule star:
    input: rmoverrep_Duckinfected01_val_1.fq, rmoverrep_Duckinfected01_val_2.fq
    output: results/STAR_bam/Duckinfected01Aligned.sortedByCoord.out.bam
    jobid: 15
    wildcards: smp=Duckinfected01
    threads: 20

Submitted job 15 with external jobid '186293.tinmgr2'.
Removing temporary output file results/fastqc/duckinfected02/duckinfected02_val_2_fastqc/fastqc_data.txt.
Removing temporary output file results/fastqc/duckinfected02/duckinfected02_val_1_fastqc/fastqc_data.txt.
[Sun Apr 12 03:07:43 2020]
Finished job 21.
18 of 61 steps (30%) done

[Sun Apr 12 03:07:43 2020]
rule star:
    input: rmoverrep_duckinfected02_val_1.fq, rmoverrep_duckinfected02_val_2.fq
    output: results/STAR_bam/duckinfected02Aligned.sortedByCoord.out.bam
    jobid: 9
    wildcards: smp=duckinfected02
    threads: 20

Submitted job 9 with external jobid '186294.tinmgr2'.
[Sun Apr 12 03:14:13 2020]
Finished job 49.
19 of 61 steps (31%) done

[Sun Apr 12 03:14:13 2020]
Job 32: --- Trimming.

Submitted job 32 with external jobid '186295.tinmgr2'.
[Sun Apr 12 03:15:34 2020]
Finished job 11.
20 of 61 steps (33%) done

[Sun Apr 12 03:15:34 2020]
rule htseq:
    input: results/STAR_bam/Duckcontrol03Aligned.sortedByCoord.out.bam, /30days/uqakaraw/duck/duck.gtf
    output: Duckcontrol03.txt, Duckcontrol03.err
    jobid: 39
    wildcards: smp=Duckcontrol03

Submitted job 39 with external jobid '186296.tinmgr2'.
Removing temporary output file results/Duckcontrol02_filter/unfixrm_Duckcontrol02_1.cor.fq.
Removing temporary output file results/Duckcontrol02_filter/unfixrm_Duckcontrol02_2.cor.fq.
[Sun Apr 12 03:18:44 2020]
Finished job 47.
21 of 61 steps (34%) done

[Sun Apr 12 03:18:44 2020]
Job 46: --- Quality check of raw data with Fastqc

Submitted job 46 with external jobid '186297.tinmgr2'.
[Sun Apr 12 03:52:36 2020]
Finished job 58.
22 of 61 steps (36%) done

[Sun Apr 12 03:52:36 2020]
rule filter_uncorrected:
    input: results/rcorrector/DuckControl01/DuckControl01_1.cor.fq.gz, results/rcorrector/DuckControl01/DuckControl01_2.cor.fq.gz
    output: results/DuckControl01_filter/unfixrm_DuckControl01_1.cor.fq, results/DuckControl01_filter/unfixrm_DuckControl01_2.cor.fq
    jobid: 52
    wildcards: smp=DuckControl01

Submitted job 52 with external jobid '186298.tinmgr2'.
[Sun Apr 12 03:53:26 2020]
Finished job 15.
23 of 61 steps (38%) done

[Sun Apr 12 03:53:26 2020]
rule htseq:
    input: results/STAR_bam/Duckinfected01Aligned.sortedByCoord.out.bam, /30days/uqakaraw/duck/duck.gtf
    output: Duckinfected01.txt, Duckinfected01.err
    jobid: 45
    wildcards: smp=Duckinfected01

Submitted job 45 with external jobid '186299.tinmgr2'.
Removing temporary output file results/duckinfected03_filter/unfixrm_duckinfected03_1.cor.fq.
Removing temporary output file results/duckinfected03_filter/unfixrm_duckinfected03_2.cor.fq.
[Sun Apr 12 04:02:37 2020]
Finished job 32.
24 of 61 steps (39%) done

[Sun Apr 12 04:02:37 2020]
Job 31: --- Quality check of raw data with Fastqc

Submitted job 31 with external jobid '186300.tinmgr2'.
[Sun Apr 12 04:34:29 2020]
Finished job 39.
25 of 61 steps (41%) done

[Sun Apr 12 04:34:29 2020]
Job 24: --- Diffrential Gene Expression Analysis with Stringtie step 01

Submitted job 24 with external jobid '186301.tinmgr2'.
[Sun Apr 12 04:39:19 2020]
Finished job 9.
26 of 61 steps (43%) done

[Sun Apr 12 04:39:19 2020]
rule htseq:
    input: results/STAR_bam/duckinfected02Aligned.sortedByCoord.out.bam, /30days/uqakaraw/duck/duck.gtf
    output: duckinfected02.txt, duckinfected02.err
    jobid: 36
    wildcards: smp=duckinfected02

Submitted job 36 with external jobid '186302.tinmgr2'.
[Sun Apr 12 04:45:07 2020]
Finished job 46.
27 of 61 steps (44%) done

[Sun Apr 12 04:45:07 2020]
rule rmbadreads:
    input: results/fastqc/Duckcontrol02/Duckcontrol02_val_1_fastqc/fastqc_data.txt, results/fastqc/Duckcontrol02/Duckcontrol02_val_2_fastqc/fastqc_data.txt, fastq_files/trimmed/Duckcontrol02/Duckcontrol02_val_1.fq, fastq_files/trimmed/Duckcontrol02/Duckcontrol02_val_2.fq
    output: rmoverrep_Duckcontrol02_val_1.fq, rmoverrep_Duckcontrol02_val_2.fq
    jobid: 29
    wildcards: smp=Duckcontrol02

Submitted job 29 with external jobid '186303.tinmgr2'.
[Sun Apr 12 04:55:38 2020]
Finished job 45.
28 of 61 steps (46%) done

[Sun Apr 12 04:55:38 2020]
Job 28: --- Diffrential Gene Expression Analysis with Stringtie step 01

Submitted job 28 with external jobid '186304.tinmgr2'.
[Sun Apr 12 05:02:59 2020]
Finished job 52.
29 of 61 steps (48%) done

[Sun Apr 12 05:02:59 2020]
Job 41: --- Trimming.

Submitted job 41 with external jobid '186305.tinmgr2'.
[Sun Apr 12 05:05:39 2020]
Finished job 24.
30 of 61 steps (49%) done

[Sun Apr 12 05:05:39 2020]
rule stringtie_merge:
    input: results/Duckcontrol03.list, /30days/uqakaraw/duck/duck.gtf
    output: Duckcontrol03_merged.gtf
    jobid: 12
    wildcards: smp=Duckcontrol03

Submitted job 12 with external jobid '186306.tinmgr2'.
[Sun Apr 12 05:05:49 2020]
Finished job 31.
31 of 61 steps (51%) done

[Sun Apr 12 05:05:49 2020]
rule rmbadreads:
    input: results/fastqc/duckinfected03/duckinfected03_val_1_fastqc/fastqc_data.txt, results/fastqc/duckinfected03/duckinfected03_val_2_fastqc/fastqc_data.txt, fastq_files/trimmed/duckinfected03/duckinfected03_val_1.fq, fastq_files/trimmed/duckinfected03/duckinfected03_val_2.fq
    output: rmoverrep_duckinfected03_val_1.fq, rmoverrep_duckinfected03_val_2.fq
    jobid: 19
    wildcards: smp=duckinfected03

Submitted job 19 with external jobid '186307.tinmgr2'.
Removing temporary output file results/Duckcontrol03.list.
[Sun Apr 12 05:12:20 2020]
Finished job 12.
32 of 61 steps (52%) done

[Sun Apr 12 05:12:20 2020]
Job 3: --- Diffrential Gene Expression Analysis with Stringtie step 02

Submitted job 3 with external jobid '186308.tinmgr2'.
[Sun Apr 12 05:12:50 2020]
Finished job 28.
33 of 61 steps (54%) done

[Sun Apr 12 05:12:50 2020]
rule stringtie_merge:
    input: results/Duckinfected01.list, /30days/uqakaraw/duck/duck.gtf
    output: Duckinfected01_merged.gtf
    jobid: 16
    wildcards: smp=Duckinfected01

Submitted job 16 with external jobid '186309.tinmgr2'.
Removing temporary output file results/fastqc/Duckcontrol02/Duckcontrol02_val_1_fastqc/fastqc_data.txt.
Removing temporary output file results/fastqc/Duckcontrol02/Duckcontrol02_val_2_fastqc/fastqc_data.txt.
[Sun Apr 12 05:13:11 2020]
Finished job 29.
34 of 61 steps (56%) done

[Sun Apr 12 05:13:11 2020]
rule star:
    input: rmoverrep_Duckcontrol02_val_1.fq, rmoverrep_Duckcontrol02_val_2.fq
    output: results/STAR_bam/Duckcontrol02Aligned.sortedByCoord.out.bam
    jobid: 17
    wildcards: smp=Duckcontrol02
    threads: 20

Submitted job 17 with external jobid '186310.tinmgr2'.
Removing temporary output file results/Duckinfected01.list.
[Sun Apr 12 05:13:51 2020]
Finished job 16.
35 of 61 steps (57%) done

[Sun Apr 12 05:13:51 2020]
Job 5: --- Diffrential Gene Expression Analysis with Stringtie step 02

Submitted job 5 with external jobid '186311.tinmgr2'.
[Sun Apr 12 05:14:51 2020]
Finished job 3.
36 of 61 steps (59%) done
[Sun Apr 12 05:14:51 2020]
Finished job 5.
37 of 61 steps (61%) done
[Sun Apr 12 05:18:21 2020]
Finished job 36.
38 of 61 steps (62%) done

[Sun Apr 12 05:18:21 2020]
Job 22: --- Diffrential Gene Expression Analysis with Stringtie step 01

Submitted job 22 with external jobid '186312.tinmgr2'.
Removing temporary output file results/fastqc/duckinfected03/duckinfected03_val_2_fastqc/fastqc_data.txt.
Removing temporary output file results/fastqc/duckinfected03/duckinfected03_val_1_fastqc/fastqc_data.txt.
[Sun Apr 12 05:18:51 2020]
Finished job 19.
39 of 61 steps (64%) done

[Sun Apr 12 05:18:52 2020]
rule star:
    input: rmoverrep_duckinfected03_val_1.fq, rmoverrep_duckinfected03_val_2.fq
    output: results/STAR_bam/duckinfected03Aligned.sortedByCoord.out.bam
    jobid: 7
    wildcards: smp=duckinfected03
    threads: 20

Submitted job 7 with external jobid '186313.tinmgr2'.
Removing temporary output file results/DuckControl01_filter/unfixrm_DuckControl01_2.cor.fq.
Removing temporary output file results/DuckControl01_filter/unfixrm_DuckControl01_1.cor.fq.
[Sun Apr 12 05:19:21 2020]
Finished job 41.
40 of 61 steps (66%) done

[Sun Apr 12 05:19:21 2020]
Job 40: --- Quality check of raw data with Fastqc

Submitted job 40 with external jobid '186314.tinmgr2'.
[Sun Apr 12 05:19:31 2020]
Finished job 22.
41 of 61 steps (67%) done

[Sun Apr 12 05:19:31 2020]
rule stringtie_merge:
    input: results/duckinfected02.list, /30days/uqakaraw/duck/duck.gtf
    output: duckinfected02_merged.gtf
    jobid: 10
    wildcards: smp=duckinfected02

Submitted job 10 with external jobid '186315.tinmgr2'.
Removing temporary output file results/duckinfected02.list.
[Sun Apr 12 05:19:52 2020]
Finished job 10.
42 of 61 steps (69%) done

[Sun Apr 12 05:19:52 2020]
Job 2: --- Diffrential Gene Expression Analysis with Stringtie step 02

Submitted job 2 with external jobid '186316.tinmgr2'.
[Sun Apr 12 05:20:52 2020]
Finished job 2.
43 of 61 steps (70%) done
[Sun Apr 12 05:31:12 2020]
Finished job 40.
44 of 61 steps (72%) done

[Sun Apr 12 05:31:12 2020]
rule rmbadreads:
    input: results/fastqc/DuckControl01/DuckControl01_val_1_fastqc/fastqc_data.txt, results/fastqc/DuckControl01/DuckControl01_val_2_fastqc/fastqc_data.txt, fastq_files/trimmed/DuckControl01/DuckControl01_val_1.fq, fastq_files/trimmed/DuckControl01/DuckControl01_val_2.fq
    output: rmoverrep_DuckControl01_val_1.fq, rmoverrep_DuckControl01_val_2.fq
    jobid: 25
    wildcards: smp=DuckControl01

Submitted job 25 with external jobid '186317.tinmgr2'.
Removing temporary output file results/fastqc/DuckControl01/DuckControl01_val_1_fastqc/fastqc_data.txt.
Removing temporary output file results/fastqc/DuckControl01/DuckControl01_val_2_fastqc/fastqc_data.txt.
[Sun Apr 12 05:39:23 2020]
Finished job 25.
45 of 61 steps (74%) done

[Sun Apr 12 05:39:23 2020]
rule star:
    input: rmoverrep_DuckControl01_val_1.fq, rmoverrep_DuckControl01_val_2.fq
    output: results/STAR_bam/DuckControl01Aligned.sortedByCoord.out.bam
    jobid: 13
    wildcards: smp=DuckControl01
    threads: 20

Submitted job 13 with external jobid '186318.tinmgr2'.
[Sun Apr 12 05:46:23 2020]
Finished job 17.
46 of 61 steps (75%) done

[Sun Apr 12 05:46:23 2020]
rule htseq:
    input: results/STAR_bam/Duckcontrol02Aligned.sortedByCoord.out.bam, /30days/uqakaraw/duck/duck.gtf
    output: Duckcontrol02.txt, Duckcontrol02.err
    jobid: 48
    wildcards: smp=Duckcontrol02

Submitted job 48 with external jobid '186324.tinmgr2'.
[Sun Apr 12 05:56:45 2020]
Finished job 7.
47 of 61 steps (77%) done

[Sun Apr 12 05:56:45 2020]
rule htseq:
    input: results/STAR_bam/duckinfected03Aligned.sortedByCoord.out.bam, /30days/uqakaraw/duck/duck.gtf
    output: duckinfected03.txt, duckinfected03.err
    jobid: 33
    wildcards: smp=duckinfected03

Submitted job 33 with external jobid '186325.tinmgr2'.
[Sun Apr 12 06:16:36 2020]
Finished job 13.
48 of 61 steps (79%) done

[Sun Apr 12 06:16:36 2020]
rule htseq:
    input: results/STAR_bam/DuckControl01Aligned.sortedByCoord.out.bam, /30days/uqakaraw/duck/duck.gtf
    output: DuckControl01.txt, DuckControl01.err
    jobid: 42
    wildcards: smp=DuckControl01

Submitted job 42 with external jobid '186326.tinmgr2'.
[Sun Apr 12 06:16:56 2020]
Finished job 48.
49 of 61 steps (80%) done

[Sun Apr 12 06:16:56 2020]
Job 30: --- Diffrential Gene Expression Analysis with Stringtie step 01

Submitted job 30 with external jobid '186327.tinmgr2'.
[Sun Apr 12 07:01:59 2020]
Finished job 33.
50 of 61 steps (82%) done

[Sun Apr 12 07:01:59 2020]
Job 20: --- Diffrential Gene Expression Analysis with Stringtie step 01

Submitted job 20 with external jobid '186328.tinmgr2'.
[Sun Apr 12 07:27:40 2020]
Finished job 20.
51 of 61 steps (84%) done

[Sun Apr 12 07:27:40 2020]
rule stringtie_merge:
    input: results/duckinfected03.list, /30days/uqakaraw/duck/duck.gtf
    output: duckinfected03_merged.gtf
    jobid: 8
    wildcards: smp=duckinfected03

Submitted job 8 with external jobid '186329.tinmgr2'.
Removing temporary output file results/duckinfected03.list.
[Sun Apr 12 07:28:11 2020]
Finished job 8.
52 of 61 steps (85%) done

[Sun Apr 12 07:28:11 2020]
Job 1: --- Diffrential Gene Expression Analysis with Stringtie step 02

Submitted job 1 with external jobid '186330.tinmgr2'.
[Sun Apr 12 07:28:41 2020]
Finished job 30.
53 of 61 steps (87%) done

[Sun Apr 12 07:28:41 2020]
rule stringtie_merge:
    input: results/Duckcontrol02.list, /30days/uqakaraw/duck/duck.gtf
    output: Duckcontrol02_merged.gtf
    jobid: 18
    wildcards: smp=Duckcontrol02

Submitted job 18 with external jobid '186331.tinmgr2'.
[Sun Apr 12 07:29:01 2020]
Finished job 1.
54 of 61 steps (89%) done
Removing temporary output file results/Duckcontrol02.list.
[Sun Apr 12 07:29:11 2020]
Finished job 18.
55 of 61 steps (90%) done

[Sun Apr 12 07:29:11 2020]
Job 6: --- Diffrential Gene Expression Analysis with Stringtie step 02

Submitted job 6 with external jobid '186332.tinmgr2'.
[Sun Apr 12 07:31:01 2020]
Finished job 6.
56 of 61 steps (92%) done
[Sun Apr 12 07:33:21 2020]
Finished job 42.
57 of 61 steps (93%) done

[Sun Apr 12 07:33:21 2020]
Job 26: --- Diffrential Gene Expression Analysis with Stringtie step 01

Submitted job 26 with external jobid '186333.tinmgr2'.
[Sun Apr 12 07:35:41 2020]
Finished job 26.
58 of 61 steps (95%) done

[Sun Apr 12 07:35:41 2020]
rule stringtie_merge:
    input: results/DuckControl01.list, /30days/uqakaraw/duck/duck.gtf
    output: DuckControl01_merged.gtf
    jobid: 14
    wildcards: smp=DuckControl01

Submitted job 14 with external jobid '186334.tinmgr2'.
Removing temporary output file results/DuckControl01.list.
[Sun Apr 12 07:36:12 2020]
Finished job 14.
59 of 61 steps (97%) done

[Sun Apr 12 07:36:12 2020]
Job 4: --- Diffrential Gene Expression Analysis with Stringtie step 02

Submitted job 4 with external jobid '186335.tinmgr2'.
[Sun Apr 12 07:38:22 2020]
Finished job 4.
60 of 61 steps (98%) done

[Sun Apr 12 07:38:22 2020]
localrule all:
    input: results/duckinfected03.gtf, results/duckinfected02.gtf, results/Duckcontrol03.gtf, results/DuckControl01.gtf, results/Duckinfected01.gtf, results/Duckcontrol02.gtf
    jobid: 0

[Sun Apr 12 07:38:22 2020]
Finished job 0.
61 of 61 steps (100%) done
Complete log: /gpfs1/scratch/30days/uqakaraw/76.RNAseq_Infection/duck/.snakemake/log/2020-04-11T220322.730640.snakemake.log
