Building DAG of jobs...
Using shell: /usr/bin/bash
Provided cluster nodes: 6
Job counts:
	count	jobs
	1	all
	6	fastqc1
	6	filter_uncorrected
	6	rcorrector
	6	trimming
	25

[Wed Jun 24 16:33:54 2020]
Job 20: --- Quality check of raw data with Fastqc.

mkdir -p fastqc && fastqc --outdir fastqc/duckinfected02 --extract -f fastq /30days/uqakaraw/FASTQDIR_never_DELETE/duck/duckinfected02_1.fastq.gz /30days/uqakaraw/FASTQDIR_never_DELETE/duck/duckinfected02_2.fastq.gz
Submitted job 20 with external jobid '244214.tinmgr2'.

[Wed Jun 24 16:33:55 2020]
Job 22: --- Quality check of raw data with Fastqc.

mkdir -p fastqc && fastqc --outdir fastqc/DuckControl01 --extract -f fastq /30days/uqakaraw/FASTQDIR_never_DELETE/duck/DuckControl01_1.fastq.gz /30days/uqakaraw/FASTQDIR_never_DELETE/duck/DuckControl01_2.fastq.gz
Submitted job 22 with external jobid '244215.tinmgr2'.

[Wed Jun 24 16:33:55 2020]
Job 21: --- Quality check of raw data with Fastqc.

mkdir -p fastqc && fastqc --outdir fastqc/Duckcontrol03 --extract -f fastq /30days/uqakaraw/FASTQDIR_never_DELETE/duck/Duckcontrol03_1.fastq.gz /30days/uqakaraw/FASTQDIR_never_DELETE/duck/Duckcontrol03_2.fastq.gz
Submitted job 21 with external jobid '244216.tinmgr2'.

[Wed Jun 24 16:33:55 2020]
Job 24: --- Quality check of raw data with Fastqc.

mkdir -p fastqc && fastqc --outdir fastqc/Duckcontrol02 --extract -f fastq /30days/uqakaraw/FASTQDIR_never_DELETE/duck/Duckcontrol02_1.fastq.gz /30days/uqakaraw/FASTQDIR_never_DELETE/duck/Duckcontrol02_2.fastq.gz
Submitted job 24 with external jobid '244217.tinmgr2'.

[Wed Jun 24 16:33:56 2020]
Job 19: --- Quality check of raw data with Fastqc.

mkdir -p fastqc && fastqc --outdir fastqc/duckinfected03 --extract -f fastq /30days/uqakaraw/FASTQDIR_never_DELETE/duck/duckinfected03_1.fastq.gz /30days/uqakaraw/FASTQDIR_never_DELETE/duck/duckinfected03_2.fastq.gz
Submitted job 19 with external jobid '244218.tinmgr2'.

[Wed Jun 24 16:33:56 2020]
Job 23: --- Quality check of raw data with Fastqc.

mkdir -p fastqc && fastqc --outdir fastqc/Duckinfected01 --extract -f fastq /30days/uqakaraw/FASTQDIR_never_DELETE/duck/Duckinfected01_1.fastq.gz /30days/uqakaraw/FASTQDIR_never_DELETE/duck/Duckinfected01_2.fastq.gz
Submitted job 23 with external jobid '244219.tinmgr2'.
[Wed Jun 24 21:34:12 2020]
Finished job 20.
1 of 25 steps (4%) done

[Wed Jun 24 21:34:12 2020]
rule rcorrector:
    input: /30days/uqakaraw/FASTQDIR_never_DELETE/duck/duckinfected02_1.fastq.gz, /30days/uqakaraw/FASTQDIR_never_DELETE/duck/duckinfected02_2.fastq.gz, fastqc/duckinfected02/duckinfected02_1_fastqc.zip, fastqc/duckinfected02/duckinfected02_2_fastqc.zip
    output: results/rcorrector/duckinfected02/duckinfected02_1.cor.fq.gz, results/rcorrector/duckinfected02/duckinfected02_2.cor.fq.gz
    jobid: 14
    wildcards: smp=duckinfected02
    threads: 20

 run_rcorrector.pl -od results/rcorrector/duckinfected02 -t 20 -1 /30days/uqakaraw/FASTQDIR_never_DELETE/duck/duckinfected02_1.fastq.gz -2 /30days/uqakaraw/FASTQDIR_never_DELETE/duck/duckinfected02_2.fastq.gz 
Submitted job 14 with external jobid '244881.tinmgr2'.
[Wed Jun 24 21:53:03 2020]
Finished job 22.
2 of 25 steps (8%) done

[Wed Jun 24 21:53:03 2020]
rule rcorrector:
    input: /30days/uqakaraw/FASTQDIR_never_DELETE/duck/DuckControl01_1.fastq.gz, /30days/uqakaraw/FASTQDIR_never_DELETE/duck/DuckControl01_2.fastq.gz, fastqc/DuckControl01/DuckControl01_1_fastqc.zip, fastqc/DuckControl01/DuckControl01_2_fastqc.zip
    output: results/rcorrector/DuckControl01/DuckControl01_1.cor.fq.gz, results/rcorrector/DuckControl01/DuckControl01_2.cor.fq.gz
    jobid: 16
    wildcards: smp=DuckControl01
    threads: 20

 run_rcorrector.pl -od results/rcorrector/DuckControl01 -t 20 -1 /30days/uqakaraw/FASTQDIR_never_DELETE/duck/DuckControl01_1.fastq.gz -2 /30days/uqakaraw/FASTQDIR_never_DELETE/duck/DuckControl01_2.fastq.gz 
Submitted job 16 with external jobid '244886.tinmgr2'.
[Wed Jun 24 21:53:14 2020]
Finished job 19.
3 of 25 steps (12%) done

[Wed Jun 24 21:53:14 2020]
rule rcorrector:
    input: /30days/uqakaraw/FASTQDIR_never_DELETE/duck/duckinfected03_1.fastq.gz, /30days/uqakaraw/FASTQDIR_never_DELETE/duck/duckinfected03_2.fastq.gz, fastqc/duckinfected03/duckinfected03_1_fastqc.zip, fastqc/duckinfected03/duckinfected03_2_fastqc.zip
    output: results/rcorrector/duckinfected03/duckinfected03_1.cor.fq.gz, results/rcorrector/duckinfected03/duckinfected03_2.cor.fq.gz
    jobid: 13
    wildcards: smp=duckinfected03
    threads: 20

 run_rcorrector.pl -od results/rcorrector/duckinfected03 -t 20 -1 /30days/uqakaraw/FASTQDIR_never_DELETE/duck/duckinfected03_1.fastq.gz -2 /30days/uqakaraw/FASTQDIR_never_DELETE/duck/duckinfected03_2.fastq.gz 
Submitted job 13 with external jobid '244887.tinmgr2'.
[Wed Jun 24 21:53:24 2020]
Finished job 24.
4 of 25 steps (16%) done

[Wed Jun 24 21:53:24 2020]
rule rcorrector:
    input: /30days/uqakaraw/FASTQDIR_never_DELETE/duck/Duckcontrol02_1.fastq.gz, /30days/uqakaraw/FASTQDIR_never_DELETE/duck/Duckcontrol02_2.fastq.gz, fastqc/Duckcontrol02/Duckcontrol02_1_fastqc.zip, fastqc/Duckcontrol02/Duckcontrol02_2_fastqc.zip
    output: results/rcorrector/Duckcontrol02/Duckcontrol02_1.cor.fq.gz, results/rcorrector/Duckcontrol02/Duckcontrol02_2.cor.fq.gz
    jobid: 18
    wildcards: smp=Duckcontrol02
    threads: 20

 run_rcorrector.pl -od results/rcorrector/Duckcontrol02 -t 20 -1 /30days/uqakaraw/FASTQDIR_never_DELETE/duck/Duckcontrol02_1.fastq.gz -2 /30days/uqakaraw/FASTQDIR_never_DELETE/duck/Duckcontrol02_2.fastq.gz 
Submitted job 18 with external jobid '244888.tinmgr2'.
[Wed Jun 24 21:53:34 2020]
Finished job 21.
5 of 25 steps (20%) done

[Wed Jun 24 21:53:34 2020]
rule rcorrector:
    input: /30days/uqakaraw/FASTQDIR_never_DELETE/duck/Duckcontrol03_1.fastq.gz, /30days/uqakaraw/FASTQDIR_never_DELETE/duck/Duckcontrol03_2.fastq.gz, fastqc/Duckcontrol03/Duckcontrol03_1_fastqc.zip, fastqc/Duckcontrol03/Duckcontrol03_2_fastqc.zip
    output: results/rcorrector/Duckcontrol03/Duckcontrol03_1.cor.fq.gz, results/rcorrector/Duckcontrol03/Duckcontrol03_2.cor.fq.gz
    jobid: 15
    wildcards: smp=Duckcontrol03
    threads: 20

 run_rcorrector.pl -od results/rcorrector/Duckcontrol03 -t 20 -1 /30days/uqakaraw/FASTQDIR_never_DELETE/duck/Duckcontrol03_1.fastq.gz -2 /30days/uqakaraw/FASTQDIR_never_DELETE/duck/Duckcontrol03_2.fastq.gz 
Submitted job 15 with external jobid '244889.tinmgr2'.
[Wed Jun 24 22:01:14 2020]
Finished job 23.
6 of 25 steps (24%) done

[Wed Jun 24 22:01:14 2020]
rule rcorrector:
    input: /30days/uqakaraw/FASTQDIR_never_DELETE/duck/Duckinfected01_1.fastq.gz, /30days/uqakaraw/FASTQDIR_never_DELETE/duck/Duckinfected01_2.fastq.gz, fastqc/Duckinfected01/Duckinfected01_1_fastqc.zip, fastqc/Duckinfected01/Duckinfected01_2_fastqc.zip
    output: results/rcorrector/Duckinfected01/Duckinfected01_1.cor.fq.gz, results/rcorrector/Duckinfected01/Duckinfected01_2.cor.fq.gz
    jobid: 17
    wildcards: smp=Duckinfected01
    threads: 20

 run_rcorrector.pl -od results/rcorrector/Duckinfected01 -t 20 -1 /30days/uqakaraw/FASTQDIR_never_DELETE/duck/Duckinfected01_1.fastq.gz -2 /30days/uqakaraw/FASTQDIR_never_DELETE/duck/Duckinfected01_2.fastq.gz 
Submitted job 17 with external jobid '244890.tinmgr2'.
[Thu Jun 25 03:41:24 2020]
Finished job 15.
7 of 25 steps (28%) done

[Thu Jun 25 03:41:25 2020]
rule filter_uncorrected:
    input: results/rcorrector/Duckcontrol03/Duckcontrol03_1.cor.fq.gz, results/rcorrector/Duckcontrol03/Duckcontrol03_2.cor.fq.gz
    output: results/Duckcontrol03_filter/unfixrm_Duckcontrol03_1.cor.fq, results/Duckcontrol03_filter/unfixrm_Duckcontrol03_2.cor.fq
    jobid: 9
    wildcards: smp=Duckcontrol03

 mkdir -p results/Duckcontrol03_filter && FilterUncorrectabledPEfastq.py -1 results/rcorrector/Duckcontrol03/Duckcontrol03_1.cor.fq.gz -2 results/rcorrector/Duckcontrol03/Duckcontrol03_2.cor.fq.gz && mv unfixrm_Duckcontrol03_1.cor.fq unfixrm_Duckcontrol03_2.cor.fq results/Duckcontrol03_filter
Submitted job 9 with external jobid '246629.tinmgr2'.
[Thu Jun 25 04:08:06 2020]
Finished job 14.
8 of 25 steps (32%) done

[Thu Jun 25 04:08:06 2020]
rule filter_uncorrected:
    input: results/rcorrector/duckinfected02/duckinfected02_1.cor.fq.gz, results/rcorrector/duckinfected02/duckinfected02_2.cor.fq.gz
    output: results/duckinfected02_filter/unfixrm_duckinfected02_1.cor.fq, results/duckinfected02_filter/unfixrm_duckinfected02_2.cor.fq
    jobid: 8
    wildcards: smp=duckinfected02

 mkdir -p results/duckinfected02_filter && FilterUncorrectabledPEfastq.py -1 results/rcorrector/duckinfected02/duckinfected02_1.cor.fq.gz -2 results/rcorrector/duckinfected02/duckinfected02_2.cor.fq.gz && mv unfixrm_duckinfected02_1.cor.fq unfixrm_duckinfected02_2.cor.fq results/duckinfected02_filter
Submitted job 8 with external jobid '246630.tinmgr2'.
[Thu Jun 25 04:37:58 2020]
Finished job 18.
9 of 25 steps (36%) done

[Thu Jun 25 04:37:58 2020]
rule filter_uncorrected:
    input: results/rcorrector/Duckcontrol02/Duckcontrol02_1.cor.fq.gz, results/rcorrector/Duckcontrol02/Duckcontrol02_2.cor.fq.gz
    output: results/Duckcontrol02_filter/unfixrm_Duckcontrol02_1.cor.fq, results/Duckcontrol02_filter/unfixrm_Duckcontrol02_2.cor.fq
    jobid: 12
    wildcards: smp=Duckcontrol02

 mkdir -p results/Duckcontrol02_filter && FilterUncorrectabledPEfastq.py -1 results/rcorrector/Duckcontrol02/Duckcontrol02_1.cor.fq.gz -2 results/rcorrector/Duckcontrol02/Duckcontrol02_2.cor.fq.gz && mv unfixrm_Duckcontrol02_1.cor.fq unfixrm_Duckcontrol02_2.cor.fq results/Duckcontrol02_filter
Submitted job 12 with external jobid '246634.tinmgr2'.
[Thu Jun 25 04:39:08 2020]
Finished job 17.
10 of 25 steps (40%) done

[Thu Jun 25 04:39:08 2020]
rule filter_uncorrected:
    input: results/rcorrector/Duckinfected01/Duckinfected01_1.cor.fq.gz, results/rcorrector/Duckinfected01/Duckinfected01_2.cor.fq.gz
    output: results/Duckinfected01_filter/unfixrm_Duckinfected01_1.cor.fq, results/Duckinfected01_filter/unfixrm_Duckinfected01_2.cor.fq
    jobid: 11
    wildcards: smp=Duckinfected01

 mkdir -p results/Duckinfected01_filter && FilterUncorrectabledPEfastq.py -1 results/rcorrector/Duckinfected01/Duckinfected01_1.cor.fq.gz -2 results/rcorrector/Duckinfected01/Duckinfected01_2.cor.fq.gz && mv unfixrm_Duckinfected01_1.cor.fq unfixrm_Duckinfected01_2.cor.fq results/Duckinfected01_filter
Submitted job 11 with external jobid '246635.tinmgr2'.
[Thu Jun 25 04:41:38 2020]
Finished job 13.
11 of 25 steps (44%) done

[Thu Jun 25 04:41:38 2020]
rule filter_uncorrected:
    input: results/rcorrector/duckinfected03/duckinfected03_1.cor.fq.gz, results/rcorrector/duckinfected03/duckinfected03_2.cor.fq.gz
    output: results/duckinfected03_filter/unfixrm_duckinfected03_1.cor.fq, results/duckinfected03_filter/unfixrm_duckinfected03_2.cor.fq
    jobid: 7
    wildcards: smp=duckinfected03

 mkdir -p results/duckinfected03_filter && FilterUncorrectabledPEfastq.py -1 results/rcorrector/duckinfected03/duckinfected03_1.cor.fq.gz -2 results/rcorrector/duckinfected03/duckinfected03_2.cor.fq.gz && mv unfixrm_duckinfected03_1.cor.fq unfixrm_duckinfected03_2.cor.fq results/duckinfected03_filter
Submitted job 7 with external jobid '246636.tinmgr2'.
[Thu Jun 25 05:24:21 2020]
Error in rule filter_uncorrected:
    jobid: 9
    output: results/Duckcontrol03_filter/unfixrm_Duckcontrol03_1.cor.fq, results/Duckcontrol03_filter/unfixrm_Duckcontrol03_2.cor.fq
    shell:
         mkdir -p results/Duckcontrol03_filter && FilterUncorrectabledPEfastq.py -1 results/rcorrector/Duckcontrol03/Duckcontrol03_1.cor.fq.gz -2 results/rcorrector/Duckcontrol03/Duckcontrol03_2.cor.fq.gz && mv unfixrm_Duckcontrol03_1.cor.fq unfixrm_Duckcontrol03_2.cor.fq results/Duckcontrol03_filter
        (one of the commands exited with non-zero exit code; note that snakemake uses bash strict mode!)
    cluster_jobid: 246629.tinmgr2

Error executing rule filter_uncorrected on cluster (jobid: 9, external: 246629.tinmgr2, jobscript: /gpfs1/scratch/30days/uqakaraw/76.RNAseq_Infection/duck/.snakemake/tmp.qagnawsu/snakejob.filter_uncorrected.9.sh). For error details see the cluster log and the log files of the involved rule(s).
[Thu Jun 25 05:24:31 2020]
Error in rule filter_uncorrected:
    jobid: 8
    output: results/duckinfected02_filter/unfixrm_duckinfected02_1.cor.fq, results/duckinfected02_filter/unfixrm_duckinfected02_2.cor.fq
    shell:
         mkdir -p results/duckinfected02_filter && FilterUncorrectabledPEfastq.py -1 results/rcorrector/duckinfected02/duckinfected02_1.cor.fq.gz -2 results/rcorrector/duckinfected02/duckinfected02_2.cor.fq.gz && mv unfixrm_duckinfected02_1.cor.fq unfixrm_duckinfected02_2.cor.fq results/duckinfected02_filter
        (one of the commands exited with non-zero exit code; note that snakemake uses bash strict mode!)
    cluster_jobid: 246630.tinmgr2

Error executing rule filter_uncorrected on cluster (jobid: 8, external: 246630.tinmgr2, jobscript: /gpfs1/scratch/30days/uqakaraw/76.RNAseq_Infection/duck/.snakemake/tmp.qagnawsu/snakejob.filter_uncorrected.8.sh). For error details see the cluster log and the log files of the involved rule(s).
[Thu Jun 25 05:24:31 2020]
Error in rule filter_uncorrected:
    jobid: 12
    output: results/Duckcontrol02_filter/unfixrm_Duckcontrol02_1.cor.fq, results/Duckcontrol02_filter/unfixrm_Duckcontrol02_2.cor.fq
    shell:
         mkdir -p results/Duckcontrol02_filter && FilterUncorrectabledPEfastq.py -1 results/rcorrector/Duckcontrol02/Duckcontrol02_1.cor.fq.gz -2 results/rcorrector/Duckcontrol02/Duckcontrol02_2.cor.fq.gz && mv unfixrm_Duckcontrol02_1.cor.fq unfixrm_Duckcontrol02_2.cor.fq results/Duckcontrol02_filter
        (one of the commands exited with non-zero exit code; note that snakemake uses bash strict mode!)
    cluster_jobid: 246634.tinmgr2

Error executing rule filter_uncorrected on cluster (jobid: 12, external: 246634.tinmgr2, jobscript: /gpfs1/scratch/30days/uqakaraw/76.RNAseq_Infection/duck/.snakemake/tmp.qagnawsu/snakejob.filter_uncorrected.12.sh). For error details see the cluster log and the log files of the involved rule(s).
[Thu Jun 25 05:24:41 2020]
Error in rule filter_uncorrected:
    jobid: 11
    output: results/Duckinfected01_filter/unfixrm_Duckinfected01_1.cor.fq, results/Duckinfected01_filter/unfixrm_Duckinfected01_2.cor.fq
    shell:
         mkdir -p results/Duckinfected01_filter && FilterUncorrectabledPEfastq.py -1 results/rcorrector/Duckinfected01/Duckinfected01_1.cor.fq.gz -2 results/rcorrector/Duckinfected01/Duckinfected01_2.cor.fq.gz && mv unfixrm_Duckinfected01_1.cor.fq unfixrm_Duckinfected01_2.cor.fq results/Duckinfected01_filter
        (one of the commands exited with non-zero exit code; note that snakemake uses bash strict mode!)
    cluster_jobid: 246635.tinmgr2

Error executing rule filter_uncorrected on cluster (jobid: 11, external: 246635.tinmgr2, jobscript: /gpfs1/scratch/30days/uqakaraw/76.RNAseq_Infection/duck/.snakemake/tmp.qagnawsu/snakejob.filter_uncorrected.11.sh). For error details see the cluster log and the log files of the involved rule(s).
[Thu Jun 25 05:24:51 2020]
Error in rule filter_uncorrected:
    jobid: 7
    output: results/duckinfected03_filter/unfixrm_duckinfected03_1.cor.fq, results/duckinfected03_filter/unfixrm_duckinfected03_2.cor.fq
    shell:
         mkdir -p results/duckinfected03_filter && FilterUncorrectabledPEfastq.py -1 results/rcorrector/duckinfected03/duckinfected03_1.cor.fq.gz -2 results/rcorrector/duckinfected03/duckinfected03_2.cor.fq.gz && mv unfixrm_duckinfected03_1.cor.fq unfixrm_duckinfected03_2.cor.fq results/duckinfected03_filter
        (one of the commands exited with non-zero exit code; note that snakemake uses bash strict mode!)
    cluster_jobid: 246636.tinmgr2

Error executing rule filter_uncorrected on cluster (jobid: 7, external: 246636.tinmgr2, jobscript: /gpfs1/scratch/30days/uqakaraw/76.RNAseq_Infection/duck/.snakemake/tmp.qagnawsu/snakejob.filter_uncorrected.7.sh). For error details see the cluster log and the log files of the involved rule(s).
[Thu Jun 25 05:36:51 2020]
Finished job 16.
12 of 25 steps (48%) done
Shutting down, this might take some time.
Exiting because a job execution failed. Look above for error message
Complete log: /gpfs1/scratch/30days/uqakaraw/76.RNAseq_Infection/duck/.snakemake/log/2020-06-24T163353.391599.snakemake.log
