Building DAG of jobs...
Using shell: /usr/bin/bash
Provided cluster nodes: 6
Job counts:
	count	jobs
	1	all
	6	fastqc1
	6	fastqc2
	6	filter_uncorrected
	6	htseq
	6	rcorrector
	6	rmbadreads
	6	star
	6	stringtie01
	6	stringtie02
	6	stringtie_merge
	6	trimming
	67

[Sat Apr 11 20:21:59 2020]
Job 63: --- Quality check of raw data with Fastqc.

Submitted job 63 with external jobid '186214.tinmgr2'.

[Sat Apr 11 20:21:59 2020]
Job 65: --- Quality check of raw data with Fastqc.

Submitted job 65 with external jobid '186215.tinmgr2'.

[Sat Apr 11 20:21:59 2020]
Job 64: --- Quality check of raw data with Fastqc.

Submitted job 64 with external jobid '186216.tinmgr2'.

[Sat Apr 11 20:21:59 2020]
Job 61: --- Quality check of raw data with Fastqc.

Submitted job 61 with external jobid '186217.tinmgr2'.

[Sat Apr 11 20:21:59 2020]
Job 66: --- Quality check of raw data with Fastqc.

Submitted job 66 with external jobid '186218.tinmgr2'.

[Sat Apr 11 20:22:00 2020]
Job 62: --- Quality check of raw data with Fastqc.

Submitted job 62 with external jobid '186219.tinmgr2'.
[Sat Apr 11 20:41:31 2020]
Finished job 65.
1 of 67 steps (1%) done

[Sat Apr 11 20:41:31 2020]
rule rcorrector:
    input: /30days/uqakaraw/FASTQDIR_never_DELETE/duck/Duckinfected01_1.fastq.gz, /30days/uqakaraw/FASTQDIR_never_DELETE/duck/Duckinfected01_2.fastq.gz, fastqc/Duckinfected01/Duckinfected01_1_fastqc.zip, fastqc/Duckinfected01/Duckinfected01_2_fastqc.zip
    output: results/rcorrector/Duckinfected01/Duckinfected01_1.cor.fq.gz, results/rcorrector/Duckinfected01/Duckinfected01_2.cor.fq.gz
    jobid: 59
    wildcards: smp=Duckinfected01
    threads: 20

Submitted job 59 with external jobid '186222.tinmgr2'.
[Sat Apr 11 20:42:51 2020]
Finished job 63.
2 of 67 steps (3%) done

[Sat Apr 11 20:42:51 2020]
rule rcorrector:
    input: /30days/uqakaraw/FASTQDIR_never_DELETE/duck/Duckcontrol03_1.fastq.gz, /30days/uqakaraw/FASTQDIR_never_DELETE/duck/Duckcontrol03_2.fastq.gz, fastqc/Duckcontrol03/Duckcontrol03_1_fastqc.zip, fastqc/Duckcontrol03/Duckcontrol03_2_fastqc.zip
    output: results/rcorrector/Duckcontrol03/Duckcontrol03_1.cor.fq.gz, results/rcorrector/Duckcontrol03/Duckcontrol03_2.cor.fq.gz
    jobid: 57
    wildcards: smp=Duckcontrol03
    threads: 20

Submitted job 57 with external jobid '186223.tinmgr2'.
[Sat Apr 11 20:55:22 2020]
Finished job 61.
3 of 67 steps (4%) done

[Sat Apr 11 20:55:22 2020]
rule rcorrector:
    input: /30days/uqakaraw/FASTQDIR_never_DELETE/duck/duckinfected03_1.fastq.gz, /30days/uqakaraw/FASTQDIR_never_DELETE/duck/duckinfected03_2.fastq.gz, fastqc/duckinfected03/duckinfected03_1_fastqc.zip, fastqc/duckinfected03/duckinfected03_2_fastqc.zip
    output: results/rcorrector/duckinfected03/duckinfected03_1.cor.fq.gz, results/rcorrector/duckinfected03/duckinfected03_2.cor.fq.gz
    jobid: 55
    wildcards: smp=duckinfected03
    threads: 20

Submitted job 55 with external jobid '186224.tinmgr2'.
[Sat Apr 11 20:55:42 2020]
Finished job 64.
4 of 67 steps (6%) done

[Sat Apr 11 20:55:42 2020]
rule rcorrector:
    input: /30days/uqakaraw/FASTQDIR_never_DELETE/duck/DuckControl01_1.fastq.gz, /30days/uqakaraw/FASTQDIR_never_DELETE/duck/DuckControl01_2.fastq.gz, fastqc/DuckControl01/DuckControl01_1_fastqc.zip, fastqc/DuckControl01/DuckControl01_2_fastqc.zip
    output: results/rcorrector/DuckControl01/DuckControl01_1.cor.fq.gz, results/rcorrector/DuckControl01/DuckControl01_2.cor.fq.gz
    jobid: 58
    wildcards: smp=DuckControl01
    threads: 20

Submitted job 58 with external jobid '186225.tinmgr2'.
[Sat Apr 11 20:58:22 2020]
Finished job 66.
5 of 67 steps (7%) done

[Sat Apr 11 20:58:22 2020]
rule rcorrector:
    input: /30days/uqakaraw/FASTQDIR_never_DELETE/duck/Duckcontrol02_1.fastq.gz, /30days/uqakaraw/FASTQDIR_never_DELETE/duck/Duckcontrol02_2.fastq.gz, fastqc/Duckcontrol02/Duckcontrol02_1_fastqc.zip, fastqc/Duckcontrol02/Duckcontrol02_2_fastqc.zip
    output: results/rcorrector/Duckcontrol02/Duckcontrol02_1.cor.fq.gz, results/rcorrector/Duckcontrol02/Duckcontrol02_2.cor.fq.gz
    jobid: 60
    wildcards: smp=Duckcontrol02
    threads: 20

Submitted job 60 with external jobid '186226.tinmgr2'.
[Sat Apr 11 21:01:33 2020]
Finished job 62.
6 of 67 steps (9%) done

[Sat Apr 11 21:01:33 2020]
rule rcorrector:
    input: /30days/uqakaraw/FASTQDIR_never_DELETE/duck/duckinfected02_1.fastq.gz, /30days/uqakaraw/FASTQDIR_never_DELETE/duck/duckinfected02_2.fastq.gz, fastqc/duckinfected02/duckinfected02_1_fastqc.zip, fastqc/duckinfected02/duckinfected02_2_fastqc.zip
    output: results/rcorrector/duckinfected02/duckinfected02_1.cor.fq.gz, results/rcorrector/duckinfected02/duckinfected02_2.cor.fq.gz
    jobid: 56
    wildcards: smp=duckinfected02
    threads: 20

Submitted job 56 with external jobid '186227.tinmgr2'.
Will exit after finishing currently running jobs.
