Building DAG of jobs...
Using shell: /usr/bin/bash
Provided cluster nodes: 6
Job counts:
	count	jobs
	1	all
	6	filter_uncorrected
	6	rcorrector
	6	trimming
	19

[Mon Jun 29 09:17:53 2020]
rule rcorrector:
    input: /30days/uqakaraw/FASTQDIR_never_DELETE/duck/Duckcontrol03_1.fastq.gz, /30days/uqakaraw/FASTQDIR_never_DELETE/duck/Duckcontrol03_2.fastq.gz, fastqc/Duckcontrol03/Duckcontrol03_1_fastqc.zip, fastqc/Duckcontrol03/Duckcontrol03_2_fastqc.zip
    output: results/rcorrector/Duckcontrol03/Duckcontrol03_1.cor.fq.gz, results/rcorrector/Duckcontrol03/Duckcontrol03_2.cor.fq.gz
    jobid: 15
    wildcards: smp=Duckcontrol03
    threads: 20

 run_rcorrector.pl -od results/rcorrector/Duckcontrol03 -t 20 -1 /30days/uqakaraw/FASTQDIR_never_DELETE/duck/Duckcontrol03_1.fastq.gz -2 /30days/uqakaraw/FASTQDIR_never_DELETE/duck/Duckcontrol03_2.fastq.gz 
Submitted job 15 with external jobid '252358.tinmgr2'.

[Mon Jun 29 09:17:54 2020]
rule rcorrector:
    input: /30days/uqakaraw/FASTQDIR_never_DELETE/duck/duckinfected02_1.fastq.gz, /30days/uqakaraw/FASTQDIR_never_DELETE/duck/duckinfected02_2.fastq.gz, fastqc/duckinfected02/duckinfected02_1_fastqc.zip, fastqc/duckinfected02/duckinfected02_2_fastqc.zip
    output: results/rcorrector/duckinfected02/duckinfected02_1.cor.fq.gz, results/rcorrector/duckinfected02/duckinfected02_2.cor.fq.gz
    jobid: 14
    wildcards: smp=duckinfected02
    threads: 20

 run_rcorrector.pl -od results/rcorrector/duckinfected02 -t 20 -1 /30days/uqakaraw/FASTQDIR_never_DELETE/duck/duckinfected02_1.fastq.gz -2 /30days/uqakaraw/FASTQDIR_never_DELETE/duck/duckinfected02_2.fastq.gz 
Submitted job 14 with external jobid '252359.tinmgr2'.

[Mon Jun 29 09:17:54 2020]
rule rcorrector:
    input: /30days/uqakaraw/FASTQDIR_never_DELETE/duck/DuckControl01_1.fastq.gz, /30days/uqakaraw/FASTQDIR_never_DELETE/duck/DuckControl01_2.fastq.gz, fastqc/DuckControl01/DuckControl01_1_fastqc.zip, fastqc/DuckControl01/DuckControl01_2_fastqc.zip
    output: results/rcorrector/DuckControl01/DuckControl01_1.cor.fq.gz, results/rcorrector/DuckControl01/DuckControl01_2.cor.fq.gz
    jobid: 16
    wildcards: smp=DuckControl01
    threads: 20

 run_rcorrector.pl -od results/rcorrector/DuckControl01 -t 20 -1 /30days/uqakaraw/FASTQDIR_never_DELETE/duck/DuckControl01_1.fastq.gz -2 /30days/uqakaraw/FASTQDIR_never_DELETE/duck/DuckControl01_2.fastq.gz 
Submitted job 16 with external jobid '252360.tinmgr2'.

[Mon Jun 29 09:17:54 2020]
rule rcorrector:
    input: /30days/uqakaraw/FASTQDIR_never_DELETE/duck/Duckcontrol02_1.fastq.gz, /30days/uqakaraw/FASTQDIR_never_DELETE/duck/Duckcontrol02_2.fastq.gz, fastqc/Duckcontrol02/Duckcontrol02_1_fastqc.zip, fastqc/Duckcontrol02/Duckcontrol02_2_fastqc.zip
    output: results/rcorrector/Duckcontrol02/Duckcontrol02_1.cor.fq.gz, results/rcorrector/Duckcontrol02/Duckcontrol02_2.cor.fq.gz
    jobid: 18
    wildcards: smp=Duckcontrol02
    threads: 20

 run_rcorrector.pl -od results/rcorrector/Duckcontrol02 -t 20 -1 /30days/uqakaraw/FASTQDIR_never_DELETE/duck/Duckcontrol02_1.fastq.gz -2 /30days/uqakaraw/FASTQDIR_never_DELETE/duck/Duckcontrol02_2.fastq.gz 
Submitted job 18 with external jobid '252361.tinmgr2'.

[Mon Jun 29 09:17:56 2020]
rule rcorrector:
    input: /30days/uqakaraw/FASTQDIR_never_DELETE/duck/Duckinfected01_1.fastq.gz, /30days/uqakaraw/FASTQDIR_never_DELETE/duck/Duckinfected01_2.fastq.gz, fastqc/Duckinfected01/Duckinfected01_1_fastqc.zip, fastqc/Duckinfected01/Duckinfected01_2_fastqc.zip
    output: results/rcorrector/Duckinfected01/Duckinfected01_1.cor.fq.gz, results/rcorrector/Duckinfected01/Duckinfected01_2.cor.fq.gz
    jobid: 17
    wildcards: smp=Duckinfected01
    threads: 20

 run_rcorrector.pl -od results/rcorrector/Duckinfected01 -t 20 -1 /30days/uqakaraw/FASTQDIR_never_DELETE/duck/Duckinfected01_1.fastq.gz -2 /30days/uqakaraw/FASTQDIR_never_DELETE/duck/Duckinfected01_2.fastq.gz 
Submitted job 17 with external jobid '252362.tinmgr2'.

[Mon Jun 29 09:17:56 2020]
rule rcorrector:
    input: /30days/uqakaraw/FASTQDIR_never_DELETE/duck/duckinfected03_1.fastq.gz, /30days/uqakaraw/FASTQDIR_never_DELETE/duck/duckinfected03_2.fastq.gz, fastqc/duckinfected03/duckinfected03_1_fastqc.zip, fastqc/duckinfected03/duckinfected03_2_fastqc.zip
    output: results/rcorrector/duckinfected03/duckinfected03_1.cor.fq.gz, results/rcorrector/duckinfected03/duckinfected03_2.cor.fq.gz
    jobid: 13
    wildcards: smp=duckinfected03
    threads: 20

 run_rcorrector.pl -od results/rcorrector/duckinfected03 -t 20 -1 /30days/uqakaraw/FASTQDIR_never_DELETE/duck/duckinfected03_1.fastq.gz -2 /30days/uqakaraw/FASTQDIR_never_DELETE/duck/duckinfected03_2.fastq.gz 
Submitted job 13 with external jobid '252363.tinmgr2'.
[Mon Jun 29 12:51:46 2020]
Finished job 15.
1 of 19 steps (5%) done

[Mon Jun 29 12:51:46 2020]
rule filter_uncorrected:
    input: results/rcorrector/Duckcontrol03/Duckcontrol03_1.cor.fq.gz, results/rcorrector/Duckcontrol03/Duckcontrol03_2.cor.fq.gz
    output: results/Duckcontrol03_filter/unfixrm_Duckcontrol03_1.cor.fq, results/Duckcontrol03_filter/unfixrm_Duckcontrol03_2.cor.fq
    jobid: 9
    wildcards: smp=Duckcontrol03

 mkdir -p results/Duckcontrol03_filter && FilterUncorrectabledPEfastq.py -1 results/rcorrector/Duckcontrol03/Duckcontrol03_1.cor.fq.gz -2 results/rcorrector/Duckcontrol03/Duckcontrol03_2.cor.fq.gz && mv unfixrm_Duckcontrol03_1.cor.fq unfixrm_Duckcontrol03_2.cor.fq results/Duckcontrol03_filter
Submitted job 9 with external jobid '252447.tinmgr2'.
Removing temporary output file results/rcorrector/Duckcontrol03/Duckcontrol03_2.cor.fq.gz.
Removing temporary output file results/rcorrector/Duckcontrol03/Duckcontrol03_1.cor.fq.gz.
[Mon Jun 29 13:21:48 2020]
Finished job 9.
2 of 19 steps (11%) done

[Mon Jun 29 13:21:48 2020]
Job 3: --- Trimming.

trim_galore --paired --retain_unpaired --phred33 --basename Duckcontrol03 -j 20 --output_dir results/trimmed/Duckcontrol03 --length 36 -q 5 --stringency 1 -e 0.1 results/Duckcontrol03_filter/unfixrm_Duckcontrol03_1.cor.fq results/Duckcontrol03_filter/unfixrm_Duckcontrol03_2.cor.fq > output.out 2>&1
Submitted job 3 with external jobid '252463.tinmgr2'.
Removing temporary output file results/Duckcontrol03_filter/unfixrm_Duckcontrol03_1.cor.fq.
Removing temporary output file results/Duckcontrol03_filter/unfixrm_Duckcontrol03_2.cor.fq.
[Mon Jun 29 13:27:29 2020]
Finished job 3.
3 of 19 steps (16%) done
[Mon Jun 29 13:37:39 2020]
Finished job 14.
4 of 19 steps (21%) done

[Mon Jun 29 13:37:40 2020]
rule filter_uncorrected:
    input: results/rcorrector/duckinfected02/duckinfected02_1.cor.fq.gz, results/rcorrector/duckinfected02/duckinfected02_2.cor.fq.gz
    output: results/duckinfected02_filter/unfixrm_duckinfected02_1.cor.fq, results/duckinfected02_filter/unfixrm_duckinfected02_2.cor.fq
    jobid: 8
    wildcards: smp=duckinfected02

 mkdir -p results/duckinfected02_filter && FilterUncorrectabledPEfastq.py -1 results/rcorrector/duckinfected02/duckinfected02_1.cor.fq.gz -2 results/rcorrector/duckinfected02/duckinfected02_2.cor.fq.gz && mv unfixrm_duckinfected02_1.cor.fq unfixrm_duckinfected02_2.cor.fq results/duckinfected02_filter
Submitted job 8 with external jobid '252466.tinmgr2'.
[Mon Jun 29 13:58:11 2020]
Finished job 13.
5 of 19 steps (26%) done

[Mon Jun 29 13:58:11 2020]
rule filter_uncorrected:
    input: results/rcorrector/duckinfected03/duckinfected03_1.cor.fq.gz, results/rcorrector/duckinfected03/duckinfected03_2.cor.fq.gz
    output: results/duckinfected03_filter/unfixrm_duckinfected03_1.cor.fq, results/duckinfected03_filter/unfixrm_duckinfected03_2.cor.fq
    jobid: 7
    wildcards: smp=duckinfected03

 mkdir -p results/duckinfected03_filter && FilterUncorrectabledPEfastq.py -1 results/rcorrector/duckinfected03/duckinfected03_1.cor.fq.gz -2 results/rcorrector/duckinfected03/duckinfected03_2.cor.fq.gz && mv unfixrm_duckinfected03_1.cor.fq unfixrm_duckinfected03_2.cor.fq results/duckinfected03_filter
Submitted job 7 with external jobid '252470.tinmgr2'.
Removing temporary output file results/rcorrector/duckinfected02/duckinfected02_1.cor.fq.gz.
Removing temporary output file results/rcorrector/duckinfected02/duckinfected02_2.cor.fq.gz.
[Mon Jun 29 14:01:21 2020]
Finished job 8.
6 of 19 steps (32%) done

[Mon Jun 29 14:01:21 2020]
Job 2: --- Trimming.

trim_galore --paired --retain_unpaired --phred33 --basename duckinfected02 -j 20 --output_dir results/trimmed/duckinfected02 --length 36 -q 5 --stringency 1 -e 0.1 results/duckinfected02_filter/unfixrm_duckinfected02_1.cor.fq results/duckinfected02_filter/unfixrm_duckinfected02_2.cor.fq > output.out 2>&1
Submitted job 2 with external jobid '252472.tinmgr2'.
Removing temporary output file results/duckinfected02_filter/unfixrm_duckinfected02_2.cor.fq.
Removing temporary output file results/duckinfected02_filter/unfixrm_duckinfected02_1.cor.fq.
[Mon Jun 29 14:14:42 2020]
Finished job 2.
7 of 19 steps (37%) done
Removing temporary output file results/rcorrector/duckinfected03/duckinfected03_1.cor.fq.gz.
Removing temporary output file results/rcorrector/duckinfected03/duckinfected03_2.cor.fq.gz.
[Mon Jun 29 14:18:42 2020]
Finished job 7.
8 of 19 steps (42%) done

[Mon Jun 29 14:18:42 2020]
Job 1: --- Trimming.

trim_galore --paired --retain_unpaired --phred33 --basename duckinfected03 -j 20 --output_dir results/trimmed/duckinfected03 --length 36 -q 5 --stringency 1 -e 0.1 results/duckinfected03_filter/unfixrm_duckinfected03_1.cor.fq results/duckinfected03_filter/unfixrm_duckinfected03_2.cor.fq > output.out 2>&1
Submitted job 1 with external jobid '252480.tinmgr2'.
[Mon Jun 29 14:21:52 2020]
Finished job 18.
9 of 19 steps (47%) done

[Mon Jun 29 14:21:52 2020]
rule filter_uncorrected:
    input: results/rcorrector/Duckcontrol02/Duckcontrol02_1.cor.fq.gz, results/rcorrector/Duckcontrol02/Duckcontrol02_2.cor.fq.gz
    output: results/Duckcontrol02_filter/unfixrm_Duckcontrol02_1.cor.fq, results/Duckcontrol02_filter/unfixrm_Duckcontrol02_2.cor.fq
    jobid: 12
    wildcards: smp=Duckcontrol02

 mkdir -p results/Duckcontrol02_filter && FilterUncorrectabledPEfastq.py -1 results/rcorrector/Duckcontrol02/Duckcontrol02_1.cor.fq.gz -2 results/rcorrector/Duckcontrol02/Duckcontrol02_2.cor.fq.gz && mv unfixrm_Duckcontrol02_1.cor.fq unfixrm_Duckcontrol02_2.cor.fq results/Duckcontrol02_filter
Submitted job 12 with external jobid '252483.tinmgr2'.
Removing temporary output file results/duckinfected03_filter/unfixrm_duckinfected03_1.cor.fq.
Removing temporary output file results/duckinfected03_filter/unfixrm_duckinfected03_2.cor.fq.
[Mon Jun 29 14:27:13 2020]
Finished job 1.
10 of 19 steps (53%) done
[Mon Jun 29 14:31:13 2020]
Finished job 16.
11 of 19 steps (58%) done

[Mon Jun 29 14:31:13 2020]
rule filter_uncorrected:
    input: results/rcorrector/DuckControl01/DuckControl01_1.cor.fq.gz, results/rcorrector/DuckControl01/DuckControl01_2.cor.fq.gz
    output: results/DuckControl01_filter/unfixrm_DuckControl01_1.cor.fq, results/DuckControl01_filter/unfixrm_DuckControl01_2.cor.fq
    jobid: 10
    wildcards: smp=DuckControl01

 mkdir -p results/DuckControl01_filter && FilterUncorrectabledPEfastq.py -1 results/rcorrector/DuckControl01/DuckControl01_1.cor.fq.gz -2 results/rcorrector/DuckControl01/DuckControl01_2.cor.fq.gz && mv unfixrm_DuckControl01_1.cor.fq unfixrm_DuckControl01_2.cor.fq results/DuckControl01_filter
Submitted job 10 with external jobid '252485.tinmgr2'.
Removing temporary output file results/rcorrector/Duckcontrol02/Duckcontrol02_1.cor.fq.gz.
Removing temporary output file results/rcorrector/Duckcontrol02/Duckcontrol02_2.cor.fq.gz.
[Mon Jun 29 14:42:14 2020]
Finished job 12.
12 of 19 steps (63%) done

[Mon Jun 29 14:42:14 2020]
Job 6: --- Trimming.

trim_galore --paired --retain_unpaired --phred33 --basename Duckcontrol02 -j 20 --output_dir results/trimmed/Duckcontrol02 --length 36 -q 5 --stringency 1 -e 0.1 results/Duckcontrol02_filter/unfixrm_Duckcontrol02_1.cor.fq results/Duckcontrol02_filter/unfixrm_Duckcontrol02_2.cor.fq > output.out 2>&1
Submitted job 6 with external jobid '252489.tinmgr2'.
[Mon Jun 29 14:45:04 2020]
Finished job 17.
13 of 19 steps (68%) done

[Mon Jun 29 14:45:04 2020]
rule filter_uncorrected:
    input: results/rcorrector/Duckinfected01/Duckinfected01_1.cor.fq.gz, results/rcorrector/Duckinfected01/Duckinfected01_2.cor.fq.gz
    output: results/Duckinfected01_filter/unfixrm_Duckinfected01_1.cor.fq, results/Duckinfected01_filter/unfixrm_Duckinfected01_2.cor.fq
    jobid: 11
    wildcards: smp=Duckinfected01

 mkdir -p results/Duckinfected01_filter && FilterUncorrectabledPEfastq.py -1 results/rcorrector/Duckinfected01/Duckinfected01_1.cor.fq.gz -2 results/rcorrector/Duckinfected01/Duckinfected01_2.cor.fq.gz && mv unfixrm_Duckinfected01_1.cor.fq unfixrm_Duckinfected01_2.cor.fq results/Duckinfected01_filter
Submitted job 11 with external jobid '252491.tinmgr2'.
Removing temporary output file results/rcorrector/DuckControl01/DuckControl01_1.cor.fq.gz.
Removing temporary output file results/rcorrector/DuckControl01/DuckControl01_2.cor.fq.gz.
[Mon Jun 29 14:52:05 2020]
Finished job 10.
14 of 19 steps (74%) done

[Mon Jun 29 14:52:05 2020]
Job 4: --- Trimming.

trim_galore --paired --retain_unpaired --phred33 --basename DuckControl01 -j 20 --output_dir results/trimmed/DuckControl01 --length 36 -q 5 --stringency 1 -e 0.1 results/DuckControl01_filter/unfixrm_DuckControl01_1.cor.fq results/DuckControl01_filter/unfixrm_DuckControl01_2.cor.fq > output.out 2>&1
Submitted job 4 with external jobid '252496.tinmgr2'.
Removing temporary output file results/Duckcontrol02_filter/unfixrm_Duckcontrol02_1.cor.fq.
Removing temporary output file results/Duckcontrol02_filter/unfixrm_Duckcontrol02_2.cor.fq.
[Mon Jun 29 15:06:55 2020]
Finished job 6.
15 of 19 steps (79%) done
Removing temporary output file results/DuckControl01_filter/unfixrm_DuckControl01_2.cor.fq.
Removing temporary output file results/DuckControl01_filter/unfixrm_DuckControl01_1.cor.fq.
[Mon Jun 29 15:15:56 2020]
Finished job 4.
16 of 19 steps (84%) done
Removing temporary output file results/rcorrector/Duckinfected01/Duckinfected01_1.cor.fq.gz.
Removing temporary output file results/rcorrector/Duckinfected01/Duckinfected01_2.cor.fq.gz.
[Mon Jun 29 15:22:37 2020]
Finished job 11.
17 of 19 steps (89%) done

[Mon Jun 29 15:22:37 2020]
Job 5: --- Trimming.

trim_galore --paired --retain_unpaired --phred33 --basename Duckinfected01 -j 20 --output_dir results/trimmed/Duckinfected01 --length 36 -q 5 --stringency 1 -e 0.1 results/Duckinfected01_filter/unfixrm_Duckinfected01_1.cor.fq results/Duckinfected01_filter/unfixrm_Duckinfected01_2.cor.fq > output.out 2>&1
Submitted job 5 with external jobid '252509.tinmgr2'.
Removing temporary output file results/Duckinfected01_filter/unfixrm_Duckinfected01_1.cor.fq.
Removing temporary output file results/Duckinfected01_filter/unfixrm_Duckinfected01_2.cor.fq.
[Mon Jun 29 16:10:30 2020]
Finished job 5.
18 of 19 steps (95%) done

[Mon Jun 29 16:10:30 2020]
localrule all:
    input: results/trimmed/duckinfected03/duckinfected03_val_1.fq, results/trimmed/duckinfected02/duckinfected02_val_1.fq, results/trimmed/Duckcontrol03/Duckcontrol03_val_1.fq, results/trimmed/DuckControl01/DuckControl01_val_1.fq, results/trimmed/Duckinfected01/Duckinfected01_val_1.fq, results/trimmed/Duckcontrol02/Duckcontrol02_val_1.fq
    jobid: 0

[Mon Jun 29 16:10:30 2020]
Finished job 0.
19 of 19 steps (100%) done
Complete log: /gpfs1/scratch/30days/uqakaraw/76.RNAseq_Infection/duck/.snakemake/log/2020-06-29T091753.861497.snakemake.log
