Building DAG of jobs...
Using shell: /usr/bin/bash
Provided cluster nodes: 6
Job counts:
	count	jobs
	1	all
	2	fastqc2
	6	htseq
	4	rmbadreads
	5	star
	6	stringtie01
	6	stringtie02
	6	stringtie_merge
	36

[Sat Apr 11 16:38:47 2020]
rule htseq:
    input: results/STAR_bam/Duckcontrol02Aligned.sortedByCoord.out.bam, /30days/uqakaraw/duck/duck.gtf
    output: Duckcontrol02.txt, Duckcontrol02.err
    jobid: 48
    wildcards: smp=Duckcontrol02

Submitted job 48 with external jobid '186156.tinmgr2'.

[Sat Apr 11 16:38:48 2020]
rule star:
    input: rmoverrep_Duckinfected01_val_1.fq, rmoverrep_Duckinfected01_val_2.fq
    output: results/STAR_bam/Duckinfected01Aligned.sortedByCoord.out.bam
    jobid: 15
    wildcards: smp=Duckinfected01
    threads: 10

Submitted job 15 with external jobid '186157.tinmgr2'.

[Sat Apr 11 16:38:48 2020]
Job 34: --- Quality check of raw data with Fastqc

Submitted job 34 with external jobid '186158.tinmgr2'.

[Sat Apr 11 16:38:48 2020]
rule rmbadreads:
    input: results/fastqc/Duckcontrol03/Duckcontrol03_val_1_fastqc/fastqc_data.txt, results/fastqc/Duckcontrol03/Duckcontrol03_val_2_fastqc/fastqc_data.txt, fastq_files/trimmed/Duckcontrol03/Duckcontrol03_val_1.fq, fastq_files/trimmed/Duckcontrol03/Duckcontrol03_val_2.fq
    output: rmoverrep_Duckcontrol03_val_1.fq, rmoverrep_Duckcontrol03_val_2.fq
    jobid: 23
    wildcards: smp=Duckcontrol03

Submitted job 23 with external jobid '186159.tinmgr2'.

[Sat Apr 11 16:38:48 2020]
rule rmbadreads:
    input: results/fastqc/duckinfected03/duckinfected03_val_1_fastqc/fastqc_data.txt, results/fastqc/duckinfected03/duckinfected03_val_2_fastqc/fastqc_data.txt, fastq_files/trimmed/duckinfected03/duckinfected03_val_1.fq, fastq_files/trimmed/duckinfected03/duckinfected03_val_2.fq
    output: rmoverrep_duckinfected03_val_1.fq, rmoverrep_duckinfected03_val_2.fq
    jobid: 19
    wildcards: smp=duckinfected03

Submitted job 19 with external jobid '186160.tinmgr2'.

[Sat Apr 11 16:38:48 2020]
Job 40: --- Quality check of raw data with Fastqc

Submitted job 40 with external jobid '186161.tinmgr2'.
Removing temporary output file results/fastqc/Duckcontrol03/Duckcontrol03_val_2_fastqc/fastqc_data.txt.
Removing temporary output file results/fastqc/Duckcontrol03/Duckcontrol03_val_1_fastqc/fastqc_data.txt.
[Sat Apr 11 16:45:38 2020]
Finished job 23.
1 of 36 steps (3%) done

[Sat Apr 11 16:45:38 2020]
rule star:
    input: rmoverrep_Duckcontrol03_val_1.fq, rmoverrep_Duckcontrol03_val_2.fq
    output: results/STAR_bam/Duckcontrol03Aligned.sortedByCoord.out.bam
    jobid: 11
    wildcards: smp=Duckcontrol03
    threads: 10

Submitted job 11 with external jobid '186163.tinmgr2'.
[Sat Apr 11 16:52:18 2020]
Finished job 34.
2 of 36 steps (6%) done

[Sat Apr 11 16:52:18 2020]
rule rmbadreads:
    input: results/fastqc/duckinfected02/duckinfected02_val_1_fastqc/fastqc_data.txt, results/fastqc/duckinfected02/duckinfected02_val_2_fastqc/fastqc_data.txt, fastq_files/trimmed/duckinfected02/duckinfected02_val_1.fq, fastq_files/trimmed/duckinfected02/duckinfected02_val_2.fq
    output: rmoverrep_duckinfected02_val_1.fq, rmoverrep_duckinfected02_val_2.fq
    jobid: 21
    wildcards: smp=duckinfected02

Submitted job 21 with external jobid '186165.tinmgr2'.
Removing temporary output file results/fastqc/duckinfected03/duckinfected03_val_1_fastqc/fastqc_data.txt.
Removing temporary output file results/fastqc/duckinfected03/duckinfected03_val_2_fastqc/fastqc_data.txt.
[Sat Apr 11 16:52:29 2020]
Finished job 19.
3 of 36 steps (8%) done

[Sat Apr 11 16:52:29 2020]
rule star:
    input: rmoverrep_duckinfected03_val_1.fq, rmoverrep_duckinfected03_val_2.fq
    output: results/STAR_bam/duckinfected03Aligned.sortedByCoord.out.bam
    jobid: 7
    wildcards: smp=duckinfected03
    threads: 10

Submitted job 7 with external jobid '186166.tinmgr2'.
Removing temporary output file results/fastqc/duckinfected02/duckinfected02_val_2_fastqc/fastqc_data.txt.
Removing temporary output file results/fastqc/duckinfected02/duckinfected02_val_1_fastqc/fastqc_data.txt.
[Sat Apr 11 17:00:29 2020]
Finished job 21.
4 of 36 steps (11%) done

[Sat Apr 11 17:00:29 2020]
rule star:
    input: rmoverrep_duckinfected02_val_1.fq, rmoverrep_duckinfected02_val_2.fq
    output: results/STAR_bam/duckinfected02Aligned.sortedByCoord.out.bam
    jobid: 9
    wildcards: smp=duckinfected02
    threads: 10

Submitted job 9 with external jobid '186169.tinmgr2'.
[Sat Apr 11 17:09:40 2020]
Finished job 48.
5 of 36 steps (14%) done

[Sat Apr 11 17:09:40 2020]
Job 30: --- Diffrential Gene Expression Analysis with Stringtie step 01

Submitted job 30 with external jobid '186170.tinmgr2'.
[Sat Apr 11 17:21:30 2020]
Finished job 40.
6 of 36 steps (17%) done

[Sat Apr 11 17:21:30 2020]
rule rmbadreads:
    input: results/fastqc/DuckControl01/DuckControl01_val_1_fastqc/fastqc_data.txt, results/fastqc/DuckControl01/DuckControl01_val_2_fastqc/fastqc_data.txt, fastq_files/trimmed/DuckControl01/DuckControl01_val_1.fq, fastq_files/trimmed/DuckControl01/DuckControl01_val_2.fq
    output: rmoverrep_DuckControl01_val_1.fq, rmoverrep_DuckControl01_val_2.fq
    jobid: 25
    wildcards: smp=DuckControl01

Submitted job 25 with external jobid '186171.tinmgr2'.
[Sat Apr 11 17:23:51 2020]
Finished job 30.
7 of 36 steps (19%) done

[Sat Apr 11 17:23:51 2020]
rule stringtie_merge:
    input: results/Duckcontrol02.list, /30days/uqakaraw/duck/duck.gtf
    output: Duckcontrol02_merged.gtf
    jobid: 18
    wildcards: smp=Duckcontrol02

Submitted job 18 with external jobid '186172.tinmgr2'.
Removing temporary output file results/fastqc/DuckControl01/DuckControl01_val_1_fastqc/fastqc_data.txt.
Removing temporary output file results/fastqc/DuckControl01/DuckControl01_val_2_fastqc/fastqc_data.txt.
[Sat Apr 11 17:31:51 2020]
Finished job 25.
8 of 36 steps (22%) done

[Sat Apr 11 17:31:51 2020]
rule star:
    input: rmoverrep_DuckControl01_val_1.fq, rmoverrep_DuckControl01_val_2.fq
    output: results/STAR_bam/DuckControl01Aligned.sortedByCoord.out.bam
    jobid: 13
    wildcards: smp=DuckControl01
    threads: 10

Submitted job 13 with external jobid '186173.tinmgr2'.
Removing temporary output file results/Duckcontrol02.list.
[Sat Apr 11 17:32:22 2020]
Finished job 18.
9 of 36 steps (25%) done

[Sat Apr 11 17:32:22 2020]
Job 6: --- Diffrential Gene Expression Analysis with Stringtie step 02

Submitted job 6 with external jobid '186174.tinmgr2'.
[Sat Apr 11 17:44:42 2020]
Finished job 15.
10 of 36 steps (28%) done

[Sat Apr 11 17:44:42 2020]
rule htseq:
    input: results/STAR_bam/Duckinfected01Aligned.sortedByCoord.out.bam, /30days/uqakaraw/duck/duck.gtf
    output: Duckinfected01.txt, Duckinfected01.err
    jobid: 45
    wildcards: smp=Duckinfected01

Submitted job 45 with external jobid '186178.tinmgr2'.
[Sat Apr 11 17:46:53 2020]
Finished job 6.
11 of 36 steps (31%) done
[Sat Apr 11 17:56:03 2020]
Finished job 11.
12 of 36 steps (33%) done

[Sat Apr 11 17:56:03 2020]
rule htseq:
    input: results/STAR_bam/Duckcontrol03Aligned.sortedByCoord.out.bam, /30days/uqakaraw/duck/duck.gtf
    output: Duckcontrol03.txt, Duckcontrol03.err
    jobid: 39
    wildcards: smp=Duckcontrol03

Submitted job 39 with external jobid '186183.tinmgr2'.
[Sat Apr 11 17:57:54 2020]
Finished job 45.
13 of 36 steps (36%) done

[Sat Apr 11 17:57:54 2020]
Job 28: --- Diffrential Gene Expression Analysis with Stringtie step 01

Submitted job 28 with external jobid '186185.tinmgr2'.
[Sat Apr 11 17:59:04 2020]
Finished job 28.
14 of 36 steps (39%) done

[Sat Apr 11 17:59:04 2020]
rule stringtie_merge:
    input: results/Duckinfected01.list, /30days/uqakaraw/duck/duck.gtf
    output: Duckinfected01_merged.gtf
    jobid: 16
    wildcards: smp=Duckinfected01

Submitted job 16 with external jobid '186186.tinmgr2'.
Removing temporary output file results/Duckinfected01.list.
[Sat Apr 11 17:59:34 2020]
Finished job 16.
15 of 36 steps (42%) done

[Sat Apr 11 17:59:34 2020]
Job 5: --- Diffrential Gene Expression Analysis with Stringtie step 02

Submitted job 5 with external jobid '186187.tinmgr2'.
[Sat Apr 11 18:00:24 2020]
Finished job 5.
16 of 36 steps (44%) done
[Sat Apr 11 18:13:35 2020]
Finished job 7.
17 of 36 steps (47%) done

[Sat Apr 11 18:13:35 2020]
rule htseq:
    input: results/STAR_bam/duckinfected03Aligned.sortedByCoord.out.bam, /30days/uqakaraw/duck/duck.gtf
    output: duckinfected03.txt, duckinfected03.err
    jobid: 33
    wildcards: smp=duckinfected03

Submitted job 33 with external jobid '186191.tinmgr2'.
[Sat Apr 11 18:25:26 2020]
Finished job 33.
18 of 36 steps (50%) done

[Sat Apr 11 18:25:26 2020]
Job 20: --- Diffrential Gene Expression Analysis with Stringtie step 01

Submitted job 20 with external jobid '186194.tinmgr2'.
[Sat Apr 11 18:26:46 2020]
Finished job 20.
19 of 36 steps (53%) done

[Sat Apr 11 18:26:46 2020]
rule stringtie_merge:
    input: results/duckinfected03.list, /30days/uqakaraw/duck/duck.gtf
    output: duckinfected03_merged.gtf
    jobid: 8
    wildcards: smp=duckinfected03

Submitted job 8 with external jobid '186195.tinmgr2'.
Removing temporary output file results/duckinfected03.list.
[Sat Apr 11 18:27:06 2020]
Finished job 8.
20 of 36 steps (56%) done

[Sat Apr 11 18:27:06 2020]
Job 1: --- Diffrential Gene Expression Analysis with Stringtie step 02

Submitted job 1 with external jobid '186196.tinmgr2'.
[Sat Apr 11 18:28:06 2020]
Finished job 39.
21 of 36 steps (58%) done
[Sat Apr 11 18:28:06 2020]
Finished job 1.
22 of 36 steps (61%) done

[Sat Apr 11 18:28:06 2020]
Job 24: --- Diffrential Gene Expression Analysis with Stringtie step 01

Submitted job 24 with external jobid '186197.tinmgr2'.
[Sat Apr 11 18:30:37 2020]
Finished job 24.
23 of 36 steps (64%) done

[Sat Apr 11 18:30:37 2020]
rule stringtie_merge:
    input: results/Duckcontrol03.list, /30days/uqakaraw/duck/duck.gtf
    output: Duckcontrol03_merged.gtf
    jobid: 12
    wildcards: smp=Duckcontrol03

Submitted job 12 with external jobid '186198.tinmgr2'.
Removing temporary output file results/Duckcontrol03.list.
[Sat Apr 11 18:31:17 2020]
Finished job 12.
24 of 36 steps (67%) done

[Sat Apr 11 18:31:17 2020]
Job 3: --- Diffrential Gene Expression Analysis with Stringtie step 02

Submitted job 3 with external jobid '186199.tinmgr2'.
[Sat Apr 11 18:33:18 2020]
Finished job 3.
25 of 36 steps (69%) done
[Sat Apr 11 18:34:58 2020]
Finished job 9.
26 of 36 steps (72%) done

[Sat Apr 11 18:34:59 2020]
rule htseq:
    input: results/STAR_bam/duckinfected02Aligned.sortedByCoord.out.bam, /30days/uqakaraw/duck/duck.gtf
    output: duckinfected02.txt, duckinfected02.err
    jobid: 36
    wildcards: smp=duckinfected02

Submitted job 36 with external jobid '186200.tinmgr2'.
[Sat Apr 11 18:41:49 2020]
Finished job 13.
27 of 36 steps (75%) done

[Sat Apr 11 18:41:49 2020]
rule htseq:
    input: results/STAR_bam/DuckControl01Aligned.sortedByCoord.out.bam, /30days/uqakaraw/duck/duck.gtf
    output: DuckControl01.txt, DuckControl01.err
    jobid: 42
    wildcards: smp=DuckControl01

Submitted job 42 with external jobid '186203.tinmgr2'.
[Sat Apr 11 18:48:10 2020]
Finished job 36.
28 of 36 steps (78%) done

[Sat Apr 11 18:48:10 2020]
Job 22: --- Diffrential Gene Expression Analysis with Stringtie step 01

Submitted job 22 with external jobid '186204.tinmgr2'.
[Sat Apr 11 18:49:20 2020]
Finished job 22.
29 of 36 steps (81%) done

[Sat Apr 11 18:49:20 2020]
rule stringtie_merge:
    input: results/duckinfected02.list, /30days/uqakaraw/duck/duck.gtf
    output: duckinfected02_merged.gtf
    jobid: 10
    wildcards: smp=duckinfected02

Submitted job 10 with external jobid '186205.tinmgr2'.
Removing temporary output file results/duckinfected02.list.
[Sat Apr 11 18:49:41 2020]
Finished job 10.
30 of 36 steps (83%) done

[Sat Apr 11 18:49:41 2020]
Job 2: --- Diffrential Gene Expression Analysis with Stringtie step 02

Submitted job 2 with external jobid '186206.tinmgr2'.
[Sat Apr 11 18:50:41 2020]
Finished job 2.
31 of 36 steps (86%) done
[Sat Apr 11 19:17:42 2020]
Finished job 42.
32 of 36 steps (89%) done

[Sat Apr 11 19:17:42 2020]
Job 26: --- Diffrential Gene Expression Analysis with Stringtie step 01

Submitted job 26 with external jobid '186207.tinmgr2'.
[Sat Apr 11 19:20:13 2020]
Finished job 26.
33 of 36 steps (92%) done

[Sat Apr 11 19:20:13 2020]
rule stringtie_merge:
    input: results/DuckControl01.list, /30days/uqakaraw/duck/duck.gtf
    output: DuckControl01_merged.gtf
    jobid: 14
    wildcards: smp=DuckControl01

Submitted job 14 with external jobid '186208.tinmgr2'.
Removing temporary output file results/DuckControl01.list.
[Sat Apr 11 19:20:43 2020]
Finished job 14.
34 of 36 steps (94%) done

[Sat Apr 11 19:20:43 2020]
Job 4: --- Diffrential Gene Expression Analysis with Stringtie step 02

Submitted job 4 with external jobid '186209.tinmgr2'.
[Sat Apr 11 19:22:53 2020]
Finished job 4.
35 of 36 steps (97%) done

[Sat Apr 11 19:22:53 2020]
localrule all:
    input: results/duckinfected03.gtf, results/duckinfected02.gtf, results/Duckcontrol03.gtf, results/DuckControl01.gtf, results/Duckinfected01.gtf, results/Duckcontrol02.gtf
    jobid: 0

[Sat Apr 11 19:22:54 2020]
Finished job 0.
36 of 36 steps (100%) done
Complete log: /gpfs1/scratch/30days/uqakaraw/76.RNAseq_Infection/duck/.snakemake/log/2020-04-11T163847.762628.snakemake.log
