Building DAG of jobs...
Using shell: /bin/bash
Provided cores: 24
Rules claiming more threads will be scaled down.
Job counts:
	count	jobs
	1	all
	2	fastqc2
	1	filter_uncorrected
	2	rmbadreads
	2	star
	2	trimming
	10

[Fri Sep 25 08:39:48 2020]
rule filter_uncorrected:
    input: results/rcorrector/Duckcontrol02/Duckcontrol02_1.cor.fq.gz, results/rcorrector/Duckcontrol02/Duckcontrol02_2.cor.fq.gz
    output: results/Duckcontrol02_filter/unfixrm_Duckcontrol02_1.cor.fq, results/Duckcontrol02_filter/unfixrm_Duckcontrol02_2.cor.fq
    jobid: 15
    wildcards: smp=Duckcontrol02

 mkdir -p results/Duckcontrol02_filter && FilterUncorrectabledPEfastq.py -1 results/rcorrector/Duckcontrol02/Duckcontrol02_1.cor.fq.gz -2 results/rcorrector/Duckcontrol02/Duckcontrol02_2.cor.fq.gz && mv unfixrm_Duckcontrol02_1.cor.fq unfixrm_Duckcontrol02_2.cor.fq results/Duckcontrol02_filter

[Fri Sep 25 08:39:48 2020]
Job 8: --- Trimming.

trim_galore --paired --retain_unpaired --phred33 --basename Duckcontrol03 -j 20 --output_dir results/trimmed/Duckcontrol03 --length 36 -q 5 --stringency 1 -e 0.1 results/Duckcontrol03_filter/unfixrm_Duckcontrol03_1.cor.fq results/Duckcontrol03_filter/unfixrm_Duckcontrol03_2.cor.fq > output.out 2>&1
Activating conda environment: /30days/uqakaraw/snakemake_envs/f868301f
Terminating processes on user request, this might take some time.
[Fri Sep 25 08:41:08 2020]
Error in rule filter_uncorrected:
    jobid: 15
    output: results/Duckcontrol02_filter/unfixrm_Duckcontrol02_1.cor.fq, results/Duckcontrol02_filter/unfixrm_Duckcontrol02_2.cor.fq
    shell:
         mkdir -p results/Duckcontrol02_filter && FilterUncorrectabledPEfastq.py -1 results/rcorrector/Duckcontrol02/Duckcontrol02_1.cor.fq.gz -2 results/rcorrector/Duckcontrol02/Duckcontrol02_2.cor.fq.gz && mv unfixrm_Duckcontrol02_1.cor.fq unfixrm_Duckcontrol02_2.cor.fq results/Duckcontrol02_filter
        (one of the commands exited with non-zero exit code; note that snakemake uses bash strict mode!)

[Fri Sep 25 08:41:12 2020]
Error in rule trimming:
    jobid: 8
    output: results/trimmed/Duckcontrol03/Duckcontrol03_val_1.fq, results/trimmed/Duckcontrol03/Duckcontrol03_val_2.fq
    conda-env: /30days/uqakaraw/snakemake_envs/f868301f
    shell:
        trim_galore --paired --retain_unpaired --phred33 --basename Duckcontrol03 -j 20 --output_dir results/trimmed/Duckcontrol03 --length 36 -q 5 --stringency 1 -e 0.1 results/Duckcontrol03_filter/unfixrm_Duckcontrol03_1.cor.fq results/Duckcontrol03_filter/unfixrm_Duckcontrol03_2.cor.fq > output.out 2>&1
        (one of the commands exited with non-zero exit code; note that snakemake uses bash strict mode!)

Complete log: /gpfs1/scratch/30days/uqakaraw/76.RNAseq_Infection/duck/.snakemake/log/2020-09-25T083947.148346.snakemake.log
